[2018-07-21 11:10:06.517 GMT     1	INFO   	100000	AssemblyLoader.Client	]	Recursively searching for assemblies in C:\_git\dev\piraeus_0.9.0_prerelease\src\Gateways\TcpUdpGateway\TcpUdpGateway\bin\Debug...	
[2018-07-21 11:10:06.603 GMT     1	INFO   	100000	AssemblyLoader.Client	]	C:\_git\dev\piraeus_0.9.0_prerelease\src\Gateways\TcpUdpGateway\TcpUdpGateway\bin\Debug\DocumentDB.Spatial.Sql.dll is not compatible with current process, loading is skipped.	
[2018-07-21 11:10:06.672 GMT     1	INFO   	100000	AssemblyLoader.Client	]	C:\_git\dev\piraeus_0.9.0_prerelease\src\Gateways\TcpUdpGateway\TcpUdpGateway\bin\Debug\Microsoft.Azure.Documents.ServiceInterop.dll is not compatible with current process, loading is skipped.	
[2018-07-21 11:10:07.849 GMT     1	INFO   	100000	AssemblyLoader.Client	]	User assembly ignored: C:\_git\dev\piraeus_0.9.0_prerelease\src\Gateways\TcpUdpGateway\TcpUdpGateway\bin\Debug\BouncyCastle.Crypto.dll
	* Assembly contains no types assignable from Orleans.Providers.IProvider.	
[2018-07-21 11:10:07.860 GMT     1	INFO   	100000	AssemblyLoader.Client	]	User assembly ignored: C:\_git\dev\piraeus_0.9.0_prerelease\src\Gateways\TcpUdpGateway\TcpUdpGateway\bin\Debug\Capl.dll
	* Assembly contains no types assignable from Orleans.Providers.IProvider.	
[2018-07-21 11:10:07.861 GMT     1	INFO   	100000	AssemblyLoader.Client	]	User assembly ignored: C:\_git\dev\piraeus_0.9.0_prerelease\src\Gateways\TcpUdpGateway\TcpUdpGateway\bin\Debug\DocumentDB.Spatial.Sql.dll
	* The file C:\_git\dev\piraeus_0.9.0_prerelease\src\Gateways\TcpUdpGateway\TcpUdpGateway\bin\Debug\DocumentDB.Spatial.Sql.dll does not contain any CLR metadata, probably it is a native file.	
[2018-07-21 11:10:07.878 GMT     1	INFO   	100000	AssemblyLoader.Client	]	User assembly ignored: C:\_git\dev\piraeus_0.9.0_prerelease\src\Gateways\TcpUdpGateway\TcpUdpGateway\bin\Debug\DotNetty.Buffers.dll
	* Assembly contains no types assignable from Orleans.Providers.IProvider.	
[2018-07-21 11:10:07.900 GMT     1	INFO   	100000	AssemblyLoader.Client	]	User assembly ignored: C:\_git\dev\piraeus_0.9.0_prerelease\src\Gateways\TcpUdpGateway\TcpUdpGateway\bin\Debug\DotNetty.Codecs.dll
	* Assembly contains no types assignable from Orleans.Providers.IProvider.	
[2018-07-21 11:10:07.905 GMT     1	INFO   	100000	AssemblyLoader.Client	]	User assembly ignored: C:\_git\dev\piraeus_0.9.0_prerelease\src\Gateways\TcpUdpGateway\TcpUdpGateway\bin\Debug\DotNetty.Codecs.Mqtt.dll
	* Assembly contains no types assignable from Orleans.Providers.IProvider.	
[2018-07-21 11:10:07.926 GMT     1	INFO   	100000	AssemblyLoader.Client	]	User assembly ignored: C:\_git\dev\piraeus_0.9.0_prerelease\src\Gateways\TcpUdpGateway\TcpUdpGateway\bin\Debug\DotNetty.Common.dll
	* Assembly contains no types assignable from Orleans.Providers.IProvider.	
[2018-07-21 11:10:07.932 GMT     1	INFO   	100000	AssemblyLoader.Client	]	User assembly ignored: C:\_git\dev\piraeus_0.9.0_prerelease\src\Gateways\TcpUdpGateway\TcpUdpGateway\bin\Debug\DotNetty.Handlers.dll
	* Assembly contains no types assignable from Orleans.Providers.IProvider.	
[2018-07-21 11:10:07.947 GMT     1	INFO   	100000	AssemblyLoader.Client	]	User assembly ignored: C:\_git\dev\piraeus_0.9.0_prerelease\src\Gateways\TcpUdpGateway\TcpUdpGateway\bin\Debug\DotNetty.Transport.dll
	* Assembly contains no types assignable from Orleans.Providers.IProvider.	
[2018-07-21 11:10:07.975 GMT     1	INFO   	100000	AssemblyLoader.Client	]	User assembly ignored: C:\_git\dev\piraeus_0.9.0_prerelease\src\Gateways\TcpUdpGateway\TcpUdpGateway\bin\Debug\Microsoft.Azure.Amqp.dll
	* Assembly contains no types assignable from Orleans.Providers.IProvider.	
[2018-07-21 11:10:07.987 GMT     1	INFO   	100000	AssemblyLoader.Client	]	User assembly ignored: C:\_git\dev\piraeus_0.9.0_prerelease\src\Gateways\TcpUdpGateway\TcpUdpGateway\bin\Debug\Microsoft.Azure.DataLake.Store.dll
	* Assembly contains no types assignable from Orleans.Providers.IProvider.	
[2018-07-21 11:10:08.034 GMT     1	INFO   	100000	AssemblyLoader.Client	]	User assembly ignored: C:\_git\dev\piraeus_0.9.0_prerelease\src\Gateways\TcpUdpGateway\TcpUdpGateway\bin\Debug\Microsoft.Azure.Devices.Client.dll
	* Assembly contains no types assignable from Orleans.Providers.IProvider.	
[2018-07-21 11:10:08.064 GMT     1	INFO   	100000	AssemblyLoader.Client	]	User assembly ignored: C:\_git\dev\piraeus_0.9.0_prerelease\src\Gateways\TcpUdpGateway\TcpUdpGateway\bin\Debug\Microsoft.Azure.Devices.dll
	* Assembly contains no types assignable from Orleans.Providers.IProvider.	
[2018-07-21 11:10:08.079 GMT     1	INFO   	100000	AssemblyLoader.Client	]	User assembly ignored: C:\_git\dev\piraeus_0.9.0_prerelease\src\Gateways\TcpUdpGateway\TcpUdpGateway\bin\Debug\Microsoft.Azure.Devices.Shared.dll
	* Assembly contains no types assignable from Orleans.Providers.IProvider.	
[2018-07-21 11:10:08.191 GMT     1	INFO   	100000	AssemblyLoader.Client	]	User assembly ignored: C:\_git\dev\piraeus_0.9.0_prerelease\src\Gateways\TcpUdpGateway\TcpUdpGateway\bin\Debug\Microsoft.Azure.Documents.Client.dll
	* Assembly contains no types assignable from Orleans.Providers.IProvider.	
[2018-07-21 11:10:08.194 GMT     1	INFO   	100000	AssemblyLoader.Client	]	User assembly ignored: C:\_git\dev\piraeus_0.9.0_prerelease\src\Gateways\TcpUdpGateway\TcpUdpGateway\bin\Debug\Microsoft.Azure.Documents.ServiceInterop.dll
	* The file C:\_git\dev\piraeus_0.9.0_prerelease\src\Gateways\TcpUdpGateway\TcpUdpGateway\bin\Debug\Microsoft.Azure.Documents.ServiceInterop.dll does not contain any CLR metadata, probably it is a native file.	
[2018-07-21 11:10:08.199 GMT     1	INFO   	100000	AssemblyLoader.Client	]	User assembly ignored: C:\_git\dev\piraeus_0.9.0_prerelease\src\Gateways\TcpUdpGateway\TcpUdpGateway\bin\Debug\Microsoft.Azure.EventGrid.dll
	* Assembly contains no types assignable from Orleans.Providers.IProvider.	
[2018-07-21 11:10:08.204 GMT     1	INFO   	100000	AssemblyLoader.Client	]	User assembly ignored: C:\_git\dev\piraeus_0.9.0_prerelease\src\Gateways\TcpUdpGateway\TcpUdpGateway\bin\Debug\Microsoft.Azure.KeyVault.Core.dll
	* Assembly contains no types assignable from Orleans.Providers.IProvider.	
[2018-07-21 11:10:08.208 GMT     1	INFO   	100000	AssemblyLoader.Client	]	User assembly ignored: C:\_git\dev\piraeus_0.9.0_prerelease\src\Gateways\TcpUdpGateway\TcpUdpGateway\bin\Debug\Microsoft.Azure.KeyVault.Cryptography.dll
	* Assembly contains no types assignable from Orleans.Providers.IProvider.	
[2018-07-21 11:10:08.238 GMT     1	INFO   	100000	AssemblyLoader.Client	]	User assembly ignored: C:\_git\dev\piraeus_0.9.0_prerelease\src\Gateways\TcpUdpGateway\TcpUdpGateway\bin\Debug\Microsoft.Azure.KeyVault.dll
	* Assembly contains no types assignable from Orleans.Providers.IProvider.	
[2018-07-21 11:10:08.243 GMT     1	INFO   	100000	AssemblyLoader.Client	]	User assembly ignored: C:\_git\dev\piraeus_0.9.0_prerelease\src\Gateways\TcpUdpGateway\TcpUdpGateway\bin\Debug\Microsoft.Azure.KeyVault.Extensions.dll
	* Assembly contains no types assignable from Orleans.Providers.IProvider.	
[2018-07-21 11:10:08.246 GMT     1	INFO   	100000	AssemblyLoader.Client	]	User assembly ignored: C:\_git\dev\piraeus_0.9.0_prerelease\src\Gateways\TcpUdpGateway\TcpUdpGateway\bin\Debug\Microsoft.Azure.KeyVault.WebKey.dll
	* Assembly contains no types assignable from Orleans.Providers.IProvider.	
[2018-07-21 11:10:08.754 GMT     1	INFO   	100000	AssemblyLoader.Client	]	User assembly ignored: C:\_git\dev\piraeus_0.9.0_prerelease\src\Gateways\TcpUdpGateway\TcpUdpGateway\bin\Debug\Microsoft.CodeAnalysis.CSharp.dll
	* Assembly contains no types assignable from Orleans.Providers.IProvider.	
[2018-07-21 11:10:08.986 GMT     1	INFO   	100000	AssemblyLoader.Client	]	User assembly ignored: C:\_git\dev\piraeus_0.9.0_prerelease\src\Gateways\TcpUdpGateway\TcpUdpGateway\bin\Debug\Microsoft.CodeAnalysis.dll
	* Assembly contains no types assignable from Orleans.Providers.IProvider.	
[2018-07-21 11:10:09.022 GMT     1	INFO   	100000	AssemblyLoader.Client	]	User assembly ignored: C:\_git\dev\piraeus_0.9.0_prerelease\src\Gateways\TcpUdpGateway\TcpUdpGateway\bin\Debug\Microsoft.Data.Edm.dll
	* Assembly contains no types assignable from Orleans.Providers.IProvider.	
[2018-07-21 11:10:09.065 GMT     1	INFO   	100000	AssemblyLoader.Client	]	User assembly ignored: C:\_git\dev\piraeus_0.9.0_prerelease\src\Gateways\TcpUdpGateway\TcpUdpGateway\bin\Debug\Microsoft.Data.OData.dll
	* Assembly contains no types assignable from Orleans.Providers.IProvider.	
[2018-07-21 11:10:09.089 GMT     1	INFO   	100000	AssemblyLoader.Client	]	User assembly ignored: C:\_git\dev\piraeus_0.9.0_prerelease\src\Gateways\TcpUdpGateway\TcpUdpGateway\bin\Debug\Microsoft.Data.Services.Client.dll
	* Assembly contains no types assignable from Orleans.Providers.IProvider.	
[2018-07-21 11:10:09.094 GMT     1	INFO   	100000	AssemblyLoader.Client	]	User assembly ignored: C:\_git\dev\piraeus_0.9.0_prerelease\src\Gateways\TcpUdpGateway\TcpUdpGateway\bin\Debug\Microsoft.Extensions.DependencyInjection.Abstractions.dll
	* Assembly contains no types assignable from Orleans.Providers.IProvider.	
[2018-07-21 11:10:09.131 GMT     1	INFO   	100000	AssemblyLoader.Client	]	User assembly ignored: C:\_git\dev\piraeus_0.9.0_prerelease\src\Gateways\TcpUdpGateway\TcpUdpGateway\bin\Debug\Microsoft.Extensions.DependencyInjection.dll
	* Assembly contains no types assignable from Orleans.Providers.IProvider.	
[2018-07-21 11:10:09.137 GMT     1	INFO   	100000	AssemblyLoader.Client	]	User assembly ignored: C:\_git\dev\piraeus_0.9.0_prerelease\src\Gateways\TcpUdpGateway\TcpUdpGateway\bin\Debug\Microsoft.Extensions.Logging.Abstractions.dll
	* Assembly contains no types assignable from Orleans.Providers.IProvider.	
[2018-07-21 11:10:09.140 GMT     1	INFO   	100000	AssemblyLoader.Client	]	User assembly ignored: C:\_git\dev\piraeus_0.9.0_prerelease\src\Gateways\TcpUdpGateway\TcpUdpGateway\bin\Debug\Microsoft.Extensions.Logging.dll
	* Assembly contains no types assignable from Orleans.Providers.IProvider.	
[2018-07-21 11:10:09.189 GMT     1	INFO   	100000	AssemblyLoader.Client	]	User assembly ignored: C:\_git\dev\piraeus_0.9.0_prerelease\src\Gateways\TcpUdpGateway\TcpUdpGateway\bin\Debug\Microsoft.IdentityModel.Clients.ActiveDirectory.dll
	* Assembly contains no types assignable from Orleans.Providers.IProvider.	
[2018-07-21 11:10:09.193 GMT     1	INFO   	100000	AssemblyLoader.Client	]	User assembly ignored: C:\_git\dev\piraeus_0.9.0_prerelease\src\Gateways\TcpUdpGateway\TcpUdpGateway\bin\Debug\Microsoft.IdentityModel.Logging.dll
	* Assembly contains no types assignable from Orleans.Providers.IProvider.	
[2018-07-21 11:10:09.197 GMT     1	INFO   	100000	AssemblyLoader.Client	]	User assembly ignored: C:\_git\dev\piraeus_0.9.0_prerelease\src\Gateways\TcpUdpGateway\TcpUdpGateway\bin\Debug\Microsoft.IdentityModel.Tokens.dll
	* Assembly contains no types assignable from Orleans.Providers.IProvider.	
[2018-07-21 11:10:09.209 GMT     1	INFO   	100000	AssemblyLoader.Client	]	User assembly ignored: C:\_git\dev\piraeus_0.9.0_prerelease\src\Gateways\TcpUdpGateway\TcpUdpGateway\bin\Debug\Microsoft.Owin.dll
	* Assembly contains no types assignable from Orleans.Providers.IProvider.	
[2018-07-21 11:10:09.214 GMT     1	INFO   	100000	AssemblyLoader.Client	]	User assembly ignored: C:\_git\dev\piraeus_0.9.0_prerelease\src\Gateways\TcpUdpGateway\TcpUdpGateway\bin\Debug\Microsoft.Rest.ClientRuntime.Azure.Authentication.dll
	* Assembly contains no types assignable from Orleans.Providers.IProvider.	
[2018-07-21 11:10:09.227 GMT     1	INFO   	100000	AssemblyLoader.Client	]	User assembly ignored: C:\_git\dev\piraeus_0.9.0_prerelease\src\Gateways\TcpUdpGateway\TcpUdpGateway\bin\Debug\Microsoft.Rest.ClientRuntime.Azure.dll
	* Assembly contains no types assignable from Orleans.Providers.IProvider.	
[2018-07-21 11:10:09.233 GMT     1	INFO   	100000	AssemblyLoader.Client	]	User assembly ignored: C:\_git\dev\piraeus_0.9.0_prerelease\src\Gateways\TcpUdpGateway\TcpUdpGateway\bin\Debug\Microsoft.Rest.ClientRuntime.dll
	* Assembly contains no types assignable from Orleans.Providers.IProvider.	
[2018-07-21 11:10:09.544 GMT     1	INFO   	100000	AssemblyLoader.Client	]	User assembly ignored: C:\_git\dev\piraeus_0.9.0_prerelease\src\Gateways\TcpUdpGateway\TcpUdpGateway\bin\Debug\Microsoft.ServiceBus.dll
	* Assembly contains no types assignable from Orleans.Providers.IProvider.	
[2018-07-21 11:10:09.548 GMT     1	INFO   	100000	AssemblyLoader.Client	]	User assembly ignored: C:\_git\dev\piraeus_0.9.0_prerelease\src\Gateways\TcpUdpGateway\TcpUdpGateway\bin\Debug\Microsoft.Win32.Primitives.dll
	* Assembly contains no types assignable from Orleans.Providers.IProvider.	
[2018-07-21 11:10:09.604 GMT     1	INFO   	100000	AssemblyLoader.Client	]	User assembly ignored: C:\_git\dev\piraeus_0.9.0_prerelease\src\Gateways\TcpUdpGateway\TcpUdpGateway\bin\Debug\Microsoft.WindowsAzure.Storage.dll
	* Assembly contains no types assignable from Orleans.Providers.IProvider.	
[2018-07-21 11:10:09.644 GMT     1	INFO   	100000	AssemblyLoader.Client	]	User assembly ignored: C:\_git\dev\piraeus_0.9.0_prerelease\src\Gateways\TcpUdpGateway\TcpUdpGateway\bin\Debug\Newtonsoft.Json.dll
	* Assembly contains no types assignable from Orleans.Providers.IProvider.	
[2018-07-21 11:10:09.684 GMT     1	INFO   	100000	AssemblyLoader.Client	]	User assembly ignored: C:\_git\dev\piraeus_0.9.0_prerelease\src\Gateways\TcpUdpGateway\TcpUdpGateway\bin\Debug\NLog.dll
	* Assembly contains no types assignable from Orleans.Providers.IProvider.	
[2018-07-21 11:10:09.687 GMT     1	INFO   	100000	AssemblyLoader.Client	]	User assembly ignored: C:\_git\dev\piraeus_0.9.0_prerelease\src\Gateways\TcpUdpGateway\TcpUdpGateway\bin\Debug\Orleans.dll
	* Assembly filename is excluded.	
[2018-07-21 11:10:09.690 GMT     1	INFO   	100000	AssemblyLoader.Client	]	User assembly ignored: C:\_git\dev\piraeus_0.9.0_prerelease\src\Gateways\TcpUdpGateway\TcpUdpGateway\bin\Debug\OrleansCodeGenerator.dll
	* Assembly contains no types assignable from Orleans.Providers.IProvider.	
[2018-07-21 11:10:09.703 GMT     1	INFO   	100000	AssemblyLoader.Client	]	User assembly ignored: C:\_git\dev\piraeus_0.9.0_prerelease\src\Gateways\TcpUdpGateway\TcpUdpGateway\bin\Debug\Owin.dll
	* Assembly contains no types assignable from Orleans.Providers.IProvider.	
[2018-07-21 11:10:09.712 GMT     1	INFO   	100000	AssemblyLoader.Client	]	User assembly ignored: C:\_git\dev\piraeus_0.9.0_prerelease\src\Gateways\TcpUdpGateway\TcpUdpGateway\bin\Debug\PCLCrypto.dll
	* Assembly contains no types assignable from Orleans.Providers.IProvider.	
[2018-07-21 11:10:09.717 GMT     1	INFO   	100000	AssemblyLoader.Client	]	User assembly ignored: C:\_git\dev\piraeus_0.9.0_prerelease\src\Gateways\TcpUdpGateway\TcpUdpGateway\bin\Debug\PInvoke.BCrypt.dll
	* Assembly contains no types assignable from Orleans.Providers.IProvider.	
[2018-07-21 11:10:09.726 GMT     1	INFO   	100000	AssemblyLoader.Client	]	User assembly ignored: C:\_git\dev\piraeus_0.9.0_prerelease\src\Gateways\TcpUdpGateway\TcpUdpGateway\bin\Debug\PInvoke.Kernel32.dll
	* Assembly contains no types assignable from Orleans.Providers.IProvider.	
[2018-07-21 11:10:09.731 GMT     1	INFO   	100000	AssemblyLoader.Client	]	User assembly ignored: C:\_git\dev\piraeus_0.9.0_prerelease\src\Gateways\TcpUdpGateway\TcpUdpGateway\bin\Debug\PInvoke.NCrypt.dll
	* Assembly contains no types assignable from Orleans.Providers.IProvider.	
[2018-07-21 11:10:09.735 GMT     1	INFO   	100000	AssemblyLoader.Client	]	User assembly ignored: C:\_git\dev\piraeus_0.9.0_prerelease\src\Gateways\TcpUdpGateway\TcpUdpGateway\bin\Debug\PInvoke.Windows.Core.dll
	* Assembly contains no types assignable from Orleans.Providers.IProvider.	
[2018-07-21 11:10:09.744 GMT     1	INFO   	100000	AssemblyLoader.Client	]	User assembly ignored: C:\_git\dev\piraeus_0.9.0_prerelease\src\Gateways\TcpUdpGateway\TcpUdpGateway\bin\Debug\Piraeus.Adapters.dll
	* Assembly contains no types assignable from Orleans.Providers.IProvider.	
[2018-07-21 11:10:09.750 GMT     1	INFO   	100000	AssemblyLoader.Client	]	User assembly ignored: C:\_git\dev\piraeus_0.9.0_prerelease\src\Gateways\TcpUdpGateway\TcpUdpGateway\bin\Debug\Piraeus.Configuration.dll
	* Assembly contains no types assignable from Orleans.Providers.IProvider.	
[2018-07-21 11:10:09.753 GMT     1	INFO   	100000	AssemblyLoader.Client	]	User assembly ignored: C:\_git\dev\piraeus_0.9.0_prerelease\src\Gateways\TcpUdpGateway\TcpUdpGateway\bin\Debug\Piraeus.Core.dll
	* Assembly contains no types assignable from Orleans.Providers.IProvider.	
[2018-07-21 11:10:09.760 GMT     1	INFO   	100000	AssemblyLoader.Client	]	User assembly ignored: C:\_git\dev\piraeus_0.9.0_prerelease\src\Gateways\TcpUdpGateway\TcpUdpGateway\bin\Debug\Piraeus.GrainInterfaces.dll
	* Assembly contains no types assignable from Orleans.Providers.IProvider.	
[2018-07-21 11:10:09.776 GMT     1	INFO   	100000	AssemblyLoader.Client	]	User assembly ignored: C:\_git\dev\piraeus_0.9.0_prerelease\src\Gateways\TcpUdpGateway\TcpUdpGateway\bin\Debug\Piraeus.Grains.dll
	* Assembly contains no types assignable from Orleans.Providers.IProvider.	
[2018-07-21 11:10:09.788 GMT     1	INFO   	100000	AssemblyLoader.Client	]	User assembly ignored: C:\_git\dev\piraeus_0.9.0_prerelease\src\Gateways\TcpUdpGateway\TcpUdpGateway\bin\Debug\SkunkLab.Channels.dll
	* Assembly contains no types assignable from Orleans.Providers.IProvider.	
[2018-07-21 11:10:09.791 GMT     1	INFO   	100000	AssemblyLoader.Client	]	User assembly ignored: C:\_git\dev\piraeus_0.9.0_prerelease\src\Gateways\TcpUdpGateway\TcpUdpGateway\bin\Debug\SkunkLab.Diagnostics.dll
	* Assembly contains no types assignable from Orleans.Providers.IProvider.	
[2018-07-21 11:10:09.794 GMT     1	INFO   	100000	AssemblyLoader.Client	]	User assembly ignored: C:\_git\dev\piraeus_0.9.0_prerelease\src\Gateways\TcpUdpGateway\TcpUdpGateway\bin\Debug\SkunkLab.Listeners.dll
	* Assembly contains no types assignable from Orleans.Providers.IProvider.	
[2018-07-21 11:10:09.806 GMT     1	INFO   	100000	AssemblyLoader.Client	]	User assembly ignored: C:\_git\dev\piraeus_0.9.0_prerelease\src\Gateways\TcpUdpGateway\TcpUdpGateway\bin\Debug\SkunkLab.Protocols.dll
	* Assembly contains no types assignable from Orleans.Providers.IProvider.	
[2018-07-21 11:10:09.811 GMT     1	INFO   	100000	AssemblyLoader.Client	]	User assembly ignored: C:\_git\dev\piraeus_0.9.0_prerelease\src\Gateways\TcpUdpGateway\TcpUdpGateway\bin\Debug\SkunkLab.Security.dll
	* Assembly contains no types assignable from Orleans.Providers.IProvider.	
[2018-07-21 11:10:09.821 GMT     1	INFO   	100000	AssemblyLoader.Client	]	User assembly ignored: C:\_git\dev\piraeus_0.9.0_prerelease\src\Gateways\TcpUdpGateway\TcpUdpGateway\bin\Debug\SkunkLab.Storage.dll
	* Assembly contains no types assignable from Orleans.Providers.IProvider.	
[2018-07-21 11:10:09.852 GMT     1	INFO   	100000	AssemblyLoader.Client	]	User assembly ignored: C:\_git\dev\piraeus_0.9.0_prerelease\src\Gateways\TcpUdpGateway\TcpUdpGateway\bin\Debug\StackExchange.Redis.dll
	* Assembly contains no types assignable from Orleans.Providers.IProvider.	
[2018-07-21 11:10:09.854 GMT     1	INFO   	100000	AssemblyLoader.Client	]	User assembly ignored: C:\_git\dev\piraeus_0.9.0_prerelease\src\Gateways\TcpUdpGateway\TcpUdpGateway\bin\Debug\System.AppContext.dll
	* Assembly contains no types assignable from Orleans.Providers.IProvider.	
[2018-07-21 11:10:09.878 GMT     1	INFO   	100000	AssemblyLoader.Client	]	User assembly ignored: C:\_git\dev\piraeus_0.9.0_prerelease\src\Gateways\TcpUdpGateway\TcpUdpGateway\bin\Debug\System.Collections.Immutable.dll
	* Assembly contains no types assignable from Orleans.Providers.IProvider.	
[2018-07-21 11:10:09.882 GMT     1	INFO   	100000	AssemblyLoader.Client	]	User assembly ignored: C:\_git\dev\piraeus_0.9.0_prerelease\src\Gateways\TcpUdpGateway\TcpUdpGateway\bin\Debug\System.Console.dll
	* Assembly contains no types assignable from Orleans.Providers.IProvider.	
[2018-07-21 11:10:09.894 GMT     1	INFO   	100000	AssemblyLoader.Client	]	User assembly ignored: C:\_git\dev\piraeus_0.9.0_prerelease\src\Gateways\TcpUdpGateway\TcpUdpGateway\bin\Debug\System.Diagnostics.DiagnosticSource.dll
	* Assembly contains no types assignable from Orleans.Providers.IProvider.	
[2018-07-21 11:10:09.896 GMT     1	INFO   	100000	AssemblyLoader.Client	]	User assembly ignored: C:\_git\dev\piraeus_0.9.0_prerelease\src\Gateways\TcpUdpGateway\TcpUdpGateway\bin\Debug\System.Diagnostics.FileVersionInfo.dll
	* Assembly contains no types assignable from Orleans.Providers.IProvider.	
[2018-07-21 11:10:09.901 GMT     1	INFO   	100000	AssemblyLoader.Client	]	User assembly ignored: C:\_git\dev\piraeus_0.9.0_prerelease\src\Gateways\TcpUdpGateway\TcpUdpGateway\bin\Debug\System.Diagnostics.StackTrace.dll
	* Assembly contains no types assignable from Orleans.Providers.IProvider.	
[2018-07-21 11:10:09.903 GMT     1	INFO   	100000	AssemblyLoader.Client	]	User assembly ignored: C:\_git\dev\piraeus_0.9.0_prerelease\src\Gateways\TcpUdpGateway\TcpUdpGateway\bin\Debug\System.Globalization.Calendars.dll
	* Assembly contains no types assignable from Orleans.Providers.IProvider.	
[2018-07-21 11:10:09.907 GMT     1	INFO   	100000	AssemblyLoader.Client	]	User assembly ignored: C:\_git\dev\piraeus_0.9.0_prerelease\src\Gateways\TcpUdpGateway\TcpUdpGateway\bin\Debug\System.IdentityModel.Tokens.Jwt.dll
	* Assembly contains no types assignable from Orleans.Providers.IProvider.	
[2018-07-21 11:10:09.912 GMT     1	INFO   	100000	AssemblyLoader.Client	]	User assembly ignored: C:\_git\dev\piraeus_0.9.0_prerelease\src\Gateways\TcpUdpGateway\TcpUdpGateway\bin\Debug\System.IO.Compression.dll
	* Assembly contains no types assignable from Orleans.Providers.IProvider.	
[2018-07-21 11:10:09.914 GMT     1	INFO   	100000	AssemblyLoader.Client	]	User assembly ignored: C:\_git\dev\piraeus_0.9.0_prerelease\src\Gateways\TcpUdpGateway\TcpUdpGateway\bin\Debug\System.IO.Compression.ZipFile.dll
	* Assembly contains no types assignable from Orleans.Providers.IProvider.	
[2018-07-21 11:10:09.917 GMT     1	INFO   	100000	AssemblyLoader.Client	]	User assembly ignored: C:\_git\dev\piraeus_0.9.0_prerelease\src\Gateways\TcpUdpGateway\TcpUdpGateway\bin\Debug\System.IO.FileSystem.dll
	* Assembly contains no types assignable from Orleans.Providers.IProvider.	
[2018-07-21 11:10:09.919 GMT     1	INFO   	100000	AssemblyLoader.Client	]	User assembly ignored: C:\_git\dev\piraeus_0.9.0_prerelease\src\Gateways\TcpUdpGateway\TcpUdpGateway\bin\Debug\System.IO.FileSystem.Primitives.dll
	* Assembly contains no types assignable from Orleans.Providers.IProvider.	
[2018-07-21 11:10:09.932 GMT     1	INFO   	100000	AssemblyLoader.Client	]	User assembly ignored: C:\_git\dev\piraeus_0.9.0_prerelease\src\Gateways\TcpUdpGateway\TcpUdpGateway\bin\Debug\System.Net.Http.dll
	* Assembly contains no types assignable from Orleans.Providers.IProvider.	
[2018-07-21 11:10:09.943 GMT     1	INFO   	100000	AssemblyLoader.Client	]	User assembly ignored: C:\_git\dev\piraeus_0.9.0_prerelease\src\Gateways\TcpUdpGateway\TcpUdpGateway\bin\Debug\System.Net.Http.Formatting.dll
	* Assembly contains no types assignable from Orleans.Providers.IProvider.	
[2018-07-21 11:10:09.947 GMT     1	INFO   	100000	AssemblyLoader.Client	]	User assembly ignored: C:\_git\dev\piraeus_0.9.0_prerelease\src\Gateways\TcpUdpGateway\TcpUdpGateway\bin\Debug\System.Net.Sockets.dll
	* Assembly contains no types assignable from Orleans.Providers.IProvider.	
[2018-07-21 11:10:09.991 GMT     1	INFO   	100000	AssemblyLoader.Client	]	User assembly ignored: C:\_git\dev\piraeus_0.9.0_prerelease\src\Gateways\TcpUdpGateway\TcpUdpGateway\bin\Debug\System.Reflection.Metadata.dll
	* Assembly contains no types assignable from Orleans.Providers.IProvider.	
[2018-07-21 11:10:09.995 GMT     1	INFO   	100000	AssemblyLoader.Client	]	User assembly ignored: C:\_git\dev\piraeus_0.9.0_prerelease\src\Gateways\TcpUdpGateway\TcpUdpGateway\bin\Debug\System.Runtime.CompilerServices.Unsafe.dll
	* Assembly contains no types assignable from Orleans.Providers.IProvider.	
[2018-07-21 11:10:09.998 GMT     1	INFO   	100000	AssemblyLoader.Client	]	User assembly ignored: C:\_git\dev\piraeus_0.9.0_prerelease\src\Gateways\TcpUdpGateway\TcpUdpGateway\bin\Debug\System.Runtime.InteropServices.RuntimeInformation.dll
	* Assembly contains no types assignable from Orleans.Providers.IProvider.	
[2018-07-21 11:10:10.001 GMT     1	INFO   	100000	AssemblyLoader.Client	]	User assembly ignored: C:\_git\dev\piraeus_0.9.0_prerelease\src\Gateways\TcpUdpGateway\TcpUdpGateway\bin\Debug\System.Security.Cryptography.Algorithms.dll
	* Assembly contains no types assignable from Orleans.Providers.IProvider.	
[2018-07-21 11:10:10.005 GMT     1	INFO   	100000	AssemblyLoader.Client	]	User assembly ignored: C:\_git\dev\piraeus_0.9.0_prerelease\src\Gateways\TcpUdpGateway\TcpUdpGateway\bin\Debug\System.Security.Cryptography.Encoding.dll
	* Assembly contains no types assignable from Orleans.Providers.IProvider.	
[2018-07-21 11:10:10.008 GMT     1	INFO   	100000	AssemblyLoader.Client	]	User assembly ignored: C:\_git\dev\piraeus_0.9.0_prerelease\src\Gateways\TcpUdpGateway\TcpUdpGateway\bin\Debug\System.Security.Cryptography.Primitives.dll
	* Assembly contains no types assignable from Orleans.Providers.IProvider.	
[2018-07-21 11:10:10.010 GMT     1	INFO   	100000	AssemblyLoader.Client	]	User assembly ignored: C:\_git\dev\piraeus_0.9.0_prerelease\src\Gateways\TcpUdpGateway\TcpUdpGateway\bin\Debug\System.Security.Cryptography.X509Certificates.dll
	* Assembly contains no types assignable from Orleans.Providers.IProvider.	
[2018-07-21 11:10:10.018 GMT     1	INFO   	100000	AssemblyLoader.Client	]	User assembly ignored: C:\_git\dev\piraeus_0.9.0_prerelease\src\Gateways\TcpUdpGateway\TcpUdpGateway\bin\Debug\System.Spatial.dll
	* Assembly contains no types assignable from Orleans.Providers.IProvider.	
[2018-07-21 11:10:10.023 GMT     1	INFO   	100000	AssemblyLoader.Client	]	User assembly ignored: C:\_git\dev\piraeus_0.9.0_prerelease\src\Gateways\TcpUdpGateway\TcpUdpGateway\bin\Debug\System.Text.Encoding.CodePages.dll
	* Assembly contains no types assignable from Orleans.Providers.IProvider.	
[2018-07-21 11:10:10.025 GMT     1	INFO   	100000	AssemblyLoader.Client	]	User assembly ignored: C:\_git\dev\piraeus_0.9.0_prerelease\src\Gateways\TcpUdpGateway\TcpUdpGateway\bin\Debug\System.Threading.Thread.dll
	* Assembly contains no types assignable from Orleans.Providers.IProvider.	
[2018-07-21 11:10:10.033 GMT     1	INFO   	100000	AssemblyLoader.Client	]	User assembly ignored: C:\_git\dev\piraeus_0.9.0_prerelease\src\Gateways\TcpUdpGateway\TcpUdpGateway\bin\Debug\System.ValueTuple.dll
	* Assembly contains no types assignable from Orleans.Providers.IProvider.	
[2018-07-21 11:10:10.082 GMT     1	INFO   	100000	AssemblyLoader.Client	]	User assembly ignored: C:\_git\dev\piraeus_0.9.0_prerelease\src\Gateways\TcpUdpGateway\TcpUdpGateway\bin\Debug\System.Web.Http.dll
	* Assembly contains no types assignable from Orleans.Providers.IProvider.	
[2018-07-21 11:10:10.085 GMT     1	INFO   	100000	AssemblyLoader.Client	]	User assembly ignored: C:\_git\dev\piraeus_0.9.0_prerelease\src\Gateways\TcpUdpGateway\TcpUdpGateway\bin\Debug\System.Xml.ReaderWriter.dll
	* Assembly contains no types assignable from Orleans.Providers.IProvider.	
[2018-07-21 11:10:10.087 GMT     1	INFO   	100000	AssemblyLoader.Client	]	User assembly ignored: C:\_git\dev\piraeus_0.9.0_prerelease\src\Gateways\TcpUdpGateway\TcpUdpGateway\bin\Debug\System.Xml.XmlDocument.dll
	* Assembly contains no types assignable from Orleans.Providers.IProvider.	
[2018-07-21 11:10:10.089 GMT     1	INFO   	100000	AssemblyLoader.Client	]	User assembly ignored: C:\_git\dev\piraeus_0.9.0_prerelease\src\Gateways\TcpUdpGateway\TcpUdpGateway\bin\Debug\System.Xml.XPath.dll
	* Assembly contains no types assignable from Orleans.Providers.IProvider.	
[2018-07-21 11:10:10.091 GMT     1	INFO   	100000	AssemblyLoader.Client	]	User assembly ignored: C:\_git\dev\piraeus_0.9.0_prerelease\src\Gateways\TcpUdpGateway\TcpUdpGateway\bin\Debug\System.Xml.XPath.XDocument.dll
	* Assembly contains no types assignable from Orleans.Providers.IProvider.	
[2018-07-21 11:10:10.097 GMT     1	INFO   	100000	AssemblyLoader.Client	]	User assembly ignored: C:\_git\dev\piraeus_0.9.0_prerelease\src\Gateways\TcpUdpGateway\TcpUdpGateway\bin\Debug\Validation.dll
	* Assembly contains no types assignable from Orleans.Providers.IProvider.	
[2018-07-21 11:10:10.099 GMT     1	INFO   	100000	AssemblyLoader.Client	]	User assembly ignored: C:\_git\dev\piraeus_0.9.0_prerelease\src\Gateways\TcpUdpGateway\TcpUdpGateway\bin\Debug\de\Microsoft.Data.Edm.resources.dll
	* Assembly filename indicates that it is a resource assembly.	
[2018-07-21 11:10:10.102 GMT     1	INFO   	100000	AssemblyLoader.Client	]	User assembly ignored: C:\_git\dev\piraeus_0.9.0_prerelease\src\Gateways\TcpUdpGateway\TcpUdpGateway\bin\Debug\de\Microsoft.Data.OData.resources.dll
	* Assembly filename indicates that it is a resource assembly.	
[2018-07-21 11:10:10.103 GMT     1	INFO   	100000	AssemblyLoader.Client	]	User assembly ignored: C:\_git\dev\piraeus_0.9.0_prerelease\src\Gateways\TcpUdpGateway\TcpUdpGateway\bin\Debug\de\Microsoft.Data.Services.Client.resources.dll
	* Assembly filename indicates that it is a resource assembly.	
[2018-07-21 11:10:10.108 GMT     1	INFO   	100000	AssemblyLoader.Client	]	User assembly ignored: C:\_git\dev\piraeus_0.9.0_prerelease\src\Gateways\TcpUdpGateway\TcpUdpGateway\bin\Debug\de\System.Spatial.resources.dll
	* Assembly filename indicates that it is a resource assembly.	
[2018-07-21 11:10:10.110 GMT     1	INFO   	100000	AssemblyLoader.Client	]	User assembly ignored: C:\_git\dev\piraeus_0.9.0_prerelease\src\Gateways\TcpUdpGateway\TcpUdpGateway\bin\Debug\es\Microsoft.Data.Edm.resources.dll
	* Assembly filename indicates that it is a resource assembly.	
[2018-07-21 11:10:10.111 GMT     1	INFO   	100000	AssemblyLoader.Client	]	User assembly ignored: C:\_git\dev\piraeus_0.9.0_prerelease\src\Gateways\TcpUdpGateway\TcpUdpGateway\bin\Debug\es\Microsoft.Data.OData.resources.dll
	* Assembly filename indicates that it is a resource assembly.	
[2018-07-21 11:10:10.113 GMT     1	INFO   	100000	AssemblyLoader.Client	]	User assembly ignored: C:\_git\dev\piraeus_0.9.0_prerelease\src\Gateways\TcpUdpGateway\TcpUdpGateway\bin\Debug\es\Microsoft.Data.Services.Client.resources.dll
	* Assembly filename indicates that it is a resource assembly.	
[2018-07-21 11:10:10.114 GMT     1	INFO   	100000	AssemblyLoader.Client	]	User assembly ignored: C:\_git\dev\piraeus_0.9.0_prerelease\src\Gateways\TcpUdpGateway\TcpUdpGateway\bin\Debug\es\System.Spatial.resources.dll
	* Assembly filename indicates that it is a resource assembly.	
[2018-07-21 11:10:10.120 GMT     1	INFO   	100000	AssemblyLoader.Client	]	User assembly ignored: C:\_git\dev\piraeus_0.9.0_prerelease\src\Gateways\TcpUdpGateway\TcpUdpGateway\bin\Debug\fr\Microsoft.Data.Edm.resources.dll
	* Assembly filename indicates that it is a resource assembly.	
[2018-07-21 11:10:10.122 GMT     1	INFO   	100000	AssemblyLoader.Client	]	User assembly ignored: C:\_git\dev\piraeus_0.9.0_prerelease\src\Gateways\TcpUdpGateway\TcpUdpGateway\bin\Debug\fr\Microsoft.Data.OData.resources.dll
	* Assembly filename indicates that it is a resource assembly.	
[2018-07-21 11:10:10.124 GMT     1	INFO   	100000	AssemblyLoader.Client	]	User assembly ignored: C:\_git\dev\piraeus_0.9.0_prerelease\src\Gateways\TcpUdpGateway\TcpUdpGateway\bin\Debug\fr\Microsoft.Data.Services.Client.resources.dll
	* Assembly filename indicates that it is a resource assembly.	
[2018-07-21 11:10:10.126 GMT     1	INFO   	100000	AssemblyLoader.Client	]	User assembly ignored: C:\_git\dev\piraeus_0.9.0_prerelease\src\Gateways\TcpUdpGateway\TcpUdpGateway\bin\Debug\fr\System.Spatial.resources.dll
	* Assembly filename indicates that it is a resource assembly.	
[2018-07-21 11:10:10.130 GMT     1	INFO   	100000	AssemblyLoader.Client	]	User assembly ignored: C:\_git\dev\piraeus_0.9.0_prerelease\src\Gateways\TcpUdpGateway\TcpUdpGateway\bin\Debug\it\Microsoft.Data.Edm.resources.dll
	* Assembly filename indicates that it is a resource assembly.	
[2018-07-21 11:10:10.133 GMT     1	INFO   	100000	AssemblyLoader.Client	]	User assembly ignored: C:\_git\dev\piraeus_0.9.0_prerelease\src\Gateways\TcpUdpGateway\TcpUdpGateway\bin\Debug\it\Microsoft.Data.OData.resources.dll
	* Assembly filename indicates that it is a resource assembly.	
[2018-07-21 11:10:10.135 GMT     1	INFO   	100000	AssemblyLoader.Client	]	User assembly ignored: C:\_git\dev\piraeus_0.9.0_prerelease\src\Gateways\TcpUdpGateway\TcpUdpGateway\bin\Debug\it\Microsoft.Data.Services.Client.resources.dll
	* Assembly filename indicates that it is a resource assembly.	
[2018-07-21 11:10:10.136 GMT     1	INFO   	100000	AssemblyLoader.Client	]	User assembly ignored: C:\_git\dev\piraeus_0.9.0_prerelease\src\Gateways\TcpUdpGateway\TcpUdpGateway\bin\Debug\it\System.Spatial.resources.dll
	* Assembly filename indicates that it is a resource assembly.	
[2018-07-21 11:10:10.138 GMT     1	INFO   	100000	AssemblyLoader.Client	]	User assembly ignored: C:\_git\dev\piraeus_0.9.0_prerelease\src\Gateways\TcpUdpGateway\TcpUdpGateway\bin\Debug\ja\Microsoft.Data.Edm.resources.dll
	* Assembly filename indicates that it is a resource assembly.	
[2018-07-21 11:10:10.144 GMT     1	INFO   	100000	AssemblyLoader.Client	]	User assembly ignored: C:\_git\dev\piraeus_0.9.0_prerelease\src\Gateways\TcpUdpGateway\TcpUdpGateway\bin\Debug\ja\Microsoft.Data.OData.resources.dll
	* Assembly filename indicates that it is a resource assembly.	
[2018-07-21 11:10:10.145 GMT     1	INFO   	100000	AssemblyLoader.Client	]	User assembly ignored: C:\_git\dev\piraeus_0.9.0_prerelease\src\Gateways\TcpUdpGateway\TcpUdpGateway\bin\Debug\ja\Microsoft.Data.Services.Client.resources.dll
	* Assembly filename indicates that it is a resource assembly.	
[2018-07-21 11:10:10.147 GMT     1	INFO   	100000	AssemblyLoader.Client	]	User assembly ignored: C:\_git\dev\piraeus_0.9.0_prerelease\src\Gateways\TcpUdpGateway\TcpUdpGateway\bin\Debug\ja\System.Spatial.resources.dll
	* Assembly filename indicates that it is a resource assembly.	
[2018-07-21 11:10:10.149 GMT     1	INFO   	100000	AssemblyLoader.Client	]	User assembly ignored: C:\_git\dev\piraeus_0.9.0_prerelease\src\Gateways\TcpUdpGateway\TcpUdpGateway\bin\Debug\ko\Microsoft.Data.Edm.resources.dll
	* Assembly filename indicates that it is a resource assembly.	
[2018-07-21 11:10:10.154 GMT     1	INFO   	100000	AssemblyLoader.Client	]	User assembly ignored: C:\_git\dev\piraeus_0.9.0_prerelease\src\Gateways\TcpUdpGateway\TcpUdpGateway\bin\Debug\ko\Microsoft.Data.OData.resources.dll
	* Assembly filename indicates that it is a resource assembly.	
[2018-07-21 11:10:10.155 GMT     1	INFO   	100000	AssemblyLoader.Client	]	User assembly ignored: C:\_git\dev\piraeus_0.9.0_prerelease\src\Gateways\TcpUdpGateway\TcpUdpGateway\bin\Debug\ko\Microsoft.Data.Services.Client.resources.dll
	* Assembly filename indicates that it is a resource assembly.	
[2018-07-21 11:10:10.157 GMT     1	INFO   	100000	AssemblyLoader.Client	]	User assembly ignored: C:\_git\dev\piraeus_0.9.0_prerelease\src\Gateways\TcpUdpGateway\TcpUdpGateway\bin\Debug\ko\System.Spatial.resources.dll
	* Assembly filename indicates that it is a resource assembly.	
[2018-07-21 11:10:10.159 GMT     1	INFO   	100000	AssemblyLoader.Client	]	User assembly ignored: C:\_git\dev\piraeus_0.9.0_prerelease\src\Gateways\TcpUdpGateway\TcpUdpGateway\bin\Debug\ru\Microsoft.Data.Edm.resources.dll
	* Assembly filename indicates that it is a resource assembly.	
[2018-07-21 11:10:10.161 GMT     1	INFO   	100000	AssemblyLoader.Client	]	User assembly ignored: C:\_git\dev\piraeus_0.9.0_prerelease\src\Gateways\TcpUdpGateway\TcpUdpGateway\bin\Debug\ru\Microsoft.Data.OData.resources.dll
	* Assembly filename indicates that it is a resource assembly.	
[2018-07-21 11:10:10.165 GMT     1	INFO   	100000	AssemblyLoader.Client	]	User assembly ignored: C:\_git\dev\piraeus_0.9.0_prerelease\src\Gateways\TcpUdpGateway\TcpUdpGateway\bin\Debug\ru\Microsoft.Data.Services.Client.resources.dll
	* Assembly filename indicates that it is a resource assembly.	
[2018-07-21 11:10:10.168 GMT     1	INFO   	100000	AssemblyLoader.Client	]	User assembly ignored: C:\_git\dev\piraeus_0.9.0_prerelease\src\Gateways\TcpUdpGateway\TcpUdpGateway\bin\Debug\ru\System.Spatial.resources.dll
	* Assembly filename indicates that it is a resource assembly.	
[2018-07-21 11:10:10.169 GMT     1	INFO   	100000	AssemblyLoader.Client	]	User assembly ignored: C:\_git\dev\piraeus_0.9.0_prerelease\src\Gateways\TcpUdpGateway\TcpUdpGateway\bin\Debug\zh-Hans\Microsoft.Data.Edm.resources.dll
	* Assembly filename indicates that it is a resource assembly.	
[2018-07-21 11:10:10.171 GMT     1	INFO   	100000	AssemblyLoader.Client	]	User assembly ignored: C:\_git\dev\piraeus_0.9.0_prerelease\src\Gateways\TcpUdpGateway\TcpUdpGateway\bin\Debug\zh-Hans\Microsoft.Data.OData.resources.dll
	* Assembly filename indicates that it is a resource assembly.	
[2018-07-21 11:10:10.175 GMT     1	INFO   	100000	AssemblyLoader.Client	]	User assembly ignored: C:\_git\dev\piraeus_0.9.0_prerelease\src\Gateways\TcpUdpGateway\TcpUdpGateway\bin\Debug\zh-Hans\Microsoft.Data.Services.Client.resources.dll
	* Assembly filename indicates that it is a resource assembly.	
[2018-07-21 11:10:10.178 GMT     1	INFO   	100000	AssemblyLoader.Client	]	User assembly ignored: C:\_git\dev\piraeus_0.9.0_prerelease\src\Gateways\TcpUdpGateway\TcpUdpGateway\bin\Debug\zh-Hans\System.Spatial.resources.dll
	* Assembly filename indicates that it is a resource assembly.	
[2018-07-21 11:10:10.180 GMT     1	INFO   	100000	AssemblyLoader.Client	]	User assembly ignored: C:\_git\dev\piraeus_0.9.0_prerelease\src\Gateways\TcpUdpGateway\TcpUdpGateway\bin\Debug\zh-Hant\Microsoft.Data.Edm.resources.dll
	* Assembly filename indicates that it is a resource assembly.	
[2018-07-21 11:10:10.182 GMT     1	INFO   	100000	AssemblyLoader.Client	]	User assembly ignored: C:\_git\dev\piraeus_0.9.0_prerelease\src\Gateways\TcpUdpGateway\TcpUdpGateway\bin\Debug\zh-Hant\Microsoft.Data.OData.resources.dll
	* Assembly filename indicates that it is a resource assembly.	
[2018-07-21 11:10:10.187 GMT     1	INFO   	100000	AssemblyLoader.Client	]	User assembly ignored: C:\_git\dev\piraeus_0.9.0_prerelease\src\Gateways\TcpUdpGateway\TcpUdpGateway\bin\Debug\zh-Hant\Microsoft.Data.Services.Client.resources.dll
	* Assembly filename indicates that it is a resource assembly.	
[2018-07-21 11:10:10.188 GMT     1	INFO   	100000	AssemblyLoader.Client	]	User assembly ignored: C:\_git\dev\piraeus_0.9.0_prerelease\src\Gateways\TcpUdpGateway\TcpUdpGateway\bin\Debug\zh-Hant\System.Spatial.resources.dll
	* Assembly filename indicates that it is a resource assembly.	
[2018-07-21 11:10:10.190 GMT     1	INFO   	100000	AssemblyLoader.Client	]	Loading assembly C:\_git\dev\piraeus_0.9.0_prerelease\src\Gateways\TcpUdpGateway\TcpUdpGateway\bin\Debug\OrleansProviders.dll...	
[2018-07-21 11:10:10.258 GMT     1	INFO   	100000	AssemblyLoader.Client	]	1 assemblies loaded.	
[2018-07-21 11:10:10.460 GMT     1	INFO   	100313	OutsideRuntimeClient	]	---------- Initializing OutsideRuntimeClient on MININT-2T87D76 at 100.64.71.133 Client Id = *cli/b95c5e96 ----------	
[2018-07-21 11:10:10.481 GMT     1	INFO   	100314	OutsideRuntimeClient	]	---------- Starting OutsideRuntimeClient with runtime Version='1.5.2.0 (Release).' in AppDomain=<AppDomain.Id=1, AppDomain.FriendlyName=TcpUdpGateway.exe> Config= 
 Platform version info:
   Orleans version: 1.5.2.0 (Release).
   .NET version: 4.0.30319.42000
   OS version: Microsoft Windows NT 6.2.9200.0
   App config file: C:\_git\dev\piraeus_0.9.0_prerelease\src\Gateways\TcpUdpGateway\TcpUdpGateway\bin\Debug\TcpUdpGateway.exe.Config
   GC Type=Server GCLatencyMode=Batch
   Host: MININT-2T87D76
   Processor Count: 4
Client Configuration:
   Config File Name: 
   Start time: 2018-07-21 11:10:10.470 GMT
   Gateway Provider: Config
   Gateways[1]:
      127.0.0.1:40000
   Preferred Gateway Index: -1
   GatewayListRefreshPeriod: 00:01:00
   Preferred Address Family: InterNetwork
   DNS Host Name: MININT-2T87D76
   Client Name: Client
   Tracing: 
     Default Trace Level: Info
     TraceLevelOverrides: None
     Trace to Console: True
     Trace File Name: C:\_git\dev\piraeus_0.9.0_prerelease\src\Gateways\TcpUdpGateway\TcpUdpGateway\bin\Debug\Client-2018-07-21-11.10.00.886Z.log
     LargeMessageWarningThreshold: 85000
     PropagateActivityId: False
     BulkMessageLimit: 5
   Statistics: 
     MetricsTableWriteInterval: 00:00:30
     PerfCounterWriteInterval: -00:00:00.0010000
     LogWriteInterval: 00:05:00
     WriteLogStatisticsToTable: True
     StatisticsCollectionLevel: Info
   Messaging:
       Response timeout: 00:30:00
       Maximum resend count: 0
       Resend On Timeout: False
       Maximum Socket Age: 10675199.02:48:05.4775807
       Drop Expired Messages: True
       Client Sender Buckets: 8192
       Buffer Pool Buffer Size: 4096
       Buffer Pool Max Size: 10000
       Buffer Pool Preallocation Size: 250
       Fallback serializer: 
   .NET: 
       .NET thread pool sizes - Min: Worker Threads=4 Completion Port Threads=4
       .NET thread pool sizes - Max: Worker Threads=2047 Completion Port Threads=1000
   Providers:
       No providers configured.
	
[2018-07-21 11:10:10.683 GMT     4	INFO   	101309	Messaging.GatewayManager	]	Found 1 knownGateways from Gateway listProvider [gwy.tcp://127.0.0.1:40000/0]	
[2018-07-21 11:10:10.753 GMT     4	INFO   	100908	Messaging.GatewayConnection/GatewayClientSender_gwy.tcp://127.0.0.1:40000/0	100.64.71.133:0]	Connected to gateway at address gwy.tcp://127.0.0.1:40000/0 on trial 0.	
[2018-07-21 11:10:10.782 GMT     9	INFO   	100000	Messaging.GatewayClientReceiver/gwy.tcp://127.0.0.1:40000/0	100.64.71.133:0]	Starting AsyncAgent Messaging.GatewayClientReceiver/gwy.tcp://127.0.0.1:40000/0 on managed thread 9	
[2018-07-21 11:10:10.797 GMT     8	INFO   	100000	Messaging.GatewayConnection/GatewayClientSender_gwy.tcp://127.0.0.1:40000/0	100.64.71.133:0]	Starting AsyncAgent Messaging.GatewayConnection/GatewayClientSender_gwy.tcp://127.0.0.1:40000/0 on managed thread 8	
[2018-07-21 11:10:10.951 GMT     6	INFO   	100929	OutsideRuntimeClient	100.64.71.133:0]	---------- Started OutsideRuntimeClient with Global Client ID: C100.64.71.133:0:-269867410*cli/b95c5e96@b323bb82, client GUID ID: *cli/b95c5e96	
[2018-07-21 11:11:10.712 GMT    16	INFO   	101309	Messaging.GatewayManager	100.64.71.133:0]	Refreshed the live Gateway list. Found 1 gateways from Gateway listProvider: [gwy.tcp://127.0.0.1:40000/0]. Picked only known live out of them. Now has 1 live Gateways: [gwy.tcp://127.0.0.1:40000/0]. Previous refresh time was = 7/21/2018 11:10:10 AM	
[2018-07-21 11:12:10.724 GMT    15	INFO   	101309	Messaging.GatewayManager	100.64.71.133:0]	Refreshed the live Gateway list. Found 1 gateways from Gateway listProvider: [gwy.tcp://127.0.0.1:40000/0]. Picked only known live out of them. Now has 1 live Gateways: [gwy.tcp://127.0.0.1:40000/0]. Previous refresh time was = 7/21/2018 11:11:10 AM	
