[2018-07-21 11:14:50.866 GMT     1	INFO   	100000	AssemblyLoader.Client	]	Recursively searching for assemblies in C:\_git\dev\piraeus_0.9.0_prerelease\src\Gateways\TcpUdpGateway\TcpUdpGateway\bin\Debug...	
[2018-07-21 11:14:51.022 GMT     1	INFO   	100000	AssemblyLoader.Client	]	C:\_git\dev\piraeus_0.9.0_prerelease\src\Gateways\TcpUdpGateway\TcpUdpGateway\bin\Debug\DocumentDB.Spatial.Sql.dll is not compatible with current process, loading is skipped.	
[2018-07-21 11:14:51.175 GMT     1	INFO   	100000	AssemblyLoader.Client	]	C:\_git\dev\piraeus_0.9.0_prerelease\src\Gateways\TcpUdpGateway\TcpUdpGateway\bin\Debug\Microsoft.Azure.Documents.ServiceInterop.dll is not compatible with current process, loading is skipped.	
[2018-07-21 11:14:52.530 GMT     1	INFO   	100000	AssemblyLoader.Client	]	User assembly ignored: C:\_git\dev\piraeus_0.9.0_prerelease\src\Gateways\TcpUdpGateway\TcpUdpGateway\bin\Debug\BouncyCastle.Crypto.dll
	* Assembly contains no types assignable from Orleans.Providers.IProvider.	
[2018-07-21 11:14:52.586 GMT     1	INFO   	100000	AssemblyLoader.Client	]	User assembly ignored: C:\_git\dev\piraeus_0.9.0_prerelease\src\Gateways\TcpUdpGateway\TcpUdpGateway\bin\Debug\Capl.dll
	* Assembly contains no types assignable from Orleans.Providers.IProvider.	
[2018-07-21 11:14:52.588 GMT     1	INFO   	100000	AssemblyLoader.Client	]	User assembly ignored: C:\_git\dev\piraeus_0.9.0_prerelease\src\Gateways\TcpUdpGateway\TcpUdpGateway\bin\Debug\DocumentDB.Spatial.Sql.dll
	* The file C:\_git\dev\piraeus_0.9.0_prerelease\src\Gateways\TcpUdpGateway\TcpUdpGateway\bin\Debug\DocumentDB.Spatial.Sql.dll does not contain any CLR metadata, probably it is a native file.	
[2018-07-21 11:14:52.607 GMT     1	INFO   	100000	AssemblyLoader.Client	]	User assembly ignored: C:\_git\dev\piraeus_0.9.0_prerelease\src\Gateways\TcpUdpGateway\TcpUdpGateway\bin\Debug\DotNetty.Buffers.dll
	* Assembly contains no types assignable from Orleans.Providers.IProvider.	
[2018-07-21 11:14:52.626 GMT     1	INFO   	100000	AssemblyLoader.Client	]	User assembly ignored: C:\_git\dev\piraeus_0.9.0_prerelease\src\Gateways\TcpUdpGateway\TcpUdpGateway\bin\Debug\DotNetty.Codecs.dll
	* Assembly contains no types assignable from Orleans.Providers.IProvider.	
[2018-07-21 11:14:52.631 GMT     1	INFO   	100000	AssemblyLoader.Client	]	User assembly ignored: C:\_git\dev\piraeus_0.9.0_prerelease\src\Gateways\TcpUdpGateway\TcpUdpGateway\bin\Debug\DotNetty.Codecs.Mqtt.dll
	* Assembly contains no types assignable from Orleans.Providers.IProvider.	
[2018-07-21 11:14:52.661 GMT     1	INFO   	100000	AssemblyLoader.Client	]	User assembly ignored: C:\_git\dev\piraeus_0.9.0_prerelease\src\Gateways\TcpUdpGateway\TcpUdpGateway\bin\Debug\DotNetty.Common.dll
	* Assembly contains no types assignable from Orleans.Providers.IProvider.	
[2018-07-21 11:14:52.669 GMT     1	INFO   	100000	AssemblyLoader.Client	]	User assembly ignored: C:\_git\dev\piraeus_0.9.0_prerelease\src\Gateways\TcpUdpGateway\TcpUdpGateway\bin\Debug\DotNetty.Handlers.dll
	* Assembly contains no types assignable from Orleans.Providers.IProvider.	
[2018-07-21 11:14:52.685 GMT     1	INFO   	100000	AssemblyLoader.Client	]	User assembly ignored: C:\_git\dev\piraeus_0.9.0_prerelease\src\Gateways\TcpUdpGateway\TcpUdpGateway\bin\Debug\DotNetty.Transport.dll
	* Assembly contains no types assignable from Orleans.Providers.IProvider.	
[2018-07-21 11:14:52.734 GMT     1	INFO   	100000	AssemblyLoader.Client	]	User assembly ignored: C:\_git\dev\piraeus_0.9.0_prerelease\src\Gateways\TcpUdpGateway\TcpUdpGateway\bin\Debug\Microsoft.Azure.Amqp.dll
	* Assembly contains no types assignable from Orleans.Providers.IProvider.	
[2018-07-21 11:14:52.801 GMT     1	INFO   	100000	AssemblyLoader.Client	]	User assembly ignored: C:\_git\dev\piraeus_0.9.0_prerelease\src\Gateways\TcpUdpGateway\TcpUdpGateway\bin\Debug\Microsoft.Azure.DataLake.Store.dll
	* Assembly contains no types assignable from Orleans.Providers.IProvider.	
[2018-07-21 11:14:52.924 GMT     1	INFO   	100000	AssemblyLoader.Client	]	User assembly ignored: C:\_git\dev\piraeus_0.9.0_prerelease\src\Gateways\TcpUdpGateway\TcpUdpGateway\bin\Debug\Microsoft.Azure.Devices.Client.dll
	* Assembly contains no types assignable from Orleans.Providers.IProvider.	
[2018-07-21 11:14:52.982 GMT     1	INFO   	100000	AssemblyLoader.Client	]	User assembly ignored: C:\_git\dev\piraeus_0.9.0_prerelease\src\Gateways\TcpUdpGateway\TcpUdpGateway\bin\Debug\Microsoft.Azure.Devices.dll
	* Assembly contains no types assignable from Orleans.Providers.IProvider.	
[2018-07-21 11:14:53.014 GMT     1	INFO   	100000	AssemblyLoader.Client	]	User assembly ignored: C:\_git\dev\piraeus_0.9.0_prerelease\src\Gateways\TcpUdpGateway\TcpUdpGateway\bin\Debug\Microsoft.Azure.Devices.Shared.dll
	* Assembly contains no types assignable from Orleans.Providers.IProvider.	
[2018-07-21 11:14:53.138 GMT     1	INFO   	100000	AssemblyLoader.Client	]	User assembly ignored: C:\_git\dev\piraeus_0.9.0_prerelease\src\Gateways\TcpUdpGateway\TcpUdpGateway\bin\Debug\Microsoft.Azure.Documents.Client.dll
	* Assembly contains no types assignable from Orleans.Providers.IProvider.	
[2018-07-21 11:14:53.158 GMT     1	INFO   	100000	AssemblyLoader.Client	]	User assembly ignored: C:\_git\dev\piraeus_0.9.0_prerelease\src\Gateways\TcpUdpGateway\TcpUdpGateway\bin\Debug\Microsoft.Azure.Documents.ServiceInterop.dll
	* The file C:\_git\dev\piraeus_0.9.0_prerelease\src\Gateways\TcpUdpGateway\TcpUdpGateway\bin\Debug\Microsoft.Azure.Documents.ServiceInterop.dll does not contain any CLR metadata, probably it is a native file.	
[2018-07-21 11:14:53.163 GMT     1	INFO   	100000	AssemblyLoader.Client	]	User assembly ignored: C:\_git\dev\piraeus_0.9.0_prerelease\src\Gateways\TcpUdpGateway\TcpUdpGateway\bin\Debug\Microsoft.Azure.EventGrid.dll
	* Assembly contains no types assignable from Orleans.Providers.IProvider.	
[2018-07-21 11:14:53.165 GMT     1	INFO   	100000	AssemblyLoader.Client	]	User assembly ignored: C:\_git\dev\piraeus_0.9.0_prerelease\src\Gateways\TcpUdpGateway\TcpUdpGateway\bin\Debug\Microsoft.Azure.KeyVault.Core.dll
	* Assembly contains no types assignable from Orleans.Providers.IProvider.	
[2018-07-21 11:14:53.170 GMT     1	INFO   	100000	AssemblyLoader.Client	]	User assembly ignored: C:\_git\dev\piraeus_0.9.0_prerelease\src\Gateways\TcpUdpGateway\TcpUdpGateway\bin\Debug\Microsoft.Azure.KeyVault.Cryptography.dll
	* Assembly contains no types assignable from Orleans.Providers.IProvider.	
[2018-07-21 11:14:53.203 GMT     1	INFO   	100000	AssemblyLoader.Client	]	User assembly ignored: C:\_git\dev\piraeus_0.9.0_prerelease\src\Gateways\TcpUdpGateway\TcpUdpGateway\bin\Debug\Microsoft.Azure.KeyVault.dll
	* Assembly contains no types assignable from Orleans.Providers.IProvider.	
[2018-07-21 11:14:53.208 GMT     1	INFO   	100000	AssemblyLoader.Client	]	User assembly ignored: C:\_git\dev\piraeus_0.9.0_prerelease\src\Gateways\TcpUdpGateway\TcpUdpGateway\bin\Debug\Microsoft.Azure.KeyVault.Extensions.dll
	* Assembly contains no types assignable from Orleans.Providers.IProvider.	
[2018-07-21 11:14:53.210 GMT     1	INFO   	100000	AssemblyLoader.Client	]	User assembly ignored: C:\_git\dev\piraeus_0.9.0_prerelease\src\Gateways\TcpUdpGateway\TcpUdpGateway\bin\Debug\Microsoft.Azure.KeyVault.WebKey.dll
	* Assembly contains no types assignable from Orleans.Providers.IProvider.	
[2018-07-21 11:14:53.803 GMT     1	INFO   	100000	AssemblyLoader.Client	]	User assembly ignored: C:\_git\dev\piraeus_0.9.0_prerelease\src\Gateways\TcpUdpGateway\TcpUdpGateway\bin\Debug\Microsoft.CodeAnalysis.CSharp.dll
	* Assembly contains no types assignable from Orleans.Providers.IProvider.	
[2018-07-21 11:14:54.088 GMT     1	INFO   	100000	AssemblyLoader.Client	]	User assembly ignored: C:\_git\dev\piraeus_0.9.0_prerelease\src\Gateways\TcpUdpGateway\TcpUdpGateway\bin\Debug\Microsoft.CodeAnalysis.dll
	* Assembly contains no types assignable from Orleans.Providers.IProvider.	
[2018-07-21 11:14:54.127 GMT     1	INFO   	100000	AssemblyLoader.Client	]	User assembly ignored: C:\_git\dev\piraeus_0.9.0_prerelease\src\Gateways\TcpUdpGateway\TcpUdpGateway\bin\Debug\Microsoft.Data.Edm.dll
	* Assembly contains no types assignable from Orleans.Providers.IProvider.	
[2018-07-21 11:14:54.174 GMT     1	INFO   	100000	AssemblyLoader.Client	]	User assembly ignored: C:\_git\dev\piraeus_0.9.0_prerelease\src\Gateways\TcpUdpGateway\TcpUdpGateway\bin\Debug\Microsoft.Data.OData.dll
	* Assembly contains no types assignable from Orleans.Providers.IProvider.	
[2018-07-21 11:14:54.212 GMT     1	INFO   	100000	AssemblyLoader.Client	]	User assembly ignored: C:\_git\dev\piraeus_0.9.0_prerelease\src\Gateways\TcpUdpGateway\TcpUdpGateway\bin\Debug\Microsoft.Data.Services.Client.dll
	* Assembly contains no types assignable from Orleans.Providers.IProvider.	
[2018-07-21 11:14:54.217 GMT     1	INFO   	100000	AssemblyLoader.Client	]	User assembly ignored: C:\_git\dev\piraeus_0.9.0_prerelease\src\Gateways\TcpUdpGateway\TcpUdpGateway\bin\Debug\Microsoft.Extensions.DependencyInjection.Abstractions.dll
	* Assembly contains no types assignable from Orleans.Providers.IProvider.	
[2018-07-21 11:14:54.241 GMT     1	INFO   	100000	AssemblyLoader.Client	]	User assembly ignored: C:\_git\dev\piraeus_0.9.0_prerelease\src\Gateways\TcpUdpGateway\TcpUdpGateway\bin\Debug\Microsoft.Extensions.DependencyInjection.dll
	* Assembly contains no types assignable from Orleans.Providers.IProvider.	
[2018-07-21 11:14:54.250 GMT     1	INFO   	100000	AssemblyLoader.Client	]	User assembly ignored: C:\_git\dev\piraeus_0.9.0_prerelease\src\Gateways\TcpUdpGateway\TcpUdpGateway\bin\Debug\Microsoft.Extensions.Logging.Abstractions.dll
	* Assembly contains no types assignable from Orleans.Providers.IProvider.	
[2018-07-21 11:14:54.254 GMT     1	INFO   	100000	AssemblyLoader.Client	]	User assembly ignored: C:\_git\dev\piraeus_0.9.0_prerelease\src\Gateways\TcpUdpGateway\TcpUdpGateway\bin\Debug\Microsoft.Extensions.Logging.dll
	* Assembly contains no types assignable from Orleans.Providers.IProvider.	
[2018-07-21 11:14:54.320 GMT     1	INFO   	100000	AssemblyLoader.Client	]	User assembly ignored: C:\_git\dev\piraeus_0.9.0_prerelease\src\Gateways\TcpUdpGateway\TcpUdpGateway\bin\Debug\Microsoft.IdentityModel.Clients.ActiveDirectory.dll
	* Assembly contains no types assignable from Orleans.Providers.IProvider.	
[2018-07-21 11:14:54.334 GMT     1	INFO   	100000	AssemblyLoader.Client	]	User assembly ignored: C:\_git\dev\piraeus_0.9.0_prerelease\src\Gateways\TcpUdpGateway\TcpUdpGateway\bin\Debug\Microsoft.IdentityModel.Logging.dll
	* Assembly contains no types assignable from Orleans.Providers.IProvider.	
[2018-07-21 11:14:54.339 GMT     1	INFO   	100000	AssemblyLoader.Client	]	User assembly ignored: C:\_git\dev\piraeus_0.9.0_prerelease\src\Gateways\TcpUdpGateway\TcpUdpGateway\bin\Debug\Microsoft.IdentityModel.Tokens.dll
	* Assembly contains no types assignable from Orleans.Providers.IProvider.	
[2018-07-21 11:14:54.353 GMT     1	INFO   	100000	AssemblyLoader.Client	]	User assembly ignored: C:\_git\dev\piraeus_0.9.0_prerelease\src\Gateways\TcpUdpGateway\TcpUdpGateway\bin\Debug\Microsoft.Owin.dll
	* Assembly contains no types assignable from Orleans.Providers.IProvider.	
[2018-07-21 11:14:54.359 GMT     1	INFO   	100000	AssemblyLoader.Client	]	User assembly ignored: C:\_git\dev\piraeus_0.9.0_prerelease\src\Gateways\TcpUdpGateway\TcpUdpGateway\bin\Debug\Microsoft.Rest.ClientRuntime.Azure.Authentication.dll
	* Assembly contains no types assignable from Orleans.Providers.IProvider.	
[2018-07-21 11:14:54.375 GMT     1	INFO   	100000	AssemblyLoader.Client	]	User assembly ignored: C:\_git\dev\piraeus_0.9.0_prerelease\src\Gateways\TcpUdpGateway\TcpUdpGateway\bin\Debug\Microsoft.Rest.ClientRuntime.Azure.dll
	* Assembly contains no types assignable from Orleans.Providers.IProvider.	
[2018-07-21 11:14:54.382 GMT     1	INFO   	100000	AssemblyLoader.Client	]	User assembly ignored: C:\_git\dev\piraeus_0.9.0_prerelease\src\Gateways\TcpUdpGateway\TcpUdpGateway\bin\Debug\Microsoft.Rest.ClientRuntime.dll
	* Assembly contains no types assignable from Orleans.Providers.IProvider.	
[2018-07-21 11:14:54.674 GMT     1	INFO   	100000	AssemblyLoader.Client	]	User assembly ignored: C:\_git\dev\piraeus_0.9.0_prerelease\src\Gateways\TcpUdpGateway\TcpUdpGateway\bin\Debug\Microsoft.ServiceBus.dll
	* Assembly contains no types assignable from Orleans.Providers.IProvider.	
[2018-07-21 11:14:54.686 GMT     1	INFO   	100000	AssemblyLoader.Client	]	User assembly ignored: C:\_git\dev\piraeus_0.9.0_prerelease\src\Gateways\TcpUdpGateway\TcpUdpGateway\bin\Debug\Microsoft.Win32.Primitives.dll
	* Assembly contains no types assignable from Orleans.Providers.IProvider.	
[2018-07-21 11:14:54.749 GMT     1	INFO   	100000	AssemblyLoader.Client	]	User assembly ignored: C:\_git\dev\piraeus_0.9.0_prerelease\src\Gateways\TcpUdpGateway\TcpUdpGateway\bin\Debug\Microsoft.WindowsAzure.Storage.dll
	* Assembly contains no types assignable from Orleans.Providers.IProvider.	
[2018-07-21 11:14:54.812 GMT     1	INFO   	100000	AssemblyLoader.Client	]	User assembly ignored: C:\_git\dev\piraeus_0.9.0_prerelease\src\Gateways\TcpUdpGateway\TcpUdpGateway\bin\Debug\Newtonsoft.Json.dll
	* Assembly contains no types assignable from Orleans.Providers.IProvider.	
[2018-07-21 11:14:54.875 GMT     1	INFO   	100000	AssemblyLoader.Client	]	User assembly ignored: C:\_git\dev\piraeus_0.9.0_prerelease\src\Gateways\TcpUdpGateway\TcpUdpGateway\bin\Debug\NLog.dll
	* Assembly contains no types assignable from Orleans.Providers.IProvider.	
[2018-07-21 11:14:54.878 GMT     1	INFO   	100000	AssemblyLoader.Client	]	User assembly ignored: C:\_git\dev\piraeus_0.9.0_prerelease\src\Gateways\TcpUdpGateway\TcpUdpGateway\bin\Debug\Orleans.dll
	* Assembly filename is excluded.	
[2018-07-21 11:14:54.880 GMT     1	INFO   	100000	AssemblyLoader.Client	]	User assembly ignored: C:\_git\dev\piraeus_0.9.0_prerelease\src\Gateways\TcpUdpGateway\TcpUdpGateway\bin\Debug\OrleansCodeGenerator.dll
	* Assembly contains no types assignable from Orleans.Providers.IProvider.	
[2018-07-21 11:14:54.896 GMT     1	INFO   	100000	AssemblyLoader.Client	]	User assembly ignored: C:\_git\dev\piraeus_0.9.0_prerelease\src\Gateways\TcpUdpGateway\TcpUdpGateway\bin\Debug\Owin.dll
	* Assembly contains no types assignable from Orleans.Providers.IProvider.	
[2018-07-21 11:14:54.928 GMT     1	INFO   	100000	AssemblyLoader.Client	]	User assembly ignored: C:\_git\dev\piraeus_0.9.0_prerelease\src\Gateways\TcpUdpGateway\TcpUdpGateway\bin\Debug\PCLCrypto.dll
	* Assembly contains no types assignable from Orleans.Providers.IProvider.	
[2018-07-21 11:14:54.941 GMT     1	INFO   	100000	AssemblyLoader.Client	]	User assembly ignored: C:\_git\dev\piraeus_0.9.0_prerelease\src\Gateways\TcpUdpGateway\TcpUdpGateway\bin\Debug\PInvoke.BCrypt.dll
	* Assembly contains no types assignable from Orleans.Providers.IProvider.	
[2018-07-21 11:14:54.959 GMT     1	INFO   	100000	AssemblyLoader.Client	]	User assembly ignored: C:\_git\dev\piraeus_0.9.0_prerelease\src\Gateways\TcpUdpGateway\TcpUdpGateway\bin\Debug\PInvoke.Kernel32.dll
	* Assembly contains no types assignable from Orleans.Providers.IProvider.	
[2018-07-21 11:14:54.972 GMT     1	INFO   	100000	AssemblyLoader.Client	]	User assembly ignored: C:\_git\dev\piraeus_0.9.0_prerelease\src\Gateways\TcpUdpGateway\TcpUdpGateway\bin\Debug\PInvoke.NCrypt.dll
	* Assembly contains no types assignable from Orleans.Providers.IProvider.	
[2018-07-21 11:14:55.014 GMT     1	INFO   	100000	AssemblyLoader.Client	]	User assembly ignored: C:\_git\dev\piraeus_0.9.0_prerelease\src\Gateways\TcpUdpGateway\TcpUdpGateway\bin\Debug\PInvoke.Windows.Core.dll
	* Assembly contains no types assignable from Orleans.Providers.IProvider.	
[2018-07-21 11:14:55.041 GMT     1	INFO   	100000	AssemblyLoader.Client	]	User assembly ignored: C:\_git\dev\piraeus_0.9.0_prerelease\src\Gateways\TcpUdpGateway\TcpUdpGateway\bin\Debug\Piraeus.Adapters.dll
	* Assembly contains no types assignable from Orleans.Providers.IProvider.	
[2018-07-21 11:14:55.054 GMT     1	INFO   	100000	AssemblyLoader.Client	]	User assembly ignored: C:\_git\dev\piraeus_0.9.0_prerelease\src\Gateways\TcpUdpGateway\TcpUdpGateway\bin\Debug\Piraeus.Configuration.dll
	* Assembly contains no types assignable from Orleans.Providers.IProvider.	
[2018-07-21 11:14:55.060 GMT     1	INFO   	100000	AssemblyLoader.Client	]	User assembly ignored: C:\_git\dev\piraeus_0.9.0_prerelease\src\Gateways\TcpUdpGateway\TcpUdpGateway\bin\Debug\Piraeus.Core.dll
	* Assembly contains no types assignable from Orleans.Providers.IProvider.	
[2018-07-21 11:14:55.072 GMT     1	INFO   	100000	AssemblyLoader.Client	]	User assembly ignored: C:\_git\dev\piraeus_0.9.0_prerelease\src\Gateways\TcpUdpGateway\TcpUdpGateway\bin\Debug\Piraeus.GrainInterfaces.dll
	* Assembly contains no types assignable from Orleans.Providers.IProvider.	
[2018-07-21 11:14:55.154 GMT     1	INFO   	100000	AssemblyLoader.Client	]	User assembly ignored: C:\_git\dev\piraeus_0.9.0_prerelease\src\Gateways\TcpUdpGateway\TcpUdpGateway\bin\Debug\Piraeus.Grains.dll
	* Assembly contains no types assignable from Orleans.Providers.IProvider.	
[2018-07-21 11:14:55.191 GMT     1	INFO   	100000	AssemblyLoader.Client	]	User assembly ignored: C:\_git\dev\piraeus_0.9.0_prerelease\src\Gateways\TcpUdpGateway\TcpUdpGateway\bin\Debug\SkunkLab.Channels.dll
	* Assembly contains no types assignable from Orleans.Providers.IProvider.	
[2018-07-21 11:14:55.212 GMT     1	INFO   	100000	AssemblyLoader.Client	]	User assembly ignored: C:\_git\dev\piraeus_0.9.0_prerelease\src\Gateways\TcpUdpGateway\TcpUdpGateway\bin\Debug\SkunkLab.Diagnostics.dll
	* Assembly contains no types assignable from Orleans.Providers.IProvider.	
[2018-07-21 11:14:55.257 GMT     1	INFO   	100000	AssemblyLoader.Client	]	User assembly ignored: C:\_git\dev\piraeus_0.9.0_prerelease\src\Gateways\TcpUdpGateway\TcpUdpGateway\bin\Debug\SkunkLab.Listeners.dll
	* Assembly contains no types assignable from Orleans.Providers.IProvider.	
[2018-07-21 11:14:55.273 GMT     1	INFO   	100000	AssemblyLoader.Client	]	User assembly ignored: C:\_git\dev\piraeus_0.9.0_prerelease\src\Gateways\TcpUdpGateway\TcpUdpGateway\bin\Debug\SkunkLab.Protocols.dll
	* Assembly contains no types assignable from Orleans.Providers.IProvider.	
[2018-07-21 11:14:55.280 GMT     1	INFO   	100000	AssemblyLoader.Client	]	User assembly ignored: C:\_git\dev\piraeus_0.9.0_prerelease\src\Gateways\TcpUdpGateway\TcpUdpGateway\bin\Debug\SkunkLab.Security.dll
	* Assembly contains no types assignable from Orleans.Providers.IProvider.	
[2018-07-21 11:14:55.295 GMT     1	INFO   	100000	AssemblyLoader.Client	]	User assembly ignored: C:\_git\dev\piraeus_0.9.0_prerelease\src\Gateways\TcpUdpGateway\TcpUdpGateway\bin\Debug\SkunkLab.Storage.dll
	* Assembly contains no types assignable from Orleans.Providers.IProvider.	
[2018-07-21 11:14:55.356 GMT     1	INFO   	100000	AssemblyLoader.Client	]	User assembly ignored: C:\_git\dev\piraeus_0.9.0_prerelease\src\Gateways\TcpUdpGateway\TcpUdpGateway\bin\Debug\StackExchange.Redis.dll
	* Assembly contains no types assignable from Orleans.Providers.IProvider.	
[2018-07-21 11:14:55.363 GMT     1	INFO   	100000	AssemblyLoader.Client	]	User assembly ignored: C:\_git\dev\piraeus_0.9.0_prerelease\src\Gateways\TcpUdpGateway\TcpUdpGateway\bin\Debug\System.AppContext.dll
	* Assembly contains no types assignable from Orleans.Providers.IProvider.	
[2018-07-21 11:14:55.410 GMT     1	INFO   	100000	AssemblyLoader.Client	]	User assembly ignored: C:\_git\dev\piraeus_0.9.0_prerelease\src\Gateways\TcpUdpGateway\TcpUdpGateway\bin\Debug\System.Collections.Immutable.dll
	* Assembly contains no types assignable from Orleans.Providers.IProvider.	
[2018-07-21 11:14:55.435 GMT     1	INFO   	100000	AssemblyLoader.Client	]	User assembly ignored: C:\_git\dev\piraeus_0.9.0_prerelease\src\Gateways\TcpUdpGateway\TcpUdpGateway\bin\Debug\System.Console.dll
	* Assembly contains no types assignable from Orleans.Providers.IProvider.	
[2018-07-21 11:14:55.462 GMT     1	INFO   	100000	AssemblyLoader.Client	]	User assembly ignored: C:\_git\dev\piraeus_0.9.0_prerelease\src\Gateways\TcpUdpGateway\TcpUdpGateway\bin\Debug\System.Diagnostics.DiagnosticSource.dll
	* Assembly contains no types assignable from Orleans.Providers.IProvider.	
[2018-07-21 11:14:55.487 GMT     1	INFO   	100000	AssemblyLoader.Client	]	User assembly ignored: C:\_git\dev\piraeus_0.9.0_prerelease\src\Gateways\TcpUdpGateway\TcpUdpGateway\bin\Debug\System.Diagnostics.FileVersionInfo.dll
	* Assembly contains no types assignable from Orleans.Providers.IProvider.	
[2018-07-21 11:14:55.489 GMT     1	INFO   	100000	AssemblyLoader.Client	]	User assembly ignored: C:\_git\dev\piraeus_0.9.0_prerelease\src\Gateways\TcpUdpGateway\TcpUdpGateway\bin\Debug\System.Diagnostics.StackTrace.dll
	* Assembly contains no types assignable from Orleans.Providers.IProvider.	
[2018-07-21 11:14:55.491 GMT     1	INFO   	100000	AssemblyLoader.Client	]	User assembly ignored: C:\_git\dev\piraeus_0.9.0_prerelease\src\Gateways\TcpUdpGateway\TcpUdpGateway\bin\Debug\System.Globalization.Calendars.dll
	* Assembly contains no types assignable from Orleans.Providers.IProvider.	
[2018-07-21 11:14:55.498 GMT     1	INFO   	100000	AssemblyLoader.Client	]	User assembly ignored: C:\_git\dev\piraeus_0.9.0_prerelease\src\Gateways\TcpUdpGateway\TcpUdpGateway\bin\Debug\System.IdentityModel.Tokens.Jwt.dll
	* Assembly contains no types assignable from Orleans.Providers.IProvider.	
[2018-07-21 11:14:55.505 GMT     1	INFO   	100000	AssemblyLoader.Client	]	User assembly ignored: C:\_git\dev\piraeus_0.9.0_prerelease\src\Gateways\TcpUdpGateway\TcpUdpGateway\bin\Debug\System.IO.Compression.dll
	* Assembly contains no types assignable from Orleans.Providers.IProvider.	
[2018-07-21 11:14:55.508 GMT     1	INFO   	100000	AssemblyLoader.Client	]	User assembly ignored: C:\_git\dev\piraeus_0.9.0_prerelease\src\Gateways\TcpUdpGateway\TcpUdpGateway\bin\Debug\System.IO.Compression.ZipFile.dll
	* Assembly contains no types assignable from Orleans.Providers.IProvider.	
[2018-07-21 11:14:55.510 GMT     1	INFO   	100000	AssemblyLoader.Client	]	User assembly ignored: C:\_git\dev\piraeus_0.9.0_prerelease\src\Gateways\TcpUdpGateway\TcpUdpGateway\bin\Debug\System.IO.FileSystem.dll
	* Assembly contains no types assignable from Orleans.Providers.IProvider.	
[2018-07-21 11:14:55.512 GMT     1	INFO   	100000	AssemblyLoader.Client	]	User assembly ignored: C:\_git\dev\piraeus_0.9.0_prerelease\src\Gateways\TcpUdpGateway\TcpUdpGateway\bin\Debug\System.IO.FileSystem.Primitives.dll
	* Assembly contains no types assignable from Orleans.Providers.IProvider.	
[2018-07-21 11:14:55.524 GMT     1	INFO   	100000	AssemblyLoader.Client	]	User assembly ignored: C:\_git\dev\piraeus_0.9.0_prerelease\src\Gateways\TcpUdpGateway\TcpUdpGateway\bin\Debug\System.Net.Http.dll
	* Assembly contains no types assignable from Orleans.Providers.IProvider.	
[2018-07-21 11:14:55.536 GMT     1	INFO   	100000	AssemblyLoader.Client	]	User assembly ignored: C:\_git\dev\piraeus_0.9.0_prerelease\src\Gateways\TcpUdpGateway\TcpUdpGateway\bin\Debug\System.Net.Http.Formatting.dll
	* Assembly contains no types assignable from Orleans.Providers.IProvider.	
[2018-07-21 11:14:55.540 GMT     1	INFO   	100000	AssemblyLoader.Client	]	User assembly ignored: C:\_git\dev\piraeus_0.9.0_prerelease\src\Gateways\TcpUdpGateway\TcpUdpGateway\bin\Debug\System.Net.Sockets.dll
	* Assembly contains no types assignable from Orleans.Providers.IProvider.	
[2018-07-21 11:14:55.611 GMT     1	INFO   	100000	AssemblyLoader.Client	]	User assembly ignored: C:\_git\dev\piraeus_0.9.0_prerelease\src\Gateways\TcpUdpGateway\TcpUdpGateway\bin\Debug\System.Reflection.Metadata.dll
	* Assembly contains no types assignable from Orleans.Providers.IProvider.	
[2018-07-21 11:14:55.629 GMT     1	INFO   	100000	AssemblyLoader.Client	]	User assembly ignored: C:\_git\dev\piraeus_0.9.0_prerelease\src\Gateways\TcpUdpGateway\TcpUdpGateway\bin\Debug\System.Runtime.CompilerServices.Unsafe.dll
	* Assembly contains no types assignable from Orleans.Providers.IProvider.	
[2018-07-21 11:14:55.639 GMT     1	INFO   	100000	AssemblyLoader.Client	]	User assembly ignored: C:\_git\dev\piraeus_0.9.0_prerelease\src\Gateways\TcpUdpGateway\TcpUdpGateway\bin\Debug\System.Runtime.InteropServices.RuntimeInformation.dll
	* Assembly contains no types assignable from Orleans.Providers.IProvider.	
[2018-07-21 11:14:55.645 GMT     1	INFO   	100000	AssemblyLoader.Client	]	User assembly ignored: C:\_git\dev\piraeus_0.9.0_prerelease\src\Gateways\TcpUdpGateway\TcpUdpGateway\bin\Debug\System.Security.Cryptography.Algorithms.dll
	* Assembly contains no types assignable from Orleans.Providers.IProvider.	
[2018-07-21 11:14:55.650 GMT     1	INFO   	100000	AssemblyLoader.Client	]	User assembly ignored: C:\_git\dev\piraeus_0.9.0_prerelease\src\Gateways\TcpUdpGateway\TcpUdpGateway\bin\Debug\System.Security.Cryptography.Encoding.dll
	* Assembly contains no types assignable from Orleans.Providers.IProvider.	
[2018-07-21 11:14:55.664 GMT     1	INFO   	100000	AssemblyLoader.Client	]	User assembly ignored: C:\_git\dev\piraeus_0.9.0_prerelease\src\Gateways\TcpUdpGateway\TcpUdpGateway\bin\Debug\System.Security.Cryptography.Primitives.dll
	* Assembly contains no types assignable from Orleans.Providers.IProvider.	
[2018-07-21 11:14:55.675 GMT     1	INFO   	100000	AssemblyLoader.Client	]	User assembly ignored: C:\_git\dev\piraeus_0.9.0_prerelease\src\Gateways\TcpUdpGateway\TcpUdpGateway\bin\Debug\System.Security.Cryptography.X509Certificates.dll
	* Assembly contains no types assignable from Orleans.Providers.IProvider.	
[2018-07-21 11:14:55.699 GMT     1	INFO   	100000	AssemblyLoader.Client	]	User assembly ignored: C:\_git\dev\piraeus_0.9.0_prerelease\src\Gateways\TcpUdpGateway\TcpUdpGateway\bin\Debug\System.Spatial.dll
	* Assembly contains no types assignable from Orleans.Providers.IProvider.	
[2018-07-21 11:14:55.718 GMT     1	INFO   	100000	AssemblyLoader.Client	]	User assembly ignored: C:\_git\dev\piraeus_0.9.0_prerelease\src\Gateways\TcpUdpGateway\TcpUdpGateway\bin\Debug\System.Text.Encoding.CodePages.dll
	* Assembly contains no types assignable from Orleans.Providers.IProvider.	
[2018-07-21 11:14:55.723 GMT     1	INFO   	100000	AssemblyLoader.Client	]	User assembly ignored: C:\_git\dev\piraeus_0.9.0_prerelease\src\Gateways\TcpUdpGateway\TcpUdpGateway\bin\Debug\System.Threading.Thread.dll
	* Assembly contains no types assignable from Orleans.Providers.IProvider.	
[2018-07-21 11:14:55.733 GMT     1	INFO   	100000	AssemblyLoader.Client	]	User assembly ignored: C:\_git\dev\piraeus_0.9.0_prerelease\src\Gateways\TcpUdpGateway\TcpUdpGateway\bin\Debug\System.ValueTuple.dll
	* Assembly contains no types assignable from Orleans.Providers.IProvider.	
[2018-07-21 11:14:55.781 GMT     1	INFO   	100000	AssemblyLoader.Client	]	User assembly ignored: C:\_git\dev\piraeus_0.9.0_prerelease\src\Gateways\TcpUdpGateway\TcpUdpGateway\bin\Debug\System.Web.Http.dll
	* Assembly contains no types assignable from Orleans.Providers.IProvider.	
[2018-07-21 11:14:55.785 GMT     1	INFO   	100000	AssemblyLoader.Client	]	User assembly ignored: C:\_git\dev\piraeus_0.9.0_prerelease\src\Gateways\TcpUdpGateway\TcpUdpGateway\bin\Debug\System.Xml.ReaderWriter.dll
	* Assembly contains no types assignable from Orleans.Providers.IProvider.	
[2018-07-21 11:14:55.788 GMT     1	INFO   	100000	AssemblyLoader.Client	]	User assembly ignored: C:\_git\dev\piraeus_0.9.0_prerelease\src\Gateways\TcpUdpGateway\TcpUdpGateway\bin\Debug\System.Xml.XmlDocument.dll
	* Assembly contains no types assignable from Orleans.Providers.IProvider.	
[2018-07-21 11:14:55.789 GMT     1	INFO   	100000	AssemblyLoader.Client	]	User assembly ignored: C:\_git\dev\piraeus_0.9.0_prerelease\src\Gateways\TcpUdpGateway\TcpUdpGateway\bin\Debug\System.Xml.XPath.dll
	* Assembly contains no types assignable from Orleans.Providers.IProvider.	
[2018-07-21 11:14:55.793 GMT     1	INFO   	100000	AssemblyLoader.Client	]	User assembly ignored: C:\_git\dev\piraeus_0.9.0_prerelease\src\Gateways\TcpUdpGateway\TcpUdpGateway\bin\Debug\System.Xml.XPath.XDocument.dll
	* Assembly contains no types assignable from Orleans.Providers.IProvider.	
[2018-07-21 11:14:55.796 GMT     1	INFO   	100000	AssemblyLoader.Client	]	User assembly ignored: C:\_git\dev\piraeus_0.9.0_prerelease\src\Gateways\TcpUdpGateway\TcpUdpGateway\bin\Debug\Validation.dll
	* Assembly contains no types assignable from Orleans.Providers.IProvider.	
[2018-07-21 11:14:55.801 GMT     1	INFO   	100000	AssemblyLoader.Client	]	User assembly ignored: C:\_git\dev\piraeus_0.9.0_prerelease\src\Gateways\TcpUdpGateway\TcpUdpGateway\bin\Debug\de\Microsoft.Data.Edm.resources.dll
	* Assembly filename indicates that it is a resource assembly.	
[2018-07-21 11:14:55.805 GMT     1	INFO   	100000	AssemblyLoader.Client	]	User assembly ignored: C:\_git\dev\piraeus_0.9.0_prerelease\src\Gateways\TcpUdpGateway\TcpUdpGateway\bin\Debug\de\Microsoft.Data.OData.resources.dll
	* Assembly filename indicates that it is a resource assembly.	
[2018-07-21 11:14:55.807 GMT     1	INFO   	100000	AssemblyLoader.Client	]	User assembly ignored: C:\_git\dev\piraeus_0.9.0_prerelease\src\Gateways\TcpUdpGateway\TcpUdpGateway\bin\Debug\de\Microsoft.Data.Services.Client.resources.dll
	* Assembly filename indicates that it is a resource assembly.	
[2018-07-21 11:14:55.809 GMT     1	INFO   	100000	AssemblyLoader.Client	]	User assembly ignored: C:\_git\dev\piraeus_0.9.0_prerelease\src\Gateways\TcpUdpGateway\TcpUdpGateway\bin\Debug\de\System.Spatial.resources.dll
	* Assembly filename indicates that it is a resource assembly.	
[2018-07-21 11:14:55.811 GMT     1	INFO   	100000	AssemblyLoader.Client	]	User assembly ignored: C:\_git\dev\piraeus_0.9.0_prerelease\src\Gateways\TcpUdpGateway\TcpUdpGateway\bin\Debug\es\Microsoft.Data.Edm.resources.dll
	* Assembly filename indicates that it is a resource assembly.	
[2018-07-21 11:14:55.817 GMT     1	INFO   	100000	AssemblyLoader.Client	]	User assembly ignored: C:\_git\dev\piraeus_0.9.0_prerelease\src\Gateways\TcpUdpGateway\TcpUdpGateway\bin\Debug\es\Microsoft.Data.OData.resources.dll
	* Assembly filename indicates that it is a resource assembly.	
[2018-07-21 11:14:55.822 GMT     1	INFO   	100000	AssemblyLoader.Client	]	User assembly ignored: C:\_git\dev\piraeus_0.9.0_prerelease\src\Gateways\TcpUdpGateway\TcpUdpGateway\bin\Debug\es\Microsoft.Data.Services.Client.resources.dll
	* Assembly filename indicates that it is a resource assembly.	
[2018-07-21 11:14:55.832 GMT     1	INFO   	100000	AssemblyLoader.Client	]	User assembly ignored: C:\_git\dev\piraeus_0.9.0_prerelease\src\Gateways\TcpUdpGateway\TcpUdpGateway\bin\Debug\es\System.Spatial.resources.dll
	* Assembly filename indicates that it is a resource assembly.	
[2018-07-21 11:14:55.841 GMT     1	INFO   	100000	AssemblyLoader.Client	]	User assembly ignored: C:\_git\dev\piraeus_0.9.0_prerelease\src\Gateways\TcpUdpGateway\TcpUdpGateway\bin\Debug\fr\Microsoft.Data.Edm.resources.dll
	* Assembly filename indicates that it is a resource assembly.	
[2018-07-21 11:14:55.843 GMT     1	INFO   	100000	AssemblyLoader.Client	]	User assembly ignored: C:\_git\dev\piraeus_0.9.0_prerelease\src\Gateways\TcpUdpGateway\TcpUdpGateway\bin\Debug\fr\Microsoft.Data.OData.resources.dll
	* Assembly filename indicates that it is a resource assembly.	
[2018-07-21 11:14:55.849 GMT     1	INFO   	100000	AssemblyLoader.Client	]	User assembly ignored: C:\_git\dev\piraeus_0.9.0_prerelease\src\Gateways\TcpUdpGateway\TcpUdpGateway\bin\Debug\fr\Microsoft.Data.Services.Client.resources.dll
	* Assembly filename indicates that it is a resource assembly.	
[2018-07-21 11:14:55.872 GMT     1	INFO   	100000	AssemblyLoader.Client	]	User assembly ignored: C:\_git\dev\piraeus_0.9.0_prerelease\src\Gateways\TcpUdpGateway\TcpUdpGateway\bin\Debug\fr\System.Spatial.resources.dll
	* Assembly filename indicates that it is a resource assembly.	
[2018-07-21 11:14:55.873 GMT     1	INFO   	100000	AssemblyLoader.Client	]	User assembly ignored: C:\_git\dev\piraeus_0.9.0_prerelease\src\Gateways\TcpUdpGateway\TcpUdpGateway\bin\Debug\it\Microsoft.Data.Edm.resources.dll
	* Assembly filename indicates that it is a resource assembly.	
[2018-07-21 11:14:55.891 GMT     1	INFO   	100000	AssemblyLoader.Client	]	User assembly ignored: C:\_git\dev\piraeus_0.9.0_prerelease\src\Gateways\TcpUdpGateway\TcpUdpGateway\bin\Debug\it\Microsoft.Data.OData.resources.dll
	* Assembly filename indicates that it is a resource assembly.	
[2018-07-21 11:14:55.909 GMT     1	INFO   	100000	AssemblyLoader.Client	]	User assembly ignored: C:\_git\dev\piraeus_0.9.0_prerelease\src\Gateways\TcpUdpGateway\TcpUdpGateway\bin\Debug\it\Microsoft.Data.Services.Client.resources.dll
	* Assembly filename indicates that it is a resource assembly.	
[2018-07-21 11:14:55.913 GMT     1	INFO   	100000	AssemblyLoader.Client	]	User assembly ignored: C:\_git\dev\piraeus_0.9.0_prerelease\src\Gateways\TcpUdpGateway\TcpUdpGateway\bin\Debug\it\System.Spatial.resources.dll
	* Assembly filename indicates that it is a resource assembly.	
[2018-07-21 11:14:55.921 GMT     1	INFO   	100000	AssemblyLoader.Client	]	User assembly ignored: C:\_git\dev\piraeus_0.9.0_prerelease\src\Gateways\TcpUdpGateway\TcpUdpGateway\bin\Debug\ja\Microsoft.Data.Edm.resources.dll
	* Assembly filename indicates that it is a resource assembly.	
[2018-07-21 11:14:55.923 GMT     1	INFO   	100000	AssemblyLoader.Client	]	User assembly ignored: C:\_git\dev\piraeus_0.9.0_prerelease\src\Gateways\TcpUdpGateway\TcpUdpGateway\bin\Debug\ja\Microsoft.Data.OData.resources.dll
	* Assembly filename indicates that it is a resource assembly.	
[2018-07-21 11:14:55.926 GMT     1	INFO   	100000	AssemblyLoader.Client	]	User assembly ignored: C:\_git\dev\piraeus_0.9.0_prerelease\src\Gateways\TcpUdpGateway\TcpUdpGateway\bin\Debug\ja\Microsoft.Data.Services.Client.resources.dll
	* Assembly filename indicates that it is a resource assembly.	
[2018-07-21 11:14:55.940 GMT     1	INFO   	100000	AssemblyLoader.Client	]	User assembly ignored: C:\_git\dev\piraeus_0.9.0_prerelease\src\Gateways\TcpUdpGateway\TcpUdpGateway\bin\Debug\ja\System.Spatial.resources.dll
	* Assembly filename indicates that it is a resource assembly.	
[2018-07-21 11:14:55.943 GMT     1	INFO   	100000	AssemblyLoader.Client	]	User assembly ignored: C:\_git\dev\piraeus_0.9.0_prerelease\src\Gateways\TcpUdpGateway\TcpUdpGateway\bin\Debug\ko\Microsoft.Data.Edm.resources.dll
	* Assembly filename indicates that it is a resource assembly.	
[2018-07-21 11:14:55.945 GMT     1	INFO   	100000	AssemblyLoader.Client	]	User assembly ignored: C:\_git\dev\piraeus_0.9.0_prerelease\src\Gateways\TcpUdpGateway\TcpUdpGateway\bin\Debug\ko\Microsoft.Data.OData.resources.dll
	* Assembly filename indicates that it is a resource assembly.	
[2018-07-21 11:14:55.947 GMT     1	INFO   	100000	AssemblyLoader.Client	]	User assembly ignored: C:\_git\dev\piraeus_0.9.0_prerelease\src\Gateways\TcpUdpGateway\TcpUdpGateway\bin\Debug\ko\Microsoft.Data.Services.Client.resources.dll
	* Assembly filename indicates that it is a resource assembly.	
[2018-07-21 11:14:55.960 GMT     1	INFO   	100000	AssemblyLoader.Client	]	User assembly ignored: C:\_git\dev\piraeus_0.9.0_prerelease\src\Gateways\TcpUdpGateway\TcpUdpGateway\bin\Debug\ko\System.Spatial.resources.dll
	* Assembly filename indicates that it is a resource assembly.	
[2018-07-21 11:14:55.961 GMT     1	INFO   	100000	AssemblyLoader.Client	]	User assembly ignored: C:\_git\dev\piraeus_0.9.0_prerelease\src\Gateways\TcpUdpGateway\TcpUdpGateway\bin\Debug\ru\Microsoft.Data.Edm.resources.dll
	* Assembly filename indicates that it is a resource assembly.	
[2018-07-21 11:14:55.971 GMT     1	INFO   	100000	AssemblyLoader.Client	]	User assembly ignored: C:\_git\dev\piraeus_0.9.0_prerelease\src\Gateways\TcpUdpGateway\TcpUdpGateway\bin\Debug\ru\Microsoft.Data.OData.resources.dll
	* Assembly filename indicates that it is a resource assembly.	
[2018-07-21 11:14:55.975 GMT     1	INFO   	100000	AssemblyLoader.Client	]	User assembly ignored: C:\_git\dev\piraeus_0.9.0_prerelease\src\Gateways\TcpUdpGateway\TcpUdpGateway\bin\Debug\ru\Microsoft.Data.Services.Client.resources.dll
	* Assembly filename indicates that it is a resource assembly.	
[2018-07-21 11:14:55.977 GMT     1	INFO   	100000	AssemblyLoader.Client	]	User assembly ignored: C:\_git\dev\piraeus_0.9.0_prerelease\src\Gateways\TcpUdpGateway\TcpUdpGateway\bin\Debug\ru\System.Spatial.resources.dll
	* Assembly filename indicates that it is a resource assembly.	
[2018-07-21 11:14:55.979 GMT     1	INFO   	100000	AssemblyLoader.Client	]	User assembly ignored: C:\_git\dev\piraeus_0.9.0_prerelease\src\Gateways\TcpUdpGateway\TcpUdpGateway\bin\Debug\zh-Hans\Microsoft.Data.Edm.resources.dll
	* Assembly filename indicates that it is a resource assembly.	
[2018-07-21 11:14:55.986 GMT     1	INFO   	100000	AssemblyLoader.Client	]	User assembly ignored: C:\_git\dev\piraeus_0.9.0_prerelease\src\Gateways\TcpUdpGateway\TcpUdpGateway\bin\Debug\zh-Hans\Microsoft.Data.OData.resources.dll
	* Assembly filename indicates that it is a resource assembly.	
[2018-07-21 11:14:55.989 GMT     1	INFO   	100000	AssemblyLoader.Client	]	User assembly ignored: C:\_git\dev\piraeus_0.9.0_prerelease\src\Gateways\TcpUdpGateway\TcpUdpGateway\bin\Debug\zh-Hans\Microsoft.Data.Services.Client.resources.dll
	* Assembly filename indicates that it is a resource assembly.	
[2018-07-21 11:14:55.992 GMT     1	INFO   	100000	AssemblyLoader.Client	]	User assembly ignored: C:\_git\dev\piraeus_0.9.0_prerelease\src\Gateways\TcpUdpGateway\TcpUdpGateway\bin\Debug\zh-Hans\System.Spatial.resources.dll
	* Assembly filename indicates that it is a resource assembly.	
[2018-07-21 11:14:55.993 GMT     1	INFO   	100000	AssemblyLoader.Client	]	User assembly ignored: C:\_git\dev\piraeus_0.9.0_prerelease\src\Gateways\TcpUdpGateway\TcpUdpGateway\bin\Debug\zh-Hant\Microsoft.Data.Edm.resources.dll
	* Assembly filename indicates that it is a resource assembly.	
[2018-07-21 11:14:55.999 GMT     1	INFO   	100000	AssemblyLoader.Client	]	User assembly ignored: C:\_git\dev\piraeus_0.9.0_prerelease\src\Gateways\TcpUdpGateway\TcpUdpGateway\bin\Debug\zh-Hant\Microsoft.Data.OData.resources.dll
	* Assembly filename indicates that it is a resource assembly.	
[2018-07-21 11:14:56.003 GMT     1	INFO   	100000	AssemblyLoader.Client	]	User assembly ignored: C:\_git\dev\piraeus_0.9.0_prerelease\src\Gateways\TcpUdpGateway\TcpUdpGateway\bin\Debug\zh-Hant\Microsoft.Data.Services.Client.resources.dll
	* Assembly filename indicates that it is a resource assembly.	
[2018-07-21 11:14:56.005 GMT     1	INFO   	100000	AssemblyLoader.Client	]	User assembly ignored: C:\_git\dev\piraeus_0.9.0_prerelease\src\Gateways\TcpUdpGateway\TcpUdpGateway\bin\Debug\zh-Hant\System.Spatial.resources.dll
	* Assembly filename indicates that it is a resource assembly.	
[2018-07-21 11:14:56.010 GMT     1	INFO   	100000	AssemblyLoader.Client	]	Loading assembly C:\_git\dev\piraeus_0.9.0_prerelease\src\Gateways\TcpUdpGateway\TcpUdpGateway\bin\Debug\OrleansProviders.dll...	
[2018-07-21 11:14:56.085 GMT     1	INFO   	100000	AssemblyLoader.Client	]	1 assemblies loaded.	
[2018-07-21 11:14:56.265 GMT     1	INFO   	100313	OutsideRuntimeClient	]	---------- Initializing OutsideRuntimeClient on MININT-2T87D76 at 100.64.71.133 Client Id = *cli/4df2e5ac ----------	
[2018-07-21 11:14:56.304 GMT     1	INFO   	100314	OutsideRuntimeClient	]	---------- Starting OutsideRuntimeClient with runtime Version='1.5.2.0 (Release).' in AppDomain=<AppDomain.Id=1, AppDomain.FriendlyName=TcpUdpGateway.exe> Config= 
 Platform version info:
   Orleans version: 1.5.2.0 (Release).
   .NET version: 4.0.30319.42000
   OS version: Microsoft Windows NT 6.2.9200.0
   App config file: C:\_git\dev\piraeus_0.9.0_prerelease\src\Gateways\TcpUdpGateway\TcpUdpGateway\bin\Debug\TcpUdpGateway.exe.Config
   GC Type=Server GCLatencyMode=Batch
   Host: MININT-2T87D76
   Processor Count: 4
Client Configuration:
   Config File Name: 
   Start time: 2018-07-21 11:14:56.285 GMT
   Gateway Provider: Config
   Gateways[1]:
      127.0.0.1:40000
   Preferred Gateway Index: -1
   GatewayListRefreshPeriod: 00:01:00
   Preferred Address Family: InterNetwork
   DNS Host Name: MININT-2T87D76
   Client Name: Client
   Tracing: 
     Default Trace Level: Info
     TraceLevelOverrides: None
     Trace to Console: True
     Trace File Name: C:\_git\dev\piraeus_0.9.0_prerelease\src\Gateways\TcpUdpGateway\TcpUdpGateway\bin\Debug\Client-2018-07-21-11.14.44.422Z.log
     LargeMessageWarningThreshold: 85000
     PropagateActivityId: False
     BulkMessageLimit: 5
   Statistics: 
     MetricsTableWriteInterval: 00:00:30
     PerfCounterWriteInterval: -00:00:00.0010000
     LogWriteInterval: 00:05:00
     WriteLogStatisticsToTable: True
     StatisticsCollectionLevel: Info
   Messaging:
       Response timeout: 00:30:00
       Maximum resend count: 0
       Resend On Timeout: False
       Maximum Socket Age: 10675199.02:48:05.4775807
       Drop Expired Messages: True
       Client Sender Buckets: 8192
       Buffer Pool Buffer Size: 4096
       Buffer Pool Max Size: 10000
       Buffer Pool Preallocation Size: 250
       Fallback serializer: 
   .NET: 
       .NET thread pool sizes - Min: Worker Threads=4 Completion Port Threads=4
       .NET thread pool sizes - Max: Worker Threads=2047 Completion Port Threads=1000
   Providers:
       No providers configured.
	
[2018-07-21 11:14:56.520 GMT     4	INFO   	101309	Messaging.GatewayManager	]	Found 1 knownGateways from Gateway listProvider [gwy.tcp://127.0.0.1:40000/0]	
[2018-07-21 11:14:56.636 GMT     4	INFO   	100908	Messaging.GatewayConnection/GatewayClientSender_gwy.tcp://127.0.0.1:40000/0	100.64.71.133:0]	Connected to gateway at address gwy.tcp://127.0.0.1:40000/0 on trial 0.	
[2018-07-21 11:14:56.670 GMT     9	INFO   	100000	Messaging.GatewayClientReceiver/gwy.tcp://127.0.0.1:40000/0	100.64.71.133:0]	Starting AsyncAgent Messaging.GatewayClientReceiver/gwy.tcp://127.0.0.1:40000/0 on managed thread 9	
[2018-07-21 11:14:56.676 GMT     8	INFO   	100000	Messaging.GatewayConnection/GatewayClientSender_gwy.tcp://127.0.0.1:40000/0	100.64.71.133:0]	Starting AsyncAgent Messaging.GatewayConnection/GatewayClientSender_gwy.tcp://127.0.0.1:40000/0 on managed thread 8	
[2018-07-21 11:14:56.962 GMT     5	INFO   	100929	OutsideRuntimeClient	100.64.71.133:0]	---------- Started OutsideRuntimeClient with Global Client ID: C100.64.71.133:0:-269867696*cli/4df2e5ac@38cd90b0, client GUID ID: *cli/4df2e5ac	
[2018-07-21 11:15:56.525 GMT     5	INFO   	101309	Messaging.GatewayManager	100.64.71.133:0]	Refreshed the live Gateway list. Found 1 gateways from Gateway listProvider: [gwy.tcp://127.0.0.1:40000/0]. Picked only known live out of them. Now has 1 live Gateways: [gwy.tcp://127.0.0.1:40000/0]. Previous refresh time was = 7/21/2018 11:14:56 AM	
[2018-07-21 11:16:56.540 GMT     7	INFO   	101309	Messaging.GatewayManager	100.64.71.133:0]	Refreshed the live Gateway list. Found 1 gateways from Gateway listProvider: [gwy.tcp://127.0.0.1:40000/0]. Picked only known live out of them. Now has 1 live Gateways: [gwy.tcp://127.0.0.1:40000/0]. Previous refresh time was = 7/21/2018 11:15:56 AM	
