[2018-06-26 22:49:10.149 GMT     1	INFO   	100000	AssemblyLoader.Client	]	Recursively searching for assemblies in C:\_git\dev\piraeus_0.9.0_prerelease\src\Gateways\TcpUdpGateway\TcpUdpGateway\bin\Release...	
[2018-06-26 22:49:10.293 GMT     1	INFO   	100000	AssemblyLoader.Client	]	C:\_git\dev\piraeus_0.9.0_prerelease\src\Gateways\TcpUdpGateway\TcpUdpGateway\bin\Release\DocumentDB.Spatial.Sql.dll is not compatible with current process, loading is skipped.	
[2018-06-26 22:49:11.112 GMT     1	INFO   	100000	AssemblyLoader.Client	]	C:\_git\dev\piraeus_0.9.0_prerelease\src\Gateways\TcpUdpGateway\TcpUdpGateway\bin\Release\Microsoft.Azure.Documents.ServiceInterop.dll is not compatible with current process, loading is skipped.	
[2018-06-26 22:49:14.686 GMT     1	INFO   	100000	AssemblyLoader.Client	]	User assembly ignored: C:\_git\dev\piraeus_0.9.0_prerelease\src\Gateways\TcpUdpGateway\TcpUdpGateway\bin\Release\BouncyCastle.Crypto.dll
	* Assembly contains no types assignable from Orleans.Providers.IProvider.	
[2018-06-26 22:49:14.699 GMT     1	INFO   	100000	AssemblyLoader.Client	]	User assembly ignored: C:\_git\dev\piraeus_0.9.0_prerelease\src\Gateways\TcpUdpGateway\TcpUdpGateway\bin\Release\Capl.dll
	* Assembly contains no types assignable from Orleans.Providers.IProvider.	
[2018-06-26 22:49:14.699 GMT     1	INFO   	100000	AssemblyLoader.Client	]	User assembly ignored: C:\_git\dev\piraeus_0.9.0_prerelease\src\Gateways\TcpUdpGateway\TcpUdpGateway\bin\Release\DocumentDB.Spatial.Sql.dll
	* The file C:\_git\dev\piraeus_0.9.0_prerelease\src\Gateways\TcpUdpGateway\TcpUdpGateway\bin\Release\DocumentDB.Spatial.Sql.dll does not contain any CLR metadata, probably it is a native file.	
[2018-06-26 22:49:14.717 GMT     1	INFO   	100000	AssemblyLoader.Client	]	User assembly ignored: C:\_git\dev\piraeus_0.9.0_prerelease\src\Gateways\TcpUdpGateway\TcpUdpGateway\bin\Release\DotNetty.Buffers.dll
	* Assembly contains no types assignable from Orleans.Providers.IProvider.	
[2018-06-26 22:49:14.732 GMT     1	INFO   	100000	AssemblyLoader.Client	]	User assembly ignored: C:\_git\dev\piraeus_0.9.0_prerelease\src\Gateways\TcpUdpGateway\TcpUdpGateway\bin\Release\DotNetty.Codecs.dll
	* Assembly contains no types assignable from Orleans.Providers.IProvider.	
[2018-06-26 22:49:14.735 GMT     1	INFO   	100000	AssemblyLoader.Client	]	User assembly ignored: C:\_git\dev\piraeus_0.9.0_prerelease\src\Gateways\TcpUdpGateway\TcpUdpGateway\bin\Release\DotNetty.Codecs.Mqtt.dll
	* Assembly contains no types assignable from Orleans.Providers.IProvider.	
[2018-06-26 22:49:14.777 GMT     1	INFO   	100000	AssemblyLoader.Client	]	User assembly ignored: C:\_git\dev\piraeus_0.9.0_prerelease\src\Gateways\TcpUdpGateway\TcpUdpGateway\bin\Release\DotNetty.Common.dll
	* Assembly contains no types assignable from Orleans.Providers.IProvider.	
[2018-06-26 22:49:14.790 GMT     1	INFO   	100000	AssemblyLoader.Client	]	User assembly ignored: C:\_git\dev\piraeus_0.9.0_prerelease\src\Gateways\TcpUdpGateway\TcpUdpGateway\bin\Release\DotNetty.Handlers.dll
	* Assembly contains no types assignable from Orleans.Providers.IProvider.	
[2018-06-26 22:49:14.808 GMT     1	INFO   	100000	AssemblyLoader.Client	]	User assembly ignored: C:\_git\dev\piraeus_0.9.0_prerelease\src\Gateways\TcpUdpGateway\TcpUdpGateway\bin\Release\DotNetty.Transport.dll
	* Assembly contains no types assignable from Orleans.Providers.IProvider.	
[2018-06-26 22:49:14.847 GMT     1	INFO   	100000	AssemblyLoader.Client	]	User assembly ignored: C:\_git\dev\piraeus_0.9.0_prerelease\src\Gateways\TcpUdpGateway\TcpUdpGateway\bin\Release\Microsoft.Azure.Amqp.dll
	* Assembly contains no types assignable from Orleans.Providers.IProvider.	
[2018-06-26 22:49:14.871 GMT     1	INFO   	100000	AssemblyLoader.Client	]	User assembly ignored: C:\_git\dev\piraeus_0.9.0_prerelease\src\Gateways\TcpUdpGateway\TcpUdpGateway\bin\Release\Microsoft.Azure.DataLake.Store.dll
	* Assembly contains no types assignable from Orleans.Providers.IProvider.	
[2018-06-26 22:49:14.932 GMT     1	INFO   	100000	AssemblyLoader.Client	]	User assembly ignored: C:\_git\dev\piraeus_0.9.0_prerelease\src\Gateways\TcpUdpGateway\TcpUdpGateway\bin\Release\Microsoft.Azure.Devices.Client.dll
	* Assembly contains no types assignable from Orleans.Providers.IProvider.	
[2018-06-26 22:49:14.971 GMT     1	INFO   	100000	AssemblyLoader.Client	]	User assembly ignored: C:\_git\dev\piraeus_0.9.0_prerelease\src\Gateways\TcpUdpGateway\TcpUdpGateway\bin\Release\Microsoft.Azure.Devices.dll
	* Assembly contains no types assignable from Orleans.Providers.IProvider.	
[2018-06-26 22:49:14.983 GMT     1	INFO   	100000	AssemblyLoader.Client	]	User assembly ignored: C:\_git\dev\piraeus_0.9.0_prerelease\src\Gateways\TcpUdpGateway\TcpUdpGateway\bin\Release\Microsoft.Azure.Devices.Shared.dll
	* Assembly contains no types assignable from Orleans.Providers.IProvider.	
[2018-06-26 22:49:15.092 GMT     1	INFO   	100000	AssemblyLoader.Client	]	User assembly ignored: C:\_git\dev\piraeus_0.9.0_prerelease\src\Gateways\TcpUdpGateway\TcpUdpGateway\bin\Release\Microsoft.Azure.Documents.Client.dll
	* Assembly contains no types assignable from Orleans.Providers.IProvider.	
[2018-06-26 22:49:15.096 GMT     1	INFO   	100000	AssemblyLoader.Client	]	User assembly ignored: C:\_git\dev\piraeus_0.9.0_prerelease\src\Gateways\TcpUdpGateway\TcpUdpGateway\bin\Release\Microsoft.Azure.Documents.ServiceInterop.dll
	* The file C:\_git\dev\piraeus_0.9.0_prerelease\src\Gateways\TcpUdpGateway\TcpUdpGateway\bin\Release\Microsoft.Azure.Documents.ServiceInterop.dll does not contain any CLR metadata, probably it is a native file.	
[2018-06-26 22:49:15.100 GMT     1	INFO   	100000	AssemblyLoader.Client	]	User assembly ignored: C:\_git\dev\piraeus_0.9.0_prerelease\src\Gateways\TcpUdpGateway\TcpUdpGateway\bin\Release\Microsoft.Azure.EventGrid.dll
	* Assembly contains no types assignable from Orleans.Providers.IProvider.	
[2018-06-26 22:49:15.102 GMT     1	INFO   	100000	AssemblyLoader.Client	]	User assembly ignored: C:\_git\dev\piraeus_0.9.0_prerelease\src\Gateways\TcpUdpGateway\TcpUdpGateway\bin\Release\Microsoft.Azure.KeyVault.Core.dll
	* Assembly contains no types assignable from Orleans.Providers.IProvider.	
[2018-06-26 22:49:15.108 GMT     1	INFO   	100000	AssemblyLoader.Client	]	User assembly ignored: C:\_git\dev\piraeus_0.9.0_prerelease\src\Gateways\TcpUdpGateway\TcpUdpGateway\bin\Release\Microsoft.Azure.KeyVault.Cryptography.dll
	* Assembly contains no types assignable from Orleans.Providers.IProvider.	
[2018-06-26 22:49:15.136 GMT     1	INFO   	100000	AssemblyLoader.Client	]	User assembly ignored: C:\_git\dev\piraeus_0.9.0_prerelease\src\Gateways\TcpUdpGateway\TcpUdpGateway\bin\Release\Microsoft.Azure.KeyVault.dll
	* Assembly contains no types assignable from Orleans.Providers.IProvider.	
[2018-06-26 22:49:15.140 GMT     1	INFO   	100000	AssemblyLoader.Client	]	User assembly ignored: C:\_git\dev\piraeus_0.9.0_prerelease\src\Gateways\TcpUdpGateway\TcpUdpGateway\bin\Release\Microsoft.Azure.KeyVault.Extensions.dll
	* Assembly contains no types assignable from Orleans.Providers.IProvider.	
[2018-06-26 22:49:15.142 GMT     1	INFO   	100000	AssemblyLoader.Client	]	User assembly ignored: C:\_git\dev\piraeus_0.9.0_prerelease\src\Gateways\TcpUdpGateway\TcpUdpGateway\bin\Release\Microsoft.Azure.KeyVault.WebKey.dll
	* Assembly contains no types assignable from Orleans.Providers.IProvider.	
[2018-06-26 22:49:15.798 GMT     1	INFO   	100000	AssemblyLoader.Client	]	User assembly ignored: C:\_git\dev\piraeus_0.9.0_prerelease\src\Gateways\TcpUdpGateway\TcpUdpGateway\bin\Release\Microsoft.CodeAnalysis.CSharp.dll
	* Assembly contains no types assignable from Orleans.Providers.IProvider.	
[2018-06-26 22:49:19.904 GMT     1	INFO   	100000	AssemblyLoader.Client	]	User assembly ignored: C:\_git\dev\piraeus_0.9.0_prerelease\src\Gateways\TcpUdpGateway\TcpUdpGateway\bin\Release\Microsoft.CodeAnalysis.dll
	* Assembly contains no types assignable from Orleans.Providers.IProvider.	
[2018-06-26 22:49:19.983 GMT     1	INFO   	100000	AssemblyLoader.Client	]	User assembly ignored: C:\_git\dev\piraeus_0.9.0_prerelease\src\Gateways\TcpUdpGateway\TcpUdpGateway\bin\Release\Microsoft.Data.Edm.dll
	* Assembly contains no types assignable from Orleans.Providers.IProvider.	
[2018-06-26 22:49:20.072 GMT     1	INFO   	100000	AssemblyLoader.Client	]	User assembly ignored: C:\_git\dev\piraeus_0.9.0_prerelease\src\Gateways\TcpUdpGateway\TcpUdpGateway\bin\Release\Microsoft.Data.OData.dll
	* Assembly contains no types assignable from Orleans.Providers.IProvider.	
[2018-06-26 22:49:20.100 GMT     1	INFO   	100000	AssemblyLoader.Client	]	User assembly ignored: C:\_git\dev\piraeus_0.9.0_prerelease\src\Gateways\TcpUdpGateway\TcpUdpGateway\bin\Release\Microsoft.Data.Services.Client.dll
	* Assembly contains no types assignable from Orleans.Providers.IProvider.	
[2018-06-26 22:49:20.107 GMT     1	INFO   	100000	AssemblyLoader.Client	]	User assembly ignored: C:\_git\dev\piraeus_0.9.0_prerelease\src\Gateways\TcpUdpGateway\TcpUdpGateway\bin\Release\Microsoft.Extensions.DependencyInjection.Abstractions.dll
	* Assembly contains no types assignable from Orleans.Providers.IProvider.	
[2018-06-26 22:49:20.132 GMT     1	INFO   	100000	AssemblyLoader.Client	]	User assembly ignored: C:\_git\dev\piraeus_0.9.0_prerelease\src\Gateways\TcpUdpGateway\TcpUdpGateway\bin\Release\Microsoft.Extensions.DependencyInjection.dll
	* Assembly contains no types assignable from Orleans.Providers.IProvider.	
[2018-06-26 22:49:20.139 GMT     1	INFO   	100000	AssemblyLoader.Client	]	User assembly ignored: C:\_git\dev\piraeus_0.9.0_prerelease\src\Gateways\TcpUdpGateway\TcpUdpGateway\bin\Release\Microsoft.Extensions.Logging.Abstractions.dll
	* Assembly contains no types assignable from Orleans.Providers.IProvider.	
[2018-06-26 22:49:20.142 GMT     1	INFO   	100000	AssemblyLoader.Client	]	User assembly ignored: C:\_git\dev\piraeus_0.9.0_prerelease\src\Gateways\TcpUdpGateway\TcpUdpGateway\bin\Release\Microsoft.Extensions.Logging.dll
	* Assembly contains no types assignable from Orleans.Providers.IProvider.	
[2018-06-26 22:49:20.197 GMT     1	INFO   	100000	AssemblyLoader.Client	]	User assembly ignored: C:\_git\dev\piraeus_0.9.0_prerelease\src\Gateways\TcpUdpGateway\TcpUdpGateway\bin\Release\Microsoft.IdentityModel.Clients.ActiveDirectory.dll
	* Assembly contains no types assignable from Orleans.Providers.IProvider.	
[2018-06-26 22:49:20.202 GMT     1	INFO   	100000	AssemblyLoader.Client	]	User assembly ignored: C:\_git\dev\piraeus_0.9.0_prerelease\src\Gateways\TcpUdpGateway\TcpUdpGateway\bin\Release\Microsoft.IdentityModel.Logging.dll
	* Assembly contains no types assignable from Orleans.Providers.IProvider.	
[2018-06-26 22:49:20.208 GMT     1	INFO   	100000	AssemblyLoader.Client	]	User assembly ignored: C:\_git\dev\piraeus_0.9.0_prerelease\src\Gateways\TcpUdpGateway\TcpUdpGateway\bin\Release\Microsoft.IdentityModel.Tokens.dll
	* Assembly contains no types assignable from Orleans.Providers.IProvider.	
[2018-06-26 22:49:20.221 GMT     1	INFO   	100000	AssemblyLoader.Client	]	User assembly ignored: C:\_git\dev\piraeus_0.9.0_prerelease\src\Gateways\TcpUdpGateway\TcpUdpGateway\bin\Release\Microsoft.Owin.dll
	* Assembly contains no types assignable from Orleans.Providers.IProvider.	
[2018-06-26 22:49:20.228 GMT     1	INFO   	100000	AssemblyLoader.Client	]	User assembly ignored: C:\_git\dev\piraeus_0.9.0_prerelease\src\Gateways\TcpUdpGateway\TcpUdpGateway\bin\Release\Microsoft.Rest.ClientRuntime.Azure.Authentication.dll
	* Assembly contains no types assignable from Orleans.Providers.IProvider.	
[2018-06-26 22:49:20.251 GMT     1	INFO   	100000	AssemblyLoader.Client	]	User assembly ignored: C:\_git\dev\piraeus_0.9.0_prerelease\src\Gateways\TcpUdpGateway\TcpUdpGateway\bin\Release\Microsoft.Rest.ClientRuntime.Azure.dll
	* Assembly contains no types assignable from Orleans.Providers.IProvider.	
[2018-06-26 22:49:20.258 GMT     1	INFO   	100000	AssemblyLoader.Client	]	User assembly ignored: C:\_git\dev\piraeus_0.9.0_prerelease\src\Gateways\TcpUdpGateway\TcpUdpGateway\bin\Release\Microsoft.Rest.ClientRuntime.dll
	* Assembly contains no types assignable from Orleans.Providers.IProvider.	
[2018-06-26 22:49:20.534 GMT     1	INFO   	100000	AssemblyLoader.Client	]	User assembly ignored: C:\_git\dev\piraeus_0.9.0_prerelease\src\Gateways\TcpUdpGateway\TcpUdpGateway\bin\Release\Microsoft.ServiceBus.dll
	* Assembly contains no types assignable from Orleans.Providers.IProvider.	
[2018-06-26 22:49:20.550 GMT     1	INFO   	100000	AssemblyLoader.Client	]	User assembly ignored: C:\_git\dev\piraeus_0.9.0_prerelease\src\Gateways\TcpUdpGateway\TcpUdpGateway\bin\Release\Microsoft.Win32.Primitives.dll
	* Assembly contains no types assignable from Orleans.Providers.IProvider.	
[2018-06-26 22:49:20.620 GMT     1	INFO   	100000	AssemblyLoader.Client	]	User assembly ignored: C:\_git\dev\piraeus_0.9.0_prerelease\src\Gateways\TcpUdpGateway\TcpUdpGateway\bin\Release\Microsoft.WindowsAzure.Storage.dll
	* Assembly contains no types assignable from Orleans.Providers.IProvider.	
[2018-06-26 22:49:20.666 GMT     1	INFO   	100000	AssemblyLoader.Client	]	User assembly ignored: C:\_git\dev\piraeus_0.9.0_prerelease\src\Gateways\TcpUdpGateway\TcpUdpGateway\bin\Release\Newtonsoft.Json.dll
	* Assembly contains no types assignable from Orleans.Providers.IProvider.	
[2018-06-26 22:49:20.705 GMT     1	INFO   	100000	AssemblyLoader.Client	]	User assembly ignored: C:\_git\dev\piraeus_0.9.0_prerelease\src\Gateways\TcpUdpGateway\TcpUdpGateway\bin\Release\NLog.dll
	* Assembly contains no types assignable from Orleans.Providers.IProvider.	
[2018-06-26 22:49:20.708 GMT     1	INFO   	100000	AssemblyLoader.Client	]	User assembly ignored: C:\_git\dev\piraeus_0.9.0_prerelease\src\Gateways\TcpUdpGateway\TcpUdpGateway\bin\Release\Orleans.dll
	* Assembly filename is excluded.	
[2018-06-26 22:49:20.712 GMT     1	INFO   	100000	AssemblyLoader.Client	]	User assembly ignored: C:\_git\dev\piraeus_0.9.0_prerelease\src\Gateways\TcpUdpGateway\TcpUdpGateway\bin\Release\OrleansCodeGenerator.dll
	* Assembly contains no types assignable from Orleans.Providers.IProvider.	
[2018-06-26 22:49:20.727 GMT     1	INFO   	100000	AssemblyLoader.Client	]	User assembly ignored: C:\_git\dev\piraeus_0.9.0_prerelease\src\Gateways\TcpUdpGateway\TcpUdpGateway\bin\Release\Owin.dll
	* Assembly contains no types assignable from Orleans.Providers.IProvider.	
[2018-06-26 22:49:20.738 GMT     1	INFO   	100000	AssemblyLoader.Client	]	User assembly ignored: C:\_git\dev\piraeus_0.9.0_prerelease\src\Gateways\TcpUdpGateway\TcpUdpGateway\bin\Release\PCLCrypto.dll
	* Assembly contains no types assignable from Orleans.Providers.IProvider.	
[2018-06-26 22:49:20.745 GMT     1	INFO   	100000	AssemblyLoader.Client	]	User assembly ignored: C:\_git\dev\piraeus_0.9.0_prerelease\src\Gateways\TcpUdpGateway\TcpUdpGateway\bin\Release\PInvoke.BCrypt.dll
	* Assembly contains no types assignable from Orleans.Providers.IProvider.	
[2018-06-26 22:49:20.756 GMT     1	INFO   	100000	AssemblyLoader.Client	]	User assembly ignored: C:\_git\dev\piraeus_0.9.0_prerelease\src\Gateways\TcpUdpGateway\TcpUdpGateway\bin\Release\PInvoke.Kernel32.dll
	* Assembly contains no types assignable from Orleans.Providers.IProvider.	
[2018-06-26 22:49:20.764 GMT     1	INFO   	100000	AssemblyLoader.Client	]	User assembly ignored: C:\_git\dev\piraeus_0.9.0_prerelease\src\Gateways\TcpUdpGateway\TcpUdpGateway\bin\Release\PInvoke.NCrypt.dll
	* Assembly contains no types assignable from Orleans.Providers.IProvider.	
[2018-06-26 22:49:20.770 GMT     1	INFO   	100000	AssemblyLoader.Client	]	User assembly ignored: C:\_git\dev\piraeus_0.9.0_prerelease\src\Gateways\TcpUdpGateway\TcpUdpGateway\bin\Release\PInvoke.Windows.Core.dll
	* Assembly contains no types assignable from Orleans.Providers.IProvider.	
[2018-06-26 22:49:20.780 GMT     1	INFO   	100000	AssemblyLoader.Client	]	User assembly ignored: C:\_git\dev\piraeus_0.9.0_prerelease\src\Gateways\TcpUdpGateway\TcpUdpGateway\bin\Release\Piraeus.Adapters.dll
	* Assembly contains no types assignable from Orleans.Providers.IProvider.	
[2018-06-26 22:49:20.785 GMT     1	INFO   	100000	AssemblyLoader.Client	]	User assembly ignored: C:\_git\dev\piraeus_0.9.0_prerelease\src\Gateways\TcpUdpGateway\TcpUdpGateway\bin\Release\Piraeus.Configuration.dll
	* Assembly contains no types assignable from Orleans.Providers.IProvider.	
[2018-06-26 22:49:20.790 GMT     1	INFO   	100000	AssemblyLoader.Client	]	User assembly ignored: C:\_git\dev\piraeus_0.9.0_prerelease\src\Gateways\TcpUdpGateway\TcpUdpGateway\bin\Release\Piraeus.Core.dll
	* Assembly contains no types assignable from Orleans.Providers.IProvider.	
[2018-06-26 22:49:20.795 GMT     1	INFO   	100000	AssemblyLoader.Client	]	User assembly ignored: C:\_git\dev\piraeus_0.9.0_prerelease\src\Gateways\TcpUdpGateway\TcpUdpGateway\bin\Release\Piraeus.GrainInterfaces.dll
	* Assembly contains no types assignable from Orleans.Providers.IProvider.	
[2018-06-26 22:49:20.812 GMT     1	INFO   	100000	AssemblyLoader.Client	]	User assembly ignored: C:\_git\dev\piraeus_0.9.0_prerelease\src\Gateways\TcpUdpGateway\TcpUdpGateway\bin\Release\Piraeus.Grains.dll
	* Assembly contains no types assignable from Orleans.Providers.IProvider.	
[2018-06-26 22:49:20.825 GMT     1	INFO   	100000	AssemblyLoader.Client	]	User assembly ignored: C:\_git\dev\piraeus_0.9.0_prerelease\src\Gateways\TcpUdpGateway\TcpUdpGateway\bin\Release\SkunkLab.Channels.dll
	* Assembly contains no types assignable from Orleans.Providers.IProvider.	
[2018-06-26 22:49:20.828 GMT     1	INFO   	100000	AssemblyLoader.Client	]	User assembly ignored: C:\_git\dev\piraeus_0.9.0_prerelease\src\Gateways\TcpUdpGateway\TcpUdpGateway\bin\Release\SkunkLab.Diagnostics.dll
	* Assembly contains no types assignable from Orleans.Providers.IProvider.	
[2018-06-26 22:49:20.831 GMT     1	INFO   	100000	AssemblyLoader.Client	]	User assembly ignored: C:\_git\dev\piraeus_0.9.0_prerelease\src\Gateways\TcpUdpGateway\TcpUdpGateway\bin\Release\SkunkLab.Listeners.dll
	* Assembly contains no types assignable from Orleans.Providers.IProvider.	
[2018-06-26 22:49:20.844 GMT     1	INFO   	100000	AssemblyLoader.Client	]	User assembly ignored: C:\_git\dev\piraeus_0.9.0_prerelease\src\Gateways\TcpUdpGateway\TcpUdpGateway\bin\Release\SkunkLab.Protocols.dll
	* Assembly contains no types assignable from Orleans.Providers.IProvider.	
[2018-06-26 22:49:20.849 GMT     1	INFO   	100000	AssemblyLoader.Client	]	User assembly ignored: C:\_git\dev\piraeus_0.9.0_prerelease\src\Gateways\TcpUdpGateway\TcpUdpGateway\bin\Release\SkunkLab.Security.dll
	* Assembly contains no types assignable from Orleans.Providers.IProvider.	
[2018-06-26 22:49:20.864 GMT     1	INFO   	100000	AssemblyLoader.Client	]	User assembly ignored: C:\_git\dev\piraeus_0.9.0_prerelease\src\Gateways\TcpUdpGateway\TcpUdpGateway\bin\Release\SkunkLab.Storage.dll
	* Assembly contains no types assignable from Orleans.Providers.IProvider.	
[2018-06-26 22:49:20.905 GMT     1	INFO   	100000	AssemblyLoader.Client	]	User assembly ignored: C:\_git\dev\piraeus_0.9.0_prerelease\src\Gateways\TcpUdpGateway\TcpUdpGateway\bin\Release\StackExchange.Redis.dll
	* Assembly contains no types assignable from Orleans.Providers.IProvider.	
[2018-06-26 22:49:20.909 GMT     1	INFO   	100000	AssemblyLoader.Client	]	User assembly ignored: C:\_git\dev\piraeus_0.9.0_prerelease\src\Gateways\TcpUdpGateway\TcpUdpGateway\bin\Release\System.AppContext.dll
	* Assembly contains no types assignable from Orleans.Providers.IProvider.	
[2018-06-26 22:49:20.933 GMT     1	INFO   	100000	AssemblyLoader.Client	]	User assembly ignored: C:\_git\dev\piraeus_0.9.0_prerelease\src\Gateways\TcpUdpGateway\TcpUdpGateway\bin\Release\System.Collections.Immutable.dll
	* Assembly contains no types assignable from Orleans.Providers.IProvider.	
[2018-06-26 22:49:20.938 GMT     1	INFO   	100000	AssemblyLoader.Client	]	User assembly ignored: C:\_git\dev\piraeus_0.9.0_prerelease\src\Gateways\TcpUdpGateway\TcpUdpGateway\bin\Release\System.Console.dll
	* Assembly contains no types assignable from Orleans.Providers.IProvider.	
[2018-06-26 22:49:20.948 GMT     1	INFO   	100000	AssemblyLoader.Client	]	User assembly ignored: C:\_git\dev\piraeus_0.9.0_prerelease\src\Gateways\TcpUdpGateway\TcpUdpGateway\bin\Release\System.Diagnostics.DiagnosticSource.dll
	* Assembly contains no types assignable from Orleans.Providers.IProvider.	
[2018-06-26 22:49:20.950 GMT     1	INFO   	100000	AssemblyLoader.Client	]	User assembly ignored: C:\_git\dev\piraeus_0.9.0_prerelease\src\Gateways\TcpUdpGateway\TcpUdpGateway\bin\Release\System.Diagnostics.FileVersionInfo.dll
	* Assembly contains no types assignable from Orleans.Providers.IProvider.	
[2018-06-26 22:49:20.952 GMT     1	INFO   	100000	AssemblyLoader.Client	]	User assembly ignored: C:\_git\dev\piraeus_0.9.0_prerelease\src\Gateways\TcpUdpGateway\TcpUdpGateway\bin\Release\System.Diagnostics.StackTrace.dll
	* Assembly contains no types assignable from Orleans.Providers.IProvider.	
[2018-06-26 22:49:20.954 GMT     1	INFO   	100000	AssemblyLoader.Client	]	User assembly ignored: C:\_git\dev\piraeus_0.9.0_prerelease\src\Gateways\TcpUdpGateway\TcpUdpGateway\bin\Release\System.Globalization.Calendars.dll
	* Assembly contains no types assignable from Orleans.Providers.IProvider.	
[2018-06-26 22:49:20.962 GMT     1	INFO   	100000	AssemblyLoader.Client	]	User assembly ignored: C:\_git\dev\piraeus_0.9.0_prerelease\src\Gateways\TcpUdpGateway\TcpUdpGateway\bin\Release\System.IdentityModel.Tokens.Jwt.dll
	* Assembly contains no types assignable from Orleans.Providers.IProvider.	
[2018-06-26 22:49:20.969 GMT     1	INFO   	100000	AssemblyLoader.Client	]	User assembly ignored: C:\_git\dev\piraeus_0.9.0_prerelease\src\Gateways\TcpUdpGateway\TcpUdpGateway\bin\Release\System.IO.Compression.dll
	* Assembly contains no types assignable from Orleans.Providers.IProvider.	
[2018-06-26 22:49:20.972 GMT     1	INFO   	100000	AssemblyLoader.Client	]	User assembly ignored: C:\_git\dev\piraeus_0.9.0_prerelease\src\Gateways\TcpUdpGateway\TcpUdpGateway\bin\Release\System.IO.Compression.ZipFile.dll
	* Assembly contains no types assignable from Orleans.Providers.IProvider.	
[2018-06-26 22:49:20.974 GMT     1	INFO   	100000	AssemblyLoader.Client	]	User assembly ignored: C:\_git\dev\piraeus_0.9.0_prerelease\src\Gateways\TcpUdpGateway\TcpUdpGateway\bin\Release\System.IO.FileSystem.dll
	* Assembly contains no types assignable from Orleans.Providers.IProvider.	
[2018-06-26 22:49:20.977 GMT     1	INFO   	100000	AssemblyLoader.Client	]	User assembly ignored: C:\_git\dev\piraeus_0.9.0_prerelease\src\Gateways\TcpUdpGateway\TcpUdpGateway\bin\Release\System.IO.FileSystem.Primitives.dll
	* Assembly contains no types assignable from Orleans.Providers.IProvider.	
[2018-06-26 22:49:20.991 GMT     1	INFO   	100000	AssemblyLoader.Client	]	User assembly ignored: C:\_git\dev\piraeus_0.9.0_prerelease\src\Gateways\TcpUdpGateway\TcpUdpGateway\bin\Release\System.Net.Http.dll
	* Assembly contains no types assignable from Orleans.Providers.IProvider.	
[2018-06-26 22:49:21.005 GMT     1	INFO   	100000	AssemblyLoader.Client	]	User assembly ignored: C:\_git\dev\piraeus_0.9.0_prerelease\src\Gateways\TcpUdpGateway\TcpUdpGateway\bin\Release\System.Net.Http.Formatting.dll
	* Assembly contains no types assignable from Orleans.Providers.IProvider.	
[2018-06-26 22:49:21.009 GMT     1	INFO   	100000	AssemblyLoader.Client	]	User assembly ignored: C:\_git\dev\piraeus_0.9.0_prerelease\src\Gateways\TcpUdpGateway\TcpUdpGateway\bin\Release\System.Net.Sockets.dll
	* Assembly contains no types assignable from Orleans.Providers.IProvider.	
[2018-06-26 22:49:21.057 GMT     1	INFO   	100000	AssemblyLoader.Client	]	User assembly ignored: C:\_git\dev\piraeus_0.9.0_prerelease\src\Gateways\TcpUdpGateway\TcpUdpGateway\bin\Release\System.Reflection.Metadata.dll
	* Assembly contains no types assignable from Orleans.Providers.IProvider.	
[2018-06-26 22:49:21.062 GMT     1	INFO   	100000	AssemblyLoader.Client	]	User assembly ignored: C:\_git\dev\piraeus_0.9.0_prerelease\src\Gateways\TcpUdpGateway\TcpUdpGateway\bin\Release\System.Runtime.CompilerServices.Unsafe.dll
	* Assembly contains no types assignable from Orleans.Providers.IProvider.	
[2018-06-26 22:49:21.064 GMT     1	INFO   	100000	AssemblyLoader.Client	]	User assembly ignored: C:\_git\dev\piraeus_0.9.0_prerelease\src\Gateways\TcpUdpGateway\TcpUdpGateway\bin\Release\System.Runtime.InteropServices.RuntimeInformation.dll
	* Assembly contains no types assignable from Orleans.Providers.IProvider.	
[2018-06-26 22:49:21.067 GMT     1	INFO   	100000	AssemblyLoader.Client	]	User assembly ignored: C:\_git\dev\piraeus_0.9.0_prerelease\src\Gateways\TcpUdpGateway\TcpUdpGateway\bin\Release\System.Security.Cryptography.Algorithms.dll
	* Assembly contains no types assignable from Orleans.Providers.IProvider.	
[2018-06-26 22:49:21.072 GMT     1	INFO   	100000	AssemblyLoader.Client	]	User assembly ignored: C:\_git\dev\piraeus_0.9.0_prerelease\src\Gateways\TcpUdpGateway\TcpUdpGateway\bin\Release\System.Security.Cryptography.Encoding.dll
	* Assembly contains no types assignable from Orleans.Providers.IProvider.	
[2018-06-26 22:49:21.074 GMT     1	INFO   	100000	AssemblyLoader.Client	]	User assembly ignored: C:\_git\dev\piraeus_0.9.0_prerelease\src\Gateways\TcpUdpGateway\TcpUdpGateway\bin\Release\System.Security.Cryptography.Primitives.dll
	* Assembly contains no types assignable from Orleans.Providers.IProvider.	
[2018-06-26 22:49:21.076 GMT     1	INFO   	100000	AssemblyLoader.Client	]	User assembly ignored: C:\_git\dev\piraeus_0.9.0_prerelease\src\Gateways\TcpUdpGateway\TcpUdpGateway\bin\Release\System.Security.Cryptography.X509Certificates.dll
	* Assembly contains no types assignable from Orleans.Providers.IProvider.	
[2018-06-26 22:49:21.084 GMT     1	INFO   	100000	AssemblyLoader.Client	]	User assembly ignored: C:\_git\dev\piraeus_0.9.0_prerelease\src\Gateways\TcpUdpGateway\TcpUdpGateway\bin\Release\System.Spatial.dll
	* Assembly contains no types assignable from Orleans.Providers.IProvider.	
[2018-06-26 22:49:21.096 GMT     1	INFO   	100000	AssemblyLoader.Client	]	User assembly ignored: C:\_git\dev\piraeus_0.9.0_prerelease\src\Gateways\TcpUdpGateway\TcpUdpGateway\bin\Release\System.Text.Encoding.CodePages.dll
	* Assembly contains no types assignable from Orleans.Providers.IProvider.	
[2018-06-26 22:49:21.098 GMT     1	INFO   	100000	AssemblyLoader.Client	]	User assembly ignored: C:\_git\dev\piraeus_0.9.0_prerelease\src\Gateways\TcpUdpGateway\TcpUdpGateway\bin\Release\System.Threading.Thread.dll
	* Assembly contains no types assignable from Orleans.Providers.IProvider.	
[2018-06-26 22:49:21.106 GMT     1	INFO   	100000	AssemblyLoader.Client	]	User assembly ignored: C:\_git\dev\piraeus_0.9.0_prerelease\src\Gateways\TcpUdpGateway\TcpUdpGateway\bin\Release\System.ValueTuple.dll
	* Assembly contains no types assignable from Orleans.Providers.IProvider.	
[2018-06-26 22:49:21.139 GMT     1	INFO   	100000	AssemblyLoader.Client	]	User assembly ignored: C:\_git\dev\piraeus_0.9.0_prerelease\src\Gateways\TcpUdpGateway\TcpUdpGateway\bin\Release\System.Web.Http.dll
	* Assembly contains no types assignable from Orleans.Providers.IProvider.	
[2018-06-26 22:49:21.142 GMT     1	INFO   	100000	AssemblyLoader.Client	]	User assembly ignored: C:\_git\dev\piraeus_0.9.0_prerelease\src\Gateways\TcpUdpGateway\TcpUdpGateway\bin\Release\System.Xml.ReaderWriter.dll
	* Assembly contains no types assignable from Orleans.Providers.IProvider.	
[2018-06-26 22:49:21.144 GMT     1	INFO   	100000	AssemblyLoader.Client	]	User assembly ignored: C:\_git\dev\piraeus_0.9.0_prerelease\src\Gateways\TcpUdpGateway\TcpUdpGateway\bin\Release\System.Xml.XmlDocument.dll
	* Assembly contains no types assignable from Orleans.Providers.IProvider.	
[2018-06-26 22:49:21.145 GMT     1	INFO   	100000	AssemblyLoader.Client	]	User assembly ignored: C:\_git\dev\piraeus_0.9.0_prerelease\src\Gateways\TcpUdpGateway\TcpUdpGateway\bin\Release\System.Xml.XPath.dll
	* Assembly contains no types assignable from Orleans.Providers.IProvider.	
[2018-06-26 22:49:21.148 GMT     1	INFO   	100000	AssemblyLoader.Client	]	User assembly ignored: C:\_git\dev\piraeus_0.9.0_prerelease\src\Gateways\TcpUdpGateway\TcpUdpGateway\bin\Release\System.Xml.XPath.XDocument.dll
	* Assembly contains no types assignable from Orleans.Providers.IProvider.	
[2018-06-26 22:49:21.153 GMT     1	INFO   	100000	AssemblyLoader.Client	]	User assembly ignored: C:\_git\dev\piraeus_0.9.0_prerelease\src\Gateways\TcpUdpGateway\TcpUdpGateway\bin\Release\Validation.dll
	* Assembly contains no types assignable from Orleans.Providers.IProvider.	
[2018-06-26 22:49:21.155 GMT     1	INFO   	100000	AssemblyLoader.Client	]	User assembly ignored: C:\_git\dev\piraeus_0.9.0_prerelease\src\Gateways\TcpUdpGateway\TcpUdpGateway\bin\Release\de\Microsoft.Data.Edm.resources.dll
	* Assembly filename indicates that it is a resource assembly.	
[2018-06-26 22:49:21.157 GMT     1	INFO   	100000	AssemblyLoader.Client	]	User assembly ignored: C:\_git\dev\piraeus_0.9.0_prerelease\src\Gateways\TcpUdpGateway\TcpUdpGateway\bin\Release\de\Microsoft.Data.OData.resources.dll
	* Assembly filename indicates that it is a resource assembly.	
[2018-06-26 22:49:21.158 GMT     1	INFO   	100000	AssemblyLoader.Client	]	User assembly ignored: C:\_git\dev\piraeus_0.9.0_prerelease\src\Gateways\TcpUdpGateway\TcpUdpGateway\bin\Release\de\Microsoft.Data.Services.Client.resources.dll
	* Assembly filename indicates that it is a resource assembly.	
[2018-06-26 22:49:21.163 GMT     1	INFO   	100000	AssemblyLoader.Client	]	User assembly ignored: C:\_git\dev\piraeus_0.9.0_prerelease\src\Gateways\TcpUdpGateway\TcpUdpGateway\bin\Release\de\System.Spatial.resources.dll
	* Assembly filename indicates that it is a resource assembly.	
[2018-06-26 22:49:21.165 GMT     1	INFO   	100000	AssemblyLoader.Client	]	User assembly ignored: C:\_git\dev\piraeus_0.9.0_prerelease\src\Gateways\TcpUdpGateway\TcpUdpGateway\bin\Release\es\Microsoft.Data.Edm.resources.dll
	* Assembly filename indicates that it is a resource assembly.	
[2018-06-26 22:49:21.167 GMT     1	INFO   	100000	AssemblyLoader.Client	]	User assembly ignored: C:\_git\dev\piraeus_0.9.0_prerelease\src\Gateways\TcpUdpGateway\TcpUdpGateway\bin\Release\es\Microsoft.Data.OData.resources.dll
	* Assembly filename indicates that it is a resource assembly.	
[2018-06-26 22:49:21.168 GMT     1	INFO   	100000	AssemblyLoader.Client	]	User assembly ignored: C:\_git\dev\piraeus_0.9.0_prerelease\src\Gateways\TcpUdpGateway\TcpUdpGateway\bin\Release\es\Microsoft.Data.Services.Client.resources.dll
	* Assembly filename indicates that it is a resource assembly.	
[2018-06-26 22:49:21.169 GMT     1	INFO   	100000	AssemblyLoader.Client	]	User assembly ignored: C:\_git\dev\piraeus_0.9.0_prerelease\src\Gateways\TcpUdpGateway\TcpUdpGateway\bin\Release\es\System.Spatial.resources.dll
	* Assembly filename indicates that it is a resource assembly.	
[2018-06-26 22:49:21.171 GMT     1	INFO   	100000	AssemblyLoader.Client	]	User assembly ignored: C:\_git\dev\piraeus_0.9.0_prerelease\src\Gateways\TcpUdpGateway\TcpUdpGateway\bin\Release\fr\Microsoft.Data.Edm.resources.dll
	* Assembly filename indicates that it is a resource assembly.	
[2018-06-26 22:49:21.175 GMT     1	INFO   	100000	AssemblyLoader.Client	]	User assembly ignored: C:\_git\dev\piraeus_0.9.0_prerelease\src\Gateways\TcpUdpGateway\TcpUdpGateway\bin\Release\fr\Microsoft.Data.OData.resources.dll
	* Assembly filename indicates that it is a resource assembly.	
[2018-06-26 22:49:21.177 GMT     1	INFO   	100000	AssemblyLoader.Client	]	User assembly ignored: C:\_git\dev\piraeus_0.9.0_prerelease\src\Gateways\TcpUdpGateway\TcpUdpGateway\bin\Release\fr\Microsoft.Data.Services.Client.resources.dll
	* Assembly filename indicates that it is a resource assembly.	
[2018-06-26 22:49:21.179 GMT     1	INFO   	100000	AssemblyLoader.Client	]	User assembly ignored: C:\_git\dev\piraeus_0.9.0_prerelease\src\Gateways\TcpUdpGateway\TcpUdpGateway\bin\Release\fr\System.Spatial.resources.dll
	* Assembly filename indicates that it is a resource assembly.	
[2018-06-26 22:49:21.181 GMT     1	INFO   	100000	AssemblyLoader.Client	]	User assembly ignored: C:\_git\dev\piraeus_0.9.0_prerelease\src\Gateways\TcpUdpGateway\TcpUdpGateway\bin\Release\it\Microsoft.Data.Edm.resources.dll
	* Assembly filename indicates that it is a resource assembly.	
[2018-06-26 22:49:21.182 GMT     1	INFO   	100000	AssemblyLoader.Client	]	User assembly ignored: C:\_git\dev\piraeus_0.9.0_prerelease\src\Gateways\TcpUdpGateway\TcpUdpGateway\bin\Release\it\Microsoft.Data.OData.resources.dll
	* Assembly filename indicates that it is a resource assembly.	
[2018-06-26 22:49:21.187 GMT     1	INFO   	100000	AssemblyLoader.Client	]	User assembly ignored: C:\_git\dev\piraeus_0.9.0_prerelease\src\Gateways\TcpUdpGateway\TcpUdpGateway\bin\Release\it\Microsoft.Data.Services.Client.resources.dll
	* Assembly filename indicates that it is a resource assembly.	
[2018-06-26 22:49:21.189 GMT     1	INFO   	100000	AssemblyLoader.Client	]	User assembly ignored: C:\_git\dev\piraeus_0.9.0_prerelease\src\Gateways\TcpUdpGateway\TcpUdpGateway\bin\Release\it\System.Spatial.resources.dll
	* Assembly filename indicates that it is a resource assembly.	
[2018-06-26 22:49:21.190 GMT     1	INFO   	100000	AssemblyLoader.Client	]	User assembly ignored: C:\_git\dev\piraeus_0.9.0_prerelease\src\Gateways\TcpUdpGateway\TcpUdpGateway\bin\Release\ja\Microsoft.Data.Edm.resources.dll
	* Assembly filename indicates that it is a resource assembly.	
[2018-06-26 22:49:21.192 GMT     1	INFO   	100000	AssemblyLoader.Client	]	User assembly ignored: C:\_git\dev\piraeus_0.9.0_prerelease\src\Gateways\TcpUdpGateway\TcpUdpGateway\bin\Release\ja\Microsoft.Data.OData.resources.dll
	* Assembly filename indicates that it is a resource assembly.	
[2018-06-26 22:49:21.193 GMT     1	INFO   	100000	AssemblyLoader.Client	]	User assembly ignored: C:\_git\dev\piraeus_0.9.0_prerelease\src\Gateways\TcpUdpGateway\TcpUdpGateway\bin\Release\ja\Microsoft.Data.Services.Client.resources.dll
	* Assembly filename indicates that it is a resource assembly.	
[2018-06-26 22:49:21.199 GMT     1	INFO   	100000	AssemblyLoader.Client	]	User assembly ignored: C:\_git\dev\piraeus_0.9.0_prerelease\src\Gateways\TcpUdpGateway\TcpUdpGateway\bin\Release\ja\System.Spatial.resources.dll
	* Assembly filename indicates that it is a resource assembly.	
[2018-06-26 22:49:21.202 GMT     1	INFO   	100000	AssemblyLoader.Client	]	User assembly ignored: C:\_git\dev\piraeus_0.9.0_prerelease\src\Gateways\TcpUdpGateway\TcpUdpGateway\bin\Release\ko\Microsoft.Data.Edm.resources.dll
	* Assembly filename indicates that it is a resource assembly.	
[2018-06-26 22:49:21.203 GMT     1	INFO   	100000	AssemblyLoader.Client	]	User assembly ignored: C:\_git\dev\piraeus_0.9.0_prerelease\src\Gateways\TcpUdpGateway\TcpUdpGateway\bin\Release\ko\Microsoft.Data.OData.resources.dll
	* Assembly filename indicates that it is a resource assembly.	
[2018-06-26 22:49:21.205 GMT     1	INFO   	100000	AssemblyLoader.Client	]	User assembly ignored: C:\_git\dev\piraeus_0.9.0_prerelease\src\Gateways\TcpUdpGateway\TcpUdpGateway\bin\Release\ko\Microsoft.Data.Services.Client.resources.dll
	* Assembly filename indicates that it is a resource assembly.	
[2018-06-26 22:49:21.210 GMT     1	INFO   	100000	AssemblyLoader.Client	]	User assembly ignored: C:\_git\dev\piraeus_0.9.0_prerelease\src\Gateways\TcpUdpGateway\TcpUdpGateway\bin\Release\ko\System.Spatial.resources.dll
	* Assembly filename indicates that it is a resource assembly.	
[2018-06-26 22:49:21.212 GMT     1	INFO   	100000	AssemblyLoader.Client	]	User assembly ignored: C:\_git\dev\piraeus_0.9.0_prerelease\src\Gateways\TcpUdpGateway\TcpUdpGateway\bin\Release\ru\Microsoft.Data.Edm.resources.dll
	* Assembly filename indicates that it is a resource assembly.	
[2018-06-26 22:49:21.214 GMT     1	INFO   	100000	AssemblyLoader.Client	]	User assembly ignored: C:\_git\dev\piraeus_0.9.0_prerelease\src\Gateways\TcpUdpGateway\TcpUdpGateway\bin\Release\ru\Microsoft.Data.OData.resources.dll
	* Assembly filename indicates that it is a resource assembly.	
[2018-06-26 22:49:21.216 GMT     1	INFO   	100000	AssemblyLoader.Client	]	User assembly ignored: C:\_git\dev\piraeus_0.9.0_prerelease\src\Gateways\TcpUdpGateway\TcpUdpGateway\bin\Release\ru\Microsoft.Data.Services.Client.resources.dll
	* Assembly filename indicates that it is a resource assembly.	
[2018-06-26 22:49:21.217 GMT     1	INFO   	100000	AssemblyLoader.Client	]	User assembly ignored: C:\_git\dev\piraeus_0.9.0_prerelease\src\Gateways\TcpUdpGateway\TcpUdpGateway\bin\Release\ru\System.Spatial.resources.dll
	* Assembly filename indicates that it is a resource assembly.	
[2018-06-26 22:49:21.222 GMT     1	INFO   	100000	AssemblyLoader.Client	]	User assembly ignored: C:\_git\dev\piraeus_0.9.0_prerelease\src\Gateways\TcpUdpGateway\TcpUdpGateway\bin\Release\zh-Hans\Microsoft.Data.Edm.resources.dll
	* Assembly filename indicates that it is a resource assembly.	
[2018-06-26 22:49:21.224 GMT     1	INFO   	100000	AssemblyLoader.Client	]	User assembly ignored: C:\_git\dev\piraeus_0.9.0_prerelease\src\Gateways\TcpUdpGateway\TcpUdpGateway\bin\Release\zh-Hans\Microsoft.Data.OData.resources.dll
	* Assembly filename indicates that it is a resource assembly.	
[2018-06-26 22:49:21.226 GMT     1	INFO   	100000	AssemblyLoader.Client	]	User assembly ignored: C:\_git\dev\piraeus_0.9.0_prerelease\src\Gateways\TcpUdpGateway\TcpUdpGateway\bin\Release\zh-Hans\Microsoft.Data.Services.Client.resources.dll
	* Assembly filename indicates that it is a resource assembly.	
[2018-06-26 22:49:21.228 GMT     1	INFO   	100000	AssemblyLoader.Client	]	User assembly ignored: C:\_git\dev\piraeus_0.9.0_prerelease\src\Gateways\TcpUdpGateway\TcpUdpGateway\bin\Release\zh-Hans\System.Spatial.resources.dll
	* Assembly filename indicates that it is a resource assembly.	
[2018-06-26 22:49:21.233 GMT     1	INFO   	100000	AssemblyLoader.Client	]	User assembly ignored: C:\_git\dev\piraeus_0.9.0_prerelease\src\Gateways\TcpUdpGateway\TcpUdpGateway\bin\Release\zh-Hant\Microsoft.Data.Edm.resources.dll
	* Assembly filename indicates that it is a resource assembly.	
[2018-06-26 22:49:21.234 GMT     1	INFO   	100000	AssemblyLoader.Client	]	User assembly ignored: C:\_git\dev\piraeus_0.9.0_prerelease\src\Gateways\TcpUdpGateway\TcpUdpGateway\bin\Release\zh-Hant\Microsoft.Data.OData.resources.dll
	* Assembly filename indicates that it is a resource assembly.	
[2018-06-26 22:49:21.236 GMT     1	INFO   	100000	AssemblyLoader.Client	]	User assembly ignored: C:\_git\dev\piraeus_0.9.0_prerelease\src\Gateways\TcpUdpGateway\TcpUdpGateway\bin\Release\zh-Hant\Microsoft.Data.Services.Client.resources.dll
	* Assembly filename indicates that it is a resource assembly.	
[2018-06-26 22:49:21.237 GMT     1	INFO   	100000	AssemblyLoader.Client	]	User assembly ignored: C:\_git\dev\piraeus_0.9.0_prerelease\src\Gateways\TcpUdpGateway\TcpUdpGateway\bin\Release\zh-Hant\System.Spatial.resources.dll
	* Assembly filename indicates that it is a resource assembly.	
[2018-06-26 22:49:21.239 GMT     1	INFO   	100000	AssemblyLoader.Client	]	Loading assembly C:\_git\dev\piraeus_0.9.0_prerelease\src\Gateways\TcpUdpGateway\TcpUdpGateway\bin\Release\OrleansProviders.dll...	
[2018-06-26 22:49:21.286 GMT     1	INFO   	100000	AssemblyLoader.Client	]	1 assemblies loaded.	
[2018-06-26 22:49:21.405 GMT     1	INFO   	100313	OutsideRuntimeClient	]	---------- Initializing OutsideRuntimeClient on MININT-2T87D76 at 172.21.48.1 Client Id = *cli/bc7ec49a ----------	
[2018-06-26 22:49:21.425 GMT     1	INFO   	100314	OutsideRuntimeClient	]	---------- Starting OutsideRuntimeClient with runtime Version='1.5.2.0 (Release).' in AppDomain=<AppDomain.Id=1, AppDomain.FriendlyName=TcpUdpGateway.exe> Config= 
 Platform version info:
   Orleans version: 1.5.2.0 (Release).
   .NET version: 4.0.30319.42000
   OS version: Microsoft Windows NT 6.2.9200.0
   App config file: C:\_git\dev\piraeus_0.9.0_prerelease\src\Gateways\TcpUdpGateway\TcpUdpGateway\bin\Release\TcpUdpGateway.exe.Config
   GC Type=Server GCLatencyMode=Batch
   Host: MININT-2T87D76
   Processor Count: 4
Client Configuration:
   Config File Name: 
   Start time: 2018-06-26 22:49:21.416 GMT
   Gateway Provider: Config
   Gateways[1]:
      127.0.0.1:40000
   Preferred Gateway Index: -1
   GatewayListRefreshPeriod: 00:01:00
   Preferred Address Family: InterNetwork
   DNS Host Name: MININT-2T87D76
   Client Name: Client
   Tracing: 
     Default Trace Level: Info
     TraceLevelOverrides: None
     Trace to Console: True
     Trace File Name: C:\_git\dev\piraeus_0.9.0_prerelease\src\Gateways\TcpUdpGateway\TcpUdpGateway\bin\Release\Client-2018-06-26-22.49.06.257Z.log
     LargeMessageWarningThreshold: 85000
     PropagateActivityId: False
     BulkMessageLimit: 5
   Statistics: 
     MetricsTableWriteInterval: 00:00:30
     PerfCounterWriteInterval: -00:00:00.0010000
     LogWriteInterval: 00:05:00
     WriteLogStatisticsToTable: True
     StatisticsCollectionLevel: Info
   Messaging:
       Response timeout: 00:30:00
       Maximum resend count: 0
       Resend On Timeout: False
       Maximum Socket Age: 10675199.02:48:05.4775807
       Drop Expired Messages: True
       Client Sender Buckets: 8192
       Buffer Pool Buffer Size: 4096
       Buffer Pool Max Size: 10000
       Buffer Pool Preallocation Size: 250
       Fallback serializer: 
   .NET: 
       .NET thread pool sizes - Min: Worker Threads=4 Completion Port Threads=4
       .NET thread pool sizes - Max: Worker Threads=2047 Completion Port Threads=1000
   Providers:
       No providers configured.
	
[2018-06-26 22:49:21.596 GMT     4	INFO   	101309	Messaging.GatewayManager	]	Found 1 knownGateways from Gateway listProvider [gwy.tcp://127.0.0.1:40000/0]	
[2018-06-26 22:49:21.712 GMT     4	INFO   	100908	Messaging.GatewayConnection/GatewayClientSender_gwy.tcp://127.0.0.1:40000/0	172.21.48.1:0]	Connected to gateway at address gwy.tcp://127.0.0.1:40000/0 on trial 0.	
[2018-06-26 22:49:21.775 GMT     9	INFO   	100000	Messaging.GatewayClientReceiver/gwy.tcp://127.0.0.1:40000/0	172.21.48.1:0]	Starting AsyncAgent Messaging.GatewayClientReceiver/gwy.tcp://127.0.0.1:40000/0 on managed thread 9	
[2018-06-26 22:49:21.793 GMT     8	INFO   	100000	Messaging.GatewayConnection/GatewayClientSender_gwy.tcp://127.0.0.1:40000/0	172.21.48.1:0]	Starting AsyncAgent Messaging.GatewayConnection/GatewayClientSender_gwy.tcp://127.0.0.1:40000/0 on managed thread 8	
[2018-06-26 22:49:21.957 GMT     6	INFO   	100929	OutsideRuntimeClient	172.21.48.1:0]	---------- Started OutsideRuntimeClient with Global Client ID: C172.21.48.1:0:-267749361*cli/bc7ec49a@51f3e084, client GUID ID: *cli/bc7ec49a	
