[2018-06-18 14:50:26.417 GMT     1	INFO   	100000	AssemblyLoader.Client	]	Recursively searching for assemblies in C:\_git\dev\piraeus_0.9.0_prerelease\src\Gateways\TcpUdpGateway\TcpUdpGateway\bin\Release...	
[2018-06-18 14:50:27.558 GMT     1	INFO   	100000	AssemblyLoader.Client	]	C:\_git\dev\piraeus_0.9.0_prerelease\src\Gateways\TcpUdpGateway\TcpUdpGateway\bin\Release\DocumentDB.Spatial.Sql.dll is not compatible with current process, loading is skipped.	
[2018-06-18 14:50:28.227 GMT     1	INFO   	100000	AssemblyLoader.Client	]	C:\_git\dev\piraeus_0.9.0_prerelease\src\Gateways\TcpUdpGateway\TcpUdpGateway\bin\Release\Microsoft.Azure.Documents.ServiceInterop.dll is not compatible with current process, loading is skipped.	
[2018-06-18 14:50:30.846 GMT     1	INFO   	100000	AssemblyLoader.Client	]	User assembly ignored: C:\_git\dev\piraeus_0.9.0_prerelease\src\Gateways\TcpUdpGateway\TcpUdpGateway\bin\Release\BouncyCastle.Crypto.dll
	* Assembly contains no types assignable from Orleans.Providers.IProvider.	
[2018-06-18 14:50:30.874 GMT     1	INFO   	100000	AssemblyLoader.Client	]	User assembly ignored: C:\_git\dev\piraeus_0.9.0_prerelease\src\Gateways\TcpUdpGateway\TcpUdpGateway\bin\Release\Capl.dll
	* Assembly contains no types assignable from Orleans.Providers.IProvider.	
[2018-06-18 14:50:30.875 GMT     1	INFO   	100000	AssemblyLoader.Client	]	User assembly ignored: C:\_git\dev\piraeus_0.9.0_prerelease\src\Gateways\TcpUdpGateway\TcpUdpGateway\bin\Release\DocumentDB.Spatial.Sql.dll
	* The file C:\_git\dev\piraeus_0.9.0_prerelease\src\Gateways\TcpUdpGateway\TcpUdpGateway\bin\Release\DocumentDB.Spatial.Sql.dll does not contain any CLR metadata, probably it is a native file.	
[2018-06-18 14:50:30.894 GMT     1	INFO   	100000	AssemblyLoader.Client	]	User assembly ignored: C:\_git\dev\piraeus_0.9.0_prerelease\src\Gateways\TcpUdpGateway\TcpUdpGateway\bin\Release\DotNetty.Buffers.dll
	* Assembly contains no types assignable from Orleans.Providers.IProvider.	
[2018-06-18 14:50:30.918 GMT     1	INFO   	100000	AssemblyLoader.Client	]	User assembly ignored: C:\_git\dev\piraeus_0.9.0_prerelease\src\Gateways\TcpUdpGateway\TcpUdpGateway\bin\Release\DotNetty.Codecs.dll
	* Assembly contains no types assignable from Orleans.Providers.IProvider.	
[2018-06-18 14:50:30.924 GMT     1	INFO   	100000	AssemblyLoader.Client	]	User assembly ignored: C:\_git\dev\piraeus_0.9.0_prerelease\src\Gateways\TcpUdpGateway\TcpUdpGateway\bin\Release\DotNetty.Codecs.Mqtt.dll
	* Assembly contains no types assignable from Orleans.Providers.IProvider.	
[2018-06-18 14:50:30.956 GMT     1	INFO   	100000	AssemblyLoader.Client	]	User assembly ignored: C:\_git\dev\piraeus_0.9.0_prerelease\src\Gateways\TcpUdpGateway\TcpUdpGateway\bin\Release\DotNetty.Common.dll
	* Assembly contains no types assignable from Orleans.Providers.IProvider.	
[2018-06-18 14:50:30.963 GMT     1	INFO   	100000	AssemblyLoader.Client	]	User assembly ignored: C:\_git\dev\piraeus_0.9.0_prerelease\src\Gateways\TcpUdpGateway\TcpUdpGateway\bin\Release\DotNetty.Handlers.dll
	* Assembly contains no types assignable from Orleans.Providers.IProvider.	
[2018-06-18 14:50:30.976 GMT     1	INFO   	100000	AssemblyLoader.Client	]	User assembly ignored: C:\_git\dev\piraeus_0.9.0_prerelease\src\Gateways\TcpUdpGateway\TcpUdpGateway\bin\Release\DotNetty.Transport.dll
	* Assembly contains no types assignable from Orleans.Providers.IProvider.	
[2018-06-18 14:50:31.007 GMT     1	INFO   	100000	AssemblyLoader.Client	]	User assembly ignored: C:\_git\dev\piraeus_0.9.0_prerelease\src\Gateways\TcpUdpGateway\TcpUdpGateway\bin\Release\Microsoft.Azure.Amqp.dll
	* Assembly contains no types assignable from Orleans.Providers.IProvider.	
[2018-06-18 14:50:31.020 GMT     1	INFO   	100000	AssemblyLoader.Client	]	User assembly ignored: C:\_git\dev\piraeus_0.9.0_prerelease\src\Gateways\TcpUdpGateway\TcpUdpGateway\bin\Release\Microsoft.Azure.DataLake.Store.dll
	* Assembly contains no types assignable from Orleans.Providers.IProvider.	
[2018-06-18 14:50:31.073 GMT     1	INFO   	100000	AssemblyLoader.Client	]	User assembly ignored: C:\_git\dev\piraeus_0.9.0_prerelease\src\Gateways\TcpUdpGateway\TcpUdpGateway\bin\Release\Microsoft.Azure.Devices.Client.dll
	* Assembly contains no types assignable from Orleans.Providers.IProvider.	
[2018-06-18 14:50:31.104 GMT     1	INFO   	100000	AssemblyLoader.Client	]	User assembly ignored: C:\_git\dev\piraeus_0.9.0_prerelease\src\Gateways\TcpUdpGateway\TcpUdpGateway\bin\Release\Microsoft.Azure.Devices.dll
	* Assembly contains no types assignable from Orleans.Providers.IProvider.	
[2018-06-18 14:50:31.152 GMT     1	INFO   	100000	AssemblyLoader.Client	]	User assembly ignored: C:\_git\dev\piraeus_0.9.0_prerelease\src\Gateways\TcpUdpGateway\TcpUdpGateway\bin\Release\Microsoft.Azure.Devices.Shared.dll
	* Assembly contains no types assignable from Orleans.Providers.IProvider.	
[2018-06-18 14:50:31.298 GMT     1	INFO   	100000	AssemblyLoader.Client	]	User assembly ignored: C:\_git\dev\piraeus_0.9.0_prerelease\src\Gateways\TcpUdpGateway\TcpUdpGateway\bin\Release\Microsoft.Azure.Documents.Client.dll
	* Assembly contains no types assignable from Orleans.Providers.IProvider.	
[2018-06-18 14:50:31.302 GMT     1	INFO   	100000	AssemblyLoader.Client	]	User assembly ignored: C:\_git\dev\piraeus_0.9.0_prerelease\src\Gateways\TcpUdpGateway\TcpUdpGateway\bin\Release\Microsoft.Azure.Documents.ServiceInterop.dll
	* The file C:\_git\dev\piraeus_0.9.0_prerelease\src\Gateways\TcpUdpGateway\TcpUdpGateway\bin\Release\Microsoft.Azure.Documents.ServiceInterop.dll does not contain any CLR metadata, probably it is a native file.	
[2018-06-18 14:50:31.307 GMT     1	INFO   	100000	AssemblyLoader.Client	]	User assembly ignored: C:\_git\dev\piraeus_0.9.0_prerelease\src\Gateways\TcpUdpGateway\TcpUdpGateway\bin\Release\Microsoft.Azure.EventGrid.dll
	* Assembly contains no types assignable from Orleans.Providers.IProvider.	
[2018-06-18 14:50:31.310 GMT     1	INFO   	100000	AssemblyLoader.Client	]	User assembly ignored: C:\_git\dev\piraeus_0.9.0_prerelease\src\Gateways\TcpUdpGateway\TcpUdpGateway\bin\Release\Microsoft.Azure.KeyVault.Core.dll
	* Assembly contains no types assignable from Orleans.Providers.IProvider.	
[2018-06-18 14:50:31.316 GMT     1	INFO   	100000	AssemblyLoader.Client	]	User assembly ignored: C:\_git\dev\piraeus_0.9.0_prerelease\src\Gateways\TcpUdpGateway\TcpUdpGateway\bin\Release\Microsoft.Azure.KeyVault.Cryptography.dll
	* Assembly contains no types assignable from Orleans.Providers.IProvider.	
[2018-06-18 14:50:31.349 GMT     1	INFO   	100000	AssemblyLoader.Client	]	User assembly ignored: C:\_git\dev\piraeus_0.9.0_prerelease\src\Gateways\TcpUdpGateway\TcpUdpGateway\bin\Release\Microsoft.Azure.KeyVault.dll
	* Assembly contains no types assignable from Orleans.Providers.IProvider.	
[2018-06-18 14:50:31.354 GMT     1	INFO   	100000	AssemblyLoader.Client	]	User assembly ignored: C:\_git\dev\piraeus_0.9.0_prerelease\src\Gateways\TcpUdpGateway\TcpUdpGateway\bin\Release\Microsoft.Azure.KeyVault.Extensions.dll
	* Assembly contains no types assignable from Orleans.Providers.IProvider.	
[2018-06-18 14:50:31.358 GMT     1	INFO   	100000	AssemblyLoader.Client	]	User assembly ignored: C:\_git\dev\piraeus_0.9.0_prerelease\src\Gateways\TcpUdpGateway\TcpUdpGateway\bin\Release\Microsoft.Azure.KeyVault.WebKey.dll
	* Assembly contains no types assignable from Orleans.Providers.IProvider.	
[2018-06-18 14:50:31.987 GMT     1	INFO   	100000	AssemblyLoader.Client	]	User assembly ignored: C:\_git\dev\piraeus_0.9.0_prerelease\src\Gateways\TcpUdpGateway\TcpUdpGateway\bin\Release\Microsoft.CodeAnalysis.CSharp.dll
	* Assembly contains no types assignable from Orleans.Providers.IProvider.	
[2018-06-18 14:50:32.232 GMT     1	INFO   	100000	AssemblyLoader.Client	]	User assembly ignored: C:\_git\dev\piraeus_0.9.0_prerelease\src\Gateways\TcpUdpGateway\TcpUdpGateway\bin\Release\Microsoft.CodeAnalysis.dll
	* Assembly contains no types assignable from Orleans.Providers.IProvider.	
[2018-06-18 14:50:32.272 GMT     1	INFO   	100000	AssemblyLoader.Client	]	User assembly ignored: C:\_git\dev\piraeus_0.9.0_prerelease\src\Gateways\TcpUdpGateway\TcpUdpGateway\bin\Release\Microsoft.Data.Edm.dll
	* Assembly contains no types assignable from Orleans.Providers.IProvider.	
[2018-06-18 14:50:32.316 GMT     1	INFO   	100000	AssemblyLoader.Client	]	User assembly ignored: C:\_git\dev\piraeus_0.9.0_prerelease\src\Gateways\TcpUdpGateway\TcpUdpGateway\bin\Release\Microsoft.Data.OData.dll
	* Assembly contains no types assignable from Orleans.Providers.IProvider.	
[2018-06-18 14:50:32.340 GMT     1	INFO   	100000	AssemblyLoader.Client	]	User assembly ignored: C:\_git\dev\piraeus_0.9.0_prerelease\src\Gateways\TcpUdpGateway\TcpUdpGateway\bin\Release\Microsoft.Data.Services.Client.dll
	* Assembly contains no types assignable from Orleans.Providers.IProvider.	
[2018-06-18 14:50:32.345 GMT     1	INFO   	100000	AssemblyLoader.Client	]	User assembly ignored: C:\_git\dev\piraeus_0.9.0_prerelease\src\Gateways\TcpUdpGateway\TcpUdpGateway\bin\Release\Microsoft.Extensions.DependencyInjection.Abstractions.dll
	* Assembly contains no types assignable from Orleans.Providers.IProvider.	
[2018-06-18 14:50:32.363 GMT     1	INFO   	100000	AssemblyLoader.Client	]	User assembly ignored: C:\_git\dev\piraeus_0.9.0_prerelease\src\Gateways\TcpUdpGateway\TcpUdpGateway\bin\Release\Microsoft.Extensions.DependencyInjection.dll
	* Assembly contains no types assignable from Orleans.Providers.IProvider.	
[2018-06-18 14:50:32.370 GMT     1	INFO   	100000	AssemblyLoader.Client	]	User assembly ignored: C:\_git\dev\piraeus_0.9.0_prerelease\src\Gateways\TcpUdpGateway\TcpUdpGateway\bin\Release\Microsoft.Extensions.Logging.Abstractions.dll
	* Assembly contains no types assignable from Orleans.Providers.IProvider.	
[2018-06-18 14:50:32.373 GMT     1	INFO   	100000	AssemblyLoader.Client	]	User assembly ignored: C:\_git\dev\piraeus_0.9.0_prerelease\src\Gateways\TcpUdpGateway\TcpUdpGateway\bin\Release\Microsoft.Extensions.Logging.dll
	* Assembly contains no types assignable from Orleans.Providers.IProvider.	
[2018-06-18 14:50:32.440 GMT     1	INFO   	100000	AssemblyLoader.Client	]	User assembly ignored: C:\_git\dev\piraeus_0.9.0_prerelease\src\Gateways\TcpUdpGateway\TcpUdpGateway\bin\Release\Microsoft.IdentityModel.Clients.ActiveDirectory.dll
	* Assembly contains no types assignable from Orleans.Providers.IProvider.	
[2018-06-18 14:50:32.445 GMT     1	INFO   	100000	AssemblyLoader.Client	]	User assembly ignored: C:\_git\dev\piraeus_0.9.0_prerelease\src\Gateways\TcpUdpGateway\TcpUdpGateway\bin\Release\Microsoft.IdentityModel.Logging.dll
	* Assembly contains no types assignable from Orleans.Providers.IProvider.	
[2018-06-18 14:50:32.449 GMT     1	INFO   	100000	AssemblyLoader.Client	]	User assembly ignored: C:\_git\dev\piraeus_0.9.0_prerelease\src\Gateways\TcpUdpGateway\TcpUdpGateway\bin\Release\Microsoft.IdentityModel.Tokens.dll
	* Assembly contains no types assignable from Orleans.Providers.IProvider.	
[2018-06-18 14:50:32.458 GMT     1	INFO   	100000	AssemblyLoader.Client	]	User assembly ignored: C:\_git\dev\piraeus_0.9.0_prerelease\src\Gateways\TcpUdpGateway\TcpUdpGateway\bin\Release\Microsoft.Owin.dll
	* Assembly contains no types assignable from Orleans.Providers.IProvider.	
[2018-06-18 14:50:32.465 GMT     1	INFO   	100000	AssemblyLoader.Client	]	User assembly ignored: C:\_git\dev\piraeus_0.9.0_prerelease\src\Gateways\TcpUdpGateway\TcpUdpGateway\bin\Release\Microsoft.Rest.ClientRuntime.Azure.Authentication.dll
	* Assembly contains no types assignable from Orleans.Providers.IProvider.	
[2018-06-18 14:50:32.478 GMT     1	INFO   	100000	AssemblyLoader.Client	]	User assembly ignored: C:\_git\dev\piraeus_0.9.0_prerelease\src\Gateways\TcpUdpGateway\TcpUdpGateway\bin\Release\Microsoft.Rest.ClientRuntime.Azure.dll
	* Assembly contains no types assignable from Orleans.Providers.IProvider.	
[2018-06-18 14:50:32.484 GMT     1	INFO   	100000	AssemblyLoader.Client	]	User assembly ignored: C:\_git\dev\piraeus_0.9.0_prerelease\src\Gateways\TcpUdpGateway\TcpUdpGateway\bin\Release\Microsoft.Rest.ClientRuntime.dll
	* Assembly contains no types assignable from Orleans.Providers.IProvider.	
[2018-06-18 14:50:32.841 GMT     1	INFO   	100000	AssemblyLoader.Client	]	User assembly ignored: C:\_git\dev\piraeus_0.9.0_prerelease\src\Gateways\TcpUdpGateway\TcpUdpGateway\bin\Release\Microsoft.ServiceBus.dll
	* Assembly contains no types assignable from Orleans.Providers.IProvider.	
[2018-06-18 14:50:32.849 GMT     1	INFO   	100000	AssemblyLoader.Client	]	User assembly ignored: C:\_git\dev\piraeus_0.9.0_prerelease\src\Gateways\TcpUdpGateway\TcpUdpGateway\bin\Release\Microsoft.Win32.Primitives.dll
	* Assembly contains no types assignable from Orleans.Providers.IProvider.	
[2018-06-18 14:50:32.925 GMT     1	INFO   	100000	AssemblyLoader.Client	]	User assembly ignored: C:\_git\dev\piraeus_0.9.0_prerelease\src\Gateways\TcpUdpGateway\TcpUdpGateway\bin\Release\Microsoft.WindowsAzure.Storage.dll
	* Assembly contains no types assignable from Orleans.Providers.IProvider.	
[2018-06-18 14:50:32.968 GMT     1	INFO   	100000	AssemblyLoader.Client	]	User assembly ignored: C:\_git\dev\piraeus_0.9.0_prerelease\src\Gateways\TcpUdpGateway\TcpUdpGateway\bin\Release\Newtonsoft.Json.dll
	* Assembly contains no types assignable from Orleans.Providers.IProvider.	
[2018-06-18 14:50:33.045 GMT     1	INFO   	100000	AssemblyLoader.Client	]	User assembly ignored: C:\_git\dev\piraeus_0.9.0_prerelease\src\Gateways\TcpUdpGateway\TcpUdpGateway\bin\Release\NLog.dll
	* Assembly contains no types assignable from Orleans.Providers.IProvider.	
[2018-06-18 14:50:33.050 GMT     1	INFO   	100000	AssemblyLoader.Client	]	User assembly ignored: C:\_git\dev\piraeus_0.9.0_prerelease\src\Gateways\TcpUdpGateway\TcpUdpGateway\bin\Release\Orleans.dll
	* Assembly filename is excluded.	
[2018-06-18 14:50:33.053 GMT     1	INFO   	100000	AssemblyLoader.Client	]	User assembly ignored: C:\_git\dev\piraeus_0.9.0_prerelease\src\Gateways\TcpUdpGateway\TcpUdpGateway\bin\Release\OrleansCodeGenerator.dll
	* Assembly contains no types assignable from Orleans.Providers.IProvider.	
[2018-06-18 14:50:33.067 GMT     1	INFO   	100000	AssemblyLoader.Client	]	User assembly ignored: C:\_git\dev\piraeus_0.9.0_prerelease\src\Gateways\TcpUdpGateway\TcpUdpGateway\bin\Release\Owin.dll
	* Assembly contains no types assignable from Orleans.Providers.IProvider.	
[2018-06-18 14:50:33.076 GMT     1	INFO   	100000	AssemblyLoader.Client	]	User assembly ignored: C:\_git\dev\piraeus_0.9.0_prerelease\src\Gateways\TcpUdpGateway\TcpUdpGateway\bin\Release\PCLCrypto.dll
	* Assembly contains no types assignable from Orleans.Providers.IProvider.	
[2018-06-18 14:50:33.084 GMT     1	INFO   	100000	AssemblyLoader.Client	]	User assembly ignored: C:\_git\dev\piraeus_0.9.0_prerelease\src\Gateways\TcpUdpGateway\TcpUdpGateway\bin\Release\PInvoke.BCrypt.dll
	* Assembly contains no types assignable from Orleans.Providers.IProvider.	
[2018-06-18 14:50:33.093 GMT     1	INFO   	100000	AssemblyLoader.Client	]	User assembly ignored: C:\_git\dev\piraeus_0.9.0_prerelease\src\Gateways\TcpUdpGateway\TcpUdpGateway\bin\Release\PInvoke.Kernel32.dll
	* Assembly contains no types assignable from Orleans.Providers.IProvider.	
[2018-06-18 14:50:33.099 GMT     1	INFO   	100000	AssemblyLoader.Client	]	User assembly ignored: C:\_git\dev\piraeus_0.9.0_prerelease\src\Gateways\TcpUdpGateway\TcpUdpGateway\bin\Release\PInvoke.NCrypt.dll
	* Assembly contains no types assignable from Orleans.Providers.IProvider.	
[2018-06-18 14:50:33.105 GMT     1	INFO   	100000	AssemblyLoader.Client	]	User assembly ignored: C:\_git\dev\piraeus_0.9.0_prerelease\src\Gateways\TcpUdpGateway\TcpUdpGateway\bin\Release\PInvoke.Windows.Core.dll
	* Assembly contains no types assignable from Orleans.Providers.IProvider.	
[2018-06-18 14:50:33.114 GMT     1	INFO   	100000	AssemblyLoader.Client	]	User assembly ignored: C:\_git\dev\piraeus_0.9.0_prerelease\src\Gateways\TcpUdpGateway\TcpUdpGateway\bin\Release\Piraeus.Adapters.dll
	* Assembly contains no types assignable from Orleans.Providers.IProvider.	
[2018-06-18 14:50:33.118 GMT     1	INFO   	100000	AssemblyLoader.Client	]	User assembly ignored: C:\_git\dev\piraeus_0.9.0_prerelease\src\Gateways\TcpUdpGateway\TcpUdpGateway\bin\Release\Piraeus.Configuration.dll
	* Assembly contains no types assignable from Orleans.Providers.IProvider.	
[2018-06-18 14:50:33.121 GMT     1	INFO   	100000	AssemblyLoader.Client	]	User assembly ignored: C:\_git\dev\piraeus_0.9.0_prerelease\src\Gateways\TcpUdpGateway\TcpUdpGateway\bin\Release\Piraeus.Core.dll
	* Assembly contains no types assignable from Orleans.Providers.IProvider.	
[2018-06-18 14:50:33.129 GMT     1	INFO   	100000	AssemblyLoader.Client	]	User assembly ignored: C:\_git\dev\piraeus_0.9.0_prerelease\src\Gateways\TcpUdpGateway\TcpUdpGateway\bin\Release\Piraeus.GrainInterfaces.dll
	* Assembly contains no types assignable from Orleans.Providers.IProvider.	
[2018-06-18 14:50:33.147 GMT     1	INFO   	100000	AssemblyLoader.Client	]	User assembly ignored: C:\_git\dev\piraeus_0.9.0_prerelease\src\Gateways\TcpUdpGateway\TcpUdpGateway\bin\Release\Piraeus.Grains.dll
	* Assembly contains no types assignable from Orleans.Providers.IProvider.	
[2018-06-18 14:50:33.160 GMT     1	INFO   	100000	AssemblyLoader.Client	]	User assembly ignored: C:\_git\dev\piraeus_0.9.0_prerelease\src\Gateways\TcpUdpGateway\TcpUdpGateway\bin\Release\SkunkLab.Channels.dll
	* Assembly contains no types assignable from Orleans.Providers.IProvider.	
[2018-06-18 14:50:33.164 GMT     1	INFO   	100000	AssemblyLoader.Client	]	User assembly ignored: C:\_git\dev\piraeus_0.9.0_prerelease\src\Gateways\TcpUdpGateway\TcpUdpGateway\bin\Release\SkunkLab.Diagnostics.dll
	* Assembly contains no types assignable from Orleans.Providers.IProvider.	
[2018-06-18 14:50:33.167 GMT     1	INFO   	100000	AssemblyLoader.Client	]	User assembly ignored: C:\_git\dev\piraeus_0.9.0_prerelease\src\Gateways\TcpUdpGateway\TcpUdpGateway\bin\Release\SkunkLab.Listeners.dll
	* Assembly contains no types assignable from Orleans.Providers.IProvider.	
[2018-06-18 14:50:33.180 GMT     1	INFO   	100000	AssemblyLoader.Client	]	User assembly ignored: C:\_git\dev\piraeus_0.9.0_prerelease\src\Gateways\TcpUdpGateway\TcpUdpGateway\bin\Release\SkunkLab.Protocols.dll
	* Assembly contains no types assignable from Orleans.Providers.IProvider.	
[2018-06-18 14:50:33.190 GMT     1	INFO   	100000	AssemblyLoader.Client	]	User assembly ignored: C:\_git\dev\piraeus_0.9.0_prerelease\src\Gateways\TcpUdpGateway\TcpUdpGateway\bin\Release\SkunkLab.Security.dll
	* Assembly contains no types assignable from Orleans.Providers.IProvider.	
[2018-06-18 14:50:33.200 GMT     1	INFO   	100000	AssemblyLoader.Client	]	User assembly ignored: C:\_git\dev\piraeus_0.9.0_prerelease\src\Gateways\TcpUdpGateway\TcpUdpGateway\bin\Release\SkunkLab.Storage.dll
	* Assembly contains no types assignable from Orleans.Providers.IProvider.	
[2018-06-18 14:50:33.237 GMT     1	INFO   	100000	AssemblyLoader.Client	]	User assembly ignored: C:\_git\dev\piraeus_0.9.0_prerelease\src\Gateways\TcpUdpGateway\TcpUdpGateway\bin\Release\StackExchange.Redis.dll
	* Assembly contains no types assignable from Orleans.Providers.IProvider.	
[2018-06-18 14:50:33.241 GMT     1	INFO   	100000	AssemblyLoader.Client	]	User assembly ignored: C:\_git\dev\piraeus_0.9.0_prerelease\src\Gateways\TcpUdpGateway\TcpUdpGateway\bin\Release\System.AppContext.dll
	* Assembly contains no types assignable from Orleans.Providers.IProvider.	
[2018-06-18 14:50:33.266 GMT     1	INFO   	100000	AssemblyLoader.Client	]	User assembly ignored: C:\_git\dev\piraeus_0.9.0_prerelease\src\Gateways\TcpUdpGateway\TcpUdpGateway\bin\Release\System.Collections.Immutable.dll
	* Assembly contains no types assignable from Orleans.Providers.IProvider.	
[2018-06-18 14:50:33.270 GMT     1	INFO   	100000	AssemblyLoader.Client	]	User assembly ignored: C:\_git\dev\piraeus_0.9.0_prerelease\src\Gateways\TcpUdpGateway\TcpUdpGateway\bin\Release\System.Console.dll
	* Assembly contains no types assignable from Orleans.Providers.IProvider.	
[2018-06-18 14:50:33.305 GMT     1	INFO   	100000	AssemblyLoader.Client	]	User assembly ignored: C:\_git\dev\piraeus_0.9.0_prerelease\src\Gateways\TcpUdpGateway\TcpUdpGateway\bin\Release\System.Diagnostics.DiagnosticSource.dll
	* Assembly contains no types assignable from Orleans.Providers.IProvider.	
[2018-06-18 14:50:33.310 GMT     1	INFO   	100000	AssemblyLoader.Client	]	User assembly ignored: C:\_git\dev\piraeus_0.9.0_prerelease\src\Gateways\TcpUdpGateway\TcpUdpGateway\bin\Release\System.Diagnostics.FileVersionInfo.dll
	* Assembly contains no types assignable from Orleans.Providers.IProvider.	
[2018-06-18 14:50:33.314 GMT     1	INFO   	100000	AssemblyLoader.Client	]	User assembly ignored: C:\_git\dev\piraeus_0.9.0_prerelease\src\Gateways\TcpUdpGateway\TcpUdpGateway\bin\Release\System.Diagnostics.StackTrace.dll
	* Assembly contains no types assignable from Orleans.Providers.IProvider.	
[2018-06-18 14:50:33.319 GMT     1	INFO   	100000	AssemblyLoader.Client	]	User assembly ignored: C:\_git\dev\piraeus_0.9.0_prerelease\src\Gateways\TcpUdpGateway\TcpUdpGateway\bin\Release\System.Globalization.Calendars.dll
	* Assembly contains no types assignable from Orleans.Providers.IProvider.	
[2018-06-18 14:50:33.323 GMT     1	INFO   	100000	AssemblyLoader.Client	]	User assembly ignored: C:\_git\dev\piraeus_0.9.0_prerelease\src\Gateways\TcpUdpGateway\TcpUdpGateway\bin\Release\System.IdentityModel.Tokens.Jwt.dll
	* Assembly contains no types assignable from Orleans.Providers.IProvider.	
[2018-06-18 14:50:33.330 GMT     1	INFO   	100000	AssemblyLoader.Client	]	User assembly ignored: C:\_git\dev\piraeus_0.9.0_prerelease\src\Gateways\TcpUdpGateway\TcpUdpGateway\bin\Release\System.IO.Compression.dll
	* Assembly contains no types assignable from Orleans.Providers.IProvider.	
[2018-06-18 14:50:33.333 GMT     1	INFO   	100000	AssemblyLoader.Client	]	User assembly ignored: C:\_git\dev\piraeus_0.9.0_prerelease\src\Gateways\TcpUdpGateway\TcpUdpGateway\bin\Release\System.IO.Compression.ZipFile.dll
	* Assembly contains no types assignable from Orleans.Providers.IProvider.	
[2018-06-18 14:50:33.335 GMT     1	INFO   	100000	AssemblyLoader.Client	]	User assembly ignored: C:\_git\dev\piraeus_0.9.0_prerelease\src\Gateways\TcpUdpGateway\TcpUdpGateway\bin\Release\System.IO.FileSystem.dll
	* Assembly contains no types assignable from Orleans.Providers.IProvider.	
[2018-06-18 14:50:33.337 GMT     1	INFO   	100000	AssemblyLoader.Client	]	User assembly ignored: C:\_git\dev\piraeus_0.9.0_prerelease\src\Gateways\TcpUdpGateway\TcpUdpGateway\bin\Release\System.IO.FileSystem.Primitives.dll
	* Assembly contains no types assignable from Orleans.Providers.IProvider.	
[2018-06-18 14:50:33.352 GMT     1	INFO   	100000	AssemblyLoader.Client	]	User assembly ignored: C:\_git\dev\piraeus_0.9.0_prerelease\src\Gateways\TcpUdpGateway\TcpUdpGateway\bin\Release\System.Net.Http.dll
	* Assembly contains no types assignable from Orleans.Providers.IProvider.	
[2018-06-18 14:50:33.364 GMT     1	INFO   	100000	AssemblyLoader.Client	]	User assembly ignored: C:\_git\dev\piraeus_0.9.0_prerelease\src\Gateways\TcpUdpGateway\TcpUdpGateway\bin\Release\System.Net.Http.Formatting.dll
	* Assembly contains no types assignable from Orleans.Providers.IProvider.	
[2018-06-18 14:50:33.367 GMT     1	INFO   	100000	AssemblyLoader.Client	]	User assembly ignored: C:\_git\dev\piraeus_0.9.0_prerelease\src\Gateways\TcpUdpGateway\TcpUdpGateway\bin\Release\System.Net.Sockets.dll
	* Assembly contains no types assignable from Orleans.Providers.IProvider.	
[2018-06-18 14:50:33.411 GMT     1	INFO   	100000	AssemblyLoader.Client	]	User assembly ignored: C:\_git\dev\piraeus_0.9.0_prerelease\src\Gateways\TcpUdpGateway\TcpUdpGateway\bin\Release\System.Reflection.Metadata.dll
	* Assembly contains no types assignable from Orleans.Providers.IProvider.	
[2018-06-18 14:50:33.415 GMT     1	INFO   	100000	AssemblyLoader.Client	]	User assembly ignored: C:\_git\dev\piraeus_0.9.0_prerelease\src\Gateways\TcpUdpGateway\TcpUdpGateway\bin\Release\System.Runtime.CompilerServices.Unsafe.dll
	* Assembly contains no types assignable from Orleans.Providers.IProvider.	
[2018-06-18 14:50:33.419 GMT     1	INFO   	100000	AssemblyLoader.Client	]	User assembly ignored: C:\_git\dev\piraeus_0.9.0_prerelease\src\Gateways\TcpUdpGateway\TcpUdpGateway\bin\Release\System.Runtime.InteropServices.RuntimeInformation.dll
	* Assembly contains no types assignable from Orleans.Providers.IProvider.	
[2018-06-18 14:50:33.424 GMT     1	INFO   	100000	AssemblyLoader.Client	]	User assembly ignored: C:\_git\dev\piraeus_0.9.0_prerelease\src\Gateways\TcpUdpGateway\TcpUdpGateway\bin\Release\System.Security.Cryptography.Algorithms.dll
	* Assembly contains no types assignable from Orleans.Providers.IProvider.	
[2018-06-18 14:50:33.426 GMT     1	INFO   	100000	AssemblyLoader.Client	]	User assembly ignored: C:\_git\dev\piraeus_0.9.0_prerelease\src\Gateways\TcpUdpGateway\TcpUdpGateway\bin\Release\System.Security.Cryptography.Encoding.dll
	* Assembly contains no types assignable from Orleans.Providers.IProvider.	
[2018-06-18 14:50:33.429 GMT     1	INFO   	100000	AssemblyLoader.Client	]	User assembly ignored: C:\_git\dev\piraeus_0.9.0_prerelease\src\Gateways\TcpUdpGateway\TcpUdpGateway\bin\Release\System.Security.Cryptography.Primitives.dll
	* Assembly contains no types assignable from Orleans.Providers.IProvider.	
[2018-06-18 14:50:33.432 GMT     1	INFO   	100000	AssemblyLoader.Client	]	User assembly ignored: C:\_git\dev\piraeus_0.9.0_prerelease\src\Gateways\TcpUdpGateway\TcpUdpGateway\bin\Release\System.Security.Cryptography.X509Certificates.dll
	* Assembly contains no types assignable from Orleans.Providers.IProvider.	
[2018-06-18 14:50:33.443 GMT     1	INFO   	100000	AssemblyLoader.Client	]	User assembly ignored: C:\_git\dev\piraeus_0.9.0_prerelease\src\Gateways\TcpUdpGateway\TcpUdpGateway\bin\Release\System.Spatial.dll
	* Assembly contains no types assignable from Orleans.Providers.IProvider.	
[2018-06-18 14:50:33.449 GMT     1	INFO   	100000	AssemblyLoader.Client	]	User assembly ignored: C:\_git\dev\piraeus_0.9.0_prerelease\src\Gateways\TcpUdpGateway\TcpUdpGateway\bin\Release\System.Text.Encoding.CodePages.dll
	* Assembly contains no types assignable from Orleans.Providers.IProvider.	
[2018-06-18 14:50:33.452 GMT     1	INFO   	100000	AssemblyLoader.Client	]	User assembly ignored: C:\_git\dev\piraeus_0.9.0_prerelease\src\Gateways\TcpUdpGateway\TcpUdpGateway\bin\Release\System.Threading.Thread.dll
	* Assembly contains no types assignable from Orleans.Providers.IProvider.	
[2018-06-18 14:50:33.460 GMT     1	INFO   	100000	AssemblyLoader.Client	]	User assembly ignored: C:\_git\dev\piraeus_0.9.0_prerelease\src\Gateways\TcpUdpGateway\TcpUdpGateway\bin\Release\System.ValueTuple.dll
	* Assembly contains no types assignable from Orleans.Providers.IProvider.	
[2018-06-18 14:50:33.497 GMT     1	INFO   	100000	AssemblyLoader.Client	]	User assembly ignored: C:\_git\dev\piraeus_0.9.0_prerelease\src\Gateways\TcpUdpGateway\TcpUdpGateway\bin\Release\System.Web.Http.dll
	* Assembly contains no types assignable from Orleans.Providers.IProvider.	
[2018-06-18 14:50:33.500 GMT     1	INFO   	100000	AssemblyLoader.Client	]	User assembly ignored: C:\_git\dev\piraeus_0.9.0_prerelease\src\Gateways\TcpUdpGateway\TcpUdpGateway\bin\Release\System.Xml.ReaderWriter.dll
	* Assembly contains no types assignable from Orleans.Providers.IProvider.	
[2018-06-18 14:50:33.502 GMT     1	INFO   	100000	AssemblyLoader.Client	]	User assembly ignored: C:\_git\dev\piraeus_0.9.0_prerelease\src\Gateways\TcpUdpGateway\TcpUdpGateway\bin\Release\System.Xml.XmlDocument.dll
	* Assembly contains no types assignable from Orleans.Providers.IProvider.	
[2018-06-18 14:50:33.504 GMT     1	INFO   	100000	AssemblyLoader.Client	]	User assembly ignored: C:\_git\dev\piraeus_0.9.0_prerelease\src\Gateways\TcpUdpGateway\TcpUdpGateway\bin\Release\System.Xml.XPath.dll
	* Assembly contains no types assignable from Orleans.Providers.IProvider.	
[2018-06-18 14:50:33.506 GMT     1	INFO   	100000	AssemblyLoader.Client	]	User assembly ignored: C:\_git\dev\piraeus_0.9.0_prerelease\src\Gateways\TcpUdpGateway\TcpUdpGateway\bin\Release\System.Xml.XPath.XDocument.dll
	* Assembly contains no types assignable from Orleans.Providers.IProvider.	
[2018-06-18 14:50:33.515 GMT     1	INFO   	100000	AssemblyLoader.Client	]	User assembly ignored: C:\_git\dev\piraeus_0.9.0_prerelease\src\Gateways\TcpUdpGateway\TcpUdpGateway\bin\Release\Validation.dll
	* Assembly contains no types assignable from Orleans.Providers.IProvider.	
[2018-06-18 14:50:33.518 GMT     1	INFO   	100000	AssemblyLoader.Client	]	User assembly ignored: C:\_git\dev\piraeus_0.9.0_prerelease\src\Gateways\TcpUdpGateway\TcpUdpGateway\bin\Release\de\Microsoft.Data.Edm.resources.dll
	* Assembly filename indicates that it is a resource assembly.	
[2018-06-18 14:50:33.520 GMT     1	INFO   	100000	AssemblyLoader.Client	]	User assembly ignored: C:\_git\dev\piraeus_0.9.0_prerelease\src\Gateways\TcpUdpGateway\TcpUdpGateway\bin\Release\de\Microsoft.Data.OData.resources.dll
	* Assembly filename indicates that it is a resource assembly.	
[2018-06-18 14:50:33.521 GMT     1	INFO   	100000	AssemblyLoader.Client	]	User assembly ignored: C:\_git\dev\piraeus_0.9.0_prerelease\src\Gateways\TcpUdpGateway\TcpUdpGateway\bin\Release\de\Microsoft.Data.Services.Client.resources.dll
	* Assembly filename indicates that it is a resource assembly.	
[2018-06-18 14:50:33.528 GMT     1	INFO   	100000	AssemblyLoader.Client	]	User assembly ignored: C:\_git\dev\piraeus_0.9.0_prerelease\src\Gateways\TcpUdpGateway\TcpUdpGateway\bin\Release\de\System.Spatial.resources.dll
	* Assembly filename indicates that it is a resource assembly.	
[2018-06-18 14:50:33.530 GMT     1	INFO   	100000	AssemblyLoader.Client	]	User assembly ignored: C:\_git\dev\piraeus_0.9.0_prerelease\src\Gateways\TcpUdpGateway\TcpUdpGateway\bin\Release\es\Microsoft.Data.Edm.resources.dll
	* Assembly filename indicates that it is a resource assembly.	
[2018-06-18 14:50:33.532 GMT     1	INFO   	100000	AssemblyLoader.Client	]	User assembly ignored: C:\_git\dev\piraeus_0.9.0_prerelease\src\Gateways\TcpUdpGateway\TcpUdpGateway\bin\Release\es\Microsoft.Data.OData.resources.dll
	* Assembly filename indicates that it is a resource assembly.	
[2018-06-18 14:50:33.537 GMT     1	INFO   	100000	AssemblyLoader.Client	]	User assembly ignored: C:\_git\dev\piraeus_0.9.0_prerelease\src\Gateways\TcpUdpGateway\TcpUdpGateway\bin\Release\es\Microsoft.Data.Services.Client.resources.dll
	* Assembly filename indicates that it is a resource assembly.	
[2018-06-18 14:50:33.539 GMT     1	INFO   	100000	AssemblyLoader.Client	]	User assembly ignored: C:\_git\dev\piraeus_0.9.0_prerelease\src\Gateways\TcpUdpGateway\TcpUdpGateway\bin\Release\es\System.Spatial.resources.dll
	* Assembly filename indicates that it is a resource assembly.	
[2018-06-18 14:50:33.540 GMT     1	INFO   	100000	AssemblyLoader.Client	]	User assembly ignored: C:\_git\dev\piraeus_0.9.0_prerelease\src\Gateways\TcpUdpGateway\TcpUdpGateway\bin\Release\fr\Microsoft.Data.Edm.resources.dll
	* Assembly filename indicates that it is a resource assembly.	
[2018-06-18 14:50:33.541 GMT     1	INFO   	100000	AssemblyLoader.Client	]	User assembly ignored: C:\_git\dev\piraeus_0.9.0_prerelease\src\Gateways\TcpUdpGateway\TcpUdpGateway\bin\Release\fr\Microsoft.Data.OData.resources.dll
	* Assembly filename indicates that it is a resource assembly.	
[2018-06-18 14:50:33.543 GMT     1	INFO   	100000	AssemblyLoader.Client	]	User assembly ignored: C:\_git\dev\piraeus_0.9.0_prerelease\src\Gateways\TcpUdpGateway\TcpUdpGateway\bin\Release\fr\Microsoft.Data.Services.Client.resources.dll
	* Assembly filename indicates that it is a resource assembly.	
[2018-06-18 14:50:33.548 GMT     1	INFO   	100000	AssemblyLoader.Client	]	User assembly ignored: C:\_git\dev\piraeus_0.9.0_prerelease\src\Gateways\TcpUdpGateway\TcpUdpGateway\bin\Release\fr\System.Spatial.resources.dll
	* Assembly filename indicates that it is a resource assembly.	
[2018-06-18 14:50:33.551 GMT     1	INFO   	100000	AssemblyLoader.Client	]	User assembly ignored: C:\_git\dev\piraeus_0.9.0_prerelease\src\Gateways\TcpUdpGateway\TcpUdpGateway\bin\Release\it\Microsoft.Data.Edm.resources.dll
	* Assembly filename indicates that it is a resource assembly.	
[2018-06-18 14:50:33.553 GMT     1	INFO   	100000	AssemblyLoader.Client	]	User assembly ignored: C:\_git\dev\piraeus_0.9.0_prerelease\src\Gateways\TcpUdpGateway\TcpUdpGateway\bin\Release\it\Microsoft.Data.OData.resources.dll
	* Assembly filename indicates that it is a resource assembly.	
[2018-06-18 14:50:33.554 GMT     1	INFO   	100000	AssemblyLoader.Client	]	User assembly ignored: C:\_git\dev\piraeus_0.9.0_prerelease\src\Gateways\TcpUdpGateway\TcpUdpGateway\bin\Release\it\Microsoft.Data.Services.Client.resources.dll
	* Assembly filename indicates that it is a resource assembly.	
[2018-06-18 14:50:33.560 GMT     1	INFO   	100000	AssemblyLoader.Client	]	User assembly ignored: C:\_git\dev\piraeus_0.9.0_prerelease\src\Gateways\TcpUdpGateway\TcpUdpGateway\bin\Release\it\System.Spatial.resources.dll
	* Assembly filename indicates that it is a resource assembly.	
[2018-06-18 14:50:33.563 GMT     1	INFO   	100000	AssemblyLoader.Client	]	User assembly ignored: C:\_git\dev\piraeus_0.9.0_prerelease\src\Gateways\TcpUdpGateway\TcpUdpGateway\bin\Release\ja\Microsoft.Data.Edm.resources.dll
	* Assembly filename indicates that it is a resource assembly.	
[2018-06-18 14:50:33.565 GMT     1	INFO   	100000	AssemblyLoader.Client	]	User assembly ignored: C:\_git\dev\piraeus_0.9.0_prerelease\src\Gateways\TcpUdpGateway\TcpUdpGateway\bin\Release\ja\Microsoft.Data.OData.resources.dll
	* Assembly filename indicates that it is a resource assembly.	
[2018-06-18 14:50:33.567 GMT     1	INFO   	100000	AssemblyLoader.Client	]	User assembly ignored: C:\_git\dev\piraeus_0.9.0_prerelease\src\Gateways\TcpUdpGateway\TcpUdpGateway\bin\Release\ja\Microsoft.Data.Services.Client.resources.dll
	* Assembly filename indicates that it is a resource assembly.	
[2018-06-18 14:50:33.572 GMT     1	INFO   	100000	AssemblyLoader.Client	]	User assembly ignored: C:\_git\dev\piraeus_0.9.0_prerelease\src\Gateways\TcpUdpGateway\TcpUdpGateway\bin\Release\ja\System.Spatial.resources.dll
	* Assembly filename indicates that it is a resource assembly.	
[2018-06-18 14:50:33.574 GMT     1	INFO   	100000	AssemblyLoader.Client	]	User assembly ignored: C:\_git\dev\piraeus_0.9.0_prerelease\src\Gateways\TcpUdpGateway\TcpUdpGateway\bin\Release\ko\Microsoft.Data.Edm.resources.dll
	* Assembly filename indicates that it is a resource assembly.	
[2018-06-18 14:50:33.577 GMT     1	INFO   	100000	AssemblyLoader.Client	]	User assembly ignored: C:\_git\dev\piraeus_0.9.0_prerelease\src\Gateways\TcpUdpGateway\TcpUdpGateway\bin\Release\ko\Microsoft.Data.OData.resources.dll
	* Assembly filename indicates that it is a resource assembly.	
[2018-06-18 14:50:33.582 GMT     1	INFO   	100000	AssemblyLoader.Client	]	User assembly ignored: C:\_git\dev\piraeus_0.9.0_prerelease\src\Gateways\TcpUdpGateway\TcpUdpGateway\bin\Release\ko\Microsoft.Data.Services.Client.resources.dll
	* Assembly filename indicates that it is a resource assembly.	
[2018-06-18 14:50:33.584 GMT     1	INFO   	100000	AssemblyLoader.Client	]	User assembly ignored: C:\_git\dev\piraeus_0.9.0_prerelease\src\Gateways\TcpUdpGateway\TcpUdpGateway\bin\Release\ko\System.Spatial.resources.dll
	* Assembly filename indicates that it is a resource assembly.	
[2018-06-18 14:50:33.586 GMT     1	INFO   	100000	AssemblyLoader.Client	]	User assembly ignored: C:\_git\dev\piraeus_0.9.0_prerelease\src\Gateways\TcpUdpGateway\TcpUdpGateway\bin\Release\ru\Microsoft.Data.Edm.resources.dll
	* Assembly filename indicates that it is a resource assembly.	
[2018-06-18 14:50:33.588 GMT     1	INFO   	100000	AssemblyLoader.Client	]	User assembly ignored: C:\_git\dev\piraeus_0.9.0_prerelease\src\Gateways\TcpUdpGateway\TcpUdpGateway\bin\Release\ru\Microsoft.Data.OData.resources.dll
	* Assembly filename indicates that it is a resource assembly.	
[2018-06-18 14:50:33.589 GMT     1	INFO   	100000	AssemblyLoader.Client	]	User assembly ignored: C:\_git\dev\piraeus_0.9.0_prerelease\src\Gateways\TcpUdpGateway\TcpUdpGateway\bin\Release\ru\Microsoft.Data.Services.Client.resources.dll
	* Assembly filename indicates that it is a resource assembly.	
[2018-06-18 14:50:33.591 GMT     1	INFO   	100000	AssemblyLoader.Client	]	User assembly ignored: C:\_git\dev\piraeus_0.9.0_prerelease\src\Gateways\TcpUdpGateway\TcpUdpGateway\bin\Release\ru\System.Spatial.resources.dll
	* Assembly filename indicates that it is a resource assembly.	
[2018-06-18 14:50:33.597 GMT     1	INFO   	100000	AssemblyLoader.Client	]	User assembly ignored: C:\_git\dev\piraeus_0.9.0_prerelease\src\Gateways\TcpUdpGateway\TcpUdpGateway\bin\Release\zh-Hans\Microsoft.Data.Edm.resources.dll
	* Assembly filename indicates that it is a resource assembly.	
[2018-06-18 14:50:33.599 GMT     1	INFO   	100000	AssemblyLoader.Client	]	User assembly ignored: C:\_git\dev\piraeus_0.9.0_prerelease\src\Gateways\TcpUdpGateway\TcpUdpGateway\bin\Release\zh-Hans\Microsoft.Data.OData.resources.dll
	* Assembly filename indicates that it is a resource assembly.	
[2018-06-18 14:50:33.601 GMT     1	INFO   	100000	AssemblyLoader.Client	]	User assembly ignored: C:\_git\dev\piraeus_0.9.0_prerelease\src\Gateways\TcpUdpGateway\TcpUdpGateway\bin\Release\zh-Hans\Microsoft.Data.Services.Client.resources.dll
	* Assembly filename indicates that it is a resource assembly.	
[2018-06-18 14:50:33.602 GMT     1	INFO   	100000	AssemblyLoader.Client	]	User assembly ignored: C:\_git\dev\piraeus_0.9.0_prerelease\src\Gateways\TcpUdpGateway\TcpUdpGateway\bin\Release\zh-Hans\System.Spatial.resources.dll
	* Assembly filename indicates that it is a resource assembly.	
[2018-06-18 14:50:33.607 GMT     1	INFO   	100000	AssemblyLoader.Client	]	User assembly ignored: C:\_git\dev\piraeus_0.9.0_prerelease\src\Gateways\TcpUdpGateway\TcpUdpGateway\bin\Release\zh-Hant\Microsoft.Data.Edm.resources.dll
	* Assembly filename indicates that it is a resource assembly.	
[2018-06-18 14:50:33.608 GMT     1	INFO   	100000	AssemblyLoader.Client	]	User assembly ignored: C:\_git\dev\piraeus_0.9.0_prerelease\src\Gateways\TcpUdpGateway\TcpUdpGateway\bin\Release\zh-Hant\Microsoft.Data.OData.resources.dll
	* Assembly filename indicates that it is a resource assembly.	
[2018-06-18 14:50:33.611 GMT     1	INFO   	100000	AssemblyLoader.Client	]	User assembly ignored: C:\_git\dev\piraeus_0.9.0_prerelease\src\Gateways\TcpUdpGateway\TcpUdpGateway\bin\Release\zh-Hant\Microsoft.Data.Services.Client.resources.dll
	* Assembly filename indicates that it is a resource assembly.	
[2018-06-18 14:50:33.613 GMT     1	INFO   	100000	AssemblyLoader.Client	]	User assembly ignored: C:\_git\dev\piraeus_0.9.0_prerelease\src\Gateways\TcpUdpGateway\TcpUdpGateway\bin\Release\zh-Hant\System.Spatial.resources.dll
	* Assembly filename indicates that it is a resource assembly.	
[2018-06-18 14:50:33.618 GMT     1	INFO   	100000	AssemblyLoader.Client	]	Loading assembly C:\_git\dev\piraeus_0.9.0_prerelease\src\Gateways\TcpUdpGateway\TcpUdpGateway\bin\Release\OrleansProviders.dll...	
[2018-06-18 14:50:33.752 GMT     1	INFO   	100000	AssemblyLoader.Client	]	1 assemblies loaded.	
[2018-06-18 14:50:34.244 GMT     1	INFO   	100313	OutsideRuntimeClient	]	---------- Initializing OutsideRuntimeClient on MININT-2T87D76 at 172.21.48.1 Client Id = *cli/0373389f ----------	
[2018-06-18 14:50:34.264 GMT     1	INFO   	100314	OutsideRuntimeClient	]	---------- Starting OutsideRuntimeClient with runtime Version='1.5.2.0 (Release).' in AppDomain=<AppDomain.Id=1, AppDomain.FriendlyName=TcpUdpGateway.exe> Config= 
 Platform version info:
   Orleans version: 1.5.2.0 (Release).
   .NET version: 4.0.30319.42000
   OS version: Microsoft Windows NT 6.2.9200.0
   App config file: C:\_git\dev\piraeus_0.9.0_prerelease\src\Gateways\TcpUdpGateway\TcpUdpGateway\bin\Release\TcpUdpGateway.exe.Config
   GC Type=Server GCLatencyMode=Batch
   Host: MININT-2T87D76
   Processor Count: 4
Client Configuration:
   Config File Name: 
   Start time: 2018-06-18 14:50:34.255 GMT
   Gateway Provider: Config
   Gateways[1]:
      127.0.0.1:40000
   Preferred Gateway Index: -1
   GatewayListRefreshPeriod: 00:01:00
   Preferred Address Family: InterNetwork
   DNS Host Name: MININT-2T87D76
   Client Name: Client
   Tracing: 
     Default Trace Level: Info
     TraceLevelOverrides: None
     Trace to Console: True
     Trace File Name: C:\_git\dev\piraeus_0.9.0_prerelease\src\Gateways\TcpUdpGateway\TcpUdpGateway\bin\Release\Client-2018-06-18-14.50.21.339Z.log
     LargeMessageWarningThreshold: 85000
     PropagateActivityId: False
     BulkMessageLimit: 5
   Statistics: 
     MetricsTableWriteInterval: 00:00:30
     PerfCounterWriteInterval: -00:00:00.0010000
     LogWriteInterval: 00:05:00
     WriteLogStatisticsToTable: True
     StatisticsCollectionLevel: Info
   Messaging:
       Response timeout: 00:30:00
       Maximum resend count: 0
       Resend On Timeout: False
       Maximum Socket Age: 10675199.02:48:05.4775807
       Drop Expired Messages: True
       Client Sender Buckets: 8192
       Buffer Pool Buffer Size: 4096
       Buffer Pool Max Size: 10000
       Buffer Pool Preallocation Size: 250
       Fallback serializer: 
   .NET: 
       .NET thread pool sizes - Min: Worker Threads=4 Completion Port Threads=4
       .NET thread pool sizes - Max: Worker Threads=2047 Completion Port Threads=1000
   Providers:
       No providers configured.
	
[2018-06-18 14:50:34.460 GMT     4	INFO   	101309	Messaging.GatewayManager	]	Found 1 knownGateways from Gateway listProvider [gwy.tcp://127.0.0.1:40000/0]	
[2018-06-18 14:50:34.569 GMT     4	INFO   	100908	Messaging.GatewayConnection/GatewayClientSender_gwy.tcp://127.0.0.1:40000/0	172.21.48.1:0]	Connected to gateway at address gwy.tcp://127.0.0.1:40000/0 on trial 0.	
[2018-06-18 14:50:34.615 GMT     9	INFO   	100000	Messaging.GatewayClientReceiver/gwy.tcp://127.0.0.1:40000/0	172.21.48.1:0]	Starting AsyncAgent Messaging.GatewayClientReceiver/gwy.tcp://127.0.0.1:40000/0 on managed thread 9	
[2018-06-18 14:50:34.662 GMT     8	INFO   	100000	Messaging.GatewayConnection/GatewayClientSender_gwy.tcp://127.0.0.1:40000/0	172.21.48.1:0]	Starting AsyncAgent Messaging.GatewayConnection/GatewayClientSender_gwy.tcp://127.0.0.1:40000/0 on managed thread 8	
[2018-06-18 14:50:34.950 GMT     5	INFO   	100929	OutsideRuntimeClient	172.21.48.1:0]	---------- Started OutsideRuntimeClient with Global Client ID: C172.21.48.1:0:-267029434*cli/0373389f@c9843c9a, client GUID ID: *cli/0373389f	
[2018-06-18 14:51:34.472 GMT     4	INFO   	101309	Messaging.GatewayManager	172.21.48.1:0]	Refreshed the live Gateway list. Found 1 gateways from Gateway listProvider: [gwy.tcp://127.0.0.1:40000/0]. Picked only known live out of them. Now has 1 live Gateways: [gwy.tcp://127.0.0.1:40000/0]. Previous refresh time was = 6/18/2018 2:50:34 PM	
[2018-06-18 14:52:34.486 GMT     4	INFO   	101309	Messaging.GatewayManager	172.21.48.1:0]	Refreshed the live Gateway list. Found 1 gateways from Gateway listProvider: [gwy.tcp://127.0.0.1:40000/0]. Picked only known live out of them. Now has 1 live Gateways: [gwy.tcp://127.0.0.1:40000/0]. Previous refresh time was = 6/18/2018 2:51:34 PM	
[2018-06-18 14:53:34.500 GMT     4	INFO   	101309	Messaging.GatewayManager	172.21.48.1:0]	Refreshed the live Gateway list. Found 1 gateways from Gateway listProvider: [gwy.tcp://127.0.0.1:40000/0]. Picked only known live out of them. Now has 1 live Gateways: [gwy.tcp://127.0.0.1:40000/0]. Previous refresh time was = 6/18/2018 2:52:34 PM	
[2018-06-18 14:54:34.506 GMT     4	INFO   	101309	Messaging.GatewayManager	172.21.48.1:0]	Refreshed the live Gateway list. Found 1 gateways from Gateway listProvider: [gwy.tcp://127.0.0.1:40000/0]. Picked only known live out of them. Now has 1 live Gateways: [gwy.tcp://127.0.0.1:40000/0]. Previous refresh time was = 6/18/2018 2:53:34 PM	
[2018-06-18 14:55:34.516 GMT     4	INFO   	101309	Messaging.GatewayManager	172.21.48.1:0]	Refreshed the live Gateway list. Found 1 gateways from Gateway listProvider: [gwy.tcp://127.0.0.1:40000/0]. Picked only known live out of them. Now has 1 live Gateways: [gwy.tcp://127.0.0.1:40000/0]. Previous refresh time was = 6/18/2018 2:54:34 PM	
[2018-06-18 14:55:35.017 GMT     4	INFO   	100704	ClientLogStatistics	172.21.48.1:0]	Statistics: ^^^
Client.ConnectedGatewayCount=1
Messaging.Expired.AtDispatch.Current=0
Messaging.Expired.AtInvoke.Current=0
Messaging.Expired.AtReceive.Current=0
Messaging.Expired.AtRespond.Current=0
Messaging.Expired.AtSend.Current=0
Messaging.Received.BatchSize.PerSocketDirection.ClientToGateway=0.000
Messaging.Received.BatchSizeBytesHistogram.Bytes.PerSocketDirection.ClientToGateway=
Messaging.Received.Bytes.Header.Current=453
Messaging.Received.Bytes.Total.Current=3770
Messaging.Received.Direction.OneWay.Current=0
Messaging.Received.Direction.Request.Current=0
Messaging.Received.Direction.Response.Current=2
Messaging.Received.Messages.From.S127.0.0.1:40000:0.Current=2
Messaging.Received.Messages.Total.Current=2
Messaging.Received.MessageSizeHistogram.Bytes=[256:511]=1, [2048:4095]=1, 
Messaging.Rerouted.OneWay.Current=0
Messaging.Rerouted.Request.Current=0
Messaging.Rerouted.Response.Current=0
Messaging.Sent.BatchSize.PerSocketDirection.ClientToGateway=0.000
Messaging.Sent.BatchSizeBytesHistogram.Bytes.PerSocketDirection.ClientToGateway=
Messaging.Sent.Bytes.Header.Current=453
Messaging.Sent.Bytes.Total.Current=526
Messaging.Sent.Direction.OneWay.Current=0
Messaging.Sent.Direction.Request.Current=2
Messaging.Sent.Direction.Response.Current=0
Messaging.Sent.Messages.To.S127.0.0.1:40000:0.Current=2
Messaging.Sent.Messages.Total.Current=2
Messaging.Sent.MessageSizeHistogram.Bytes=[128:255]=1, [256:511]=1, 
Networking.Sockets.ClientToGateway.Duplex.Closed.Current=0
Networking.Sockets.ClientToGateway.Duplex.Opened.Current=1
Runtime.CpuUsage=24.703
Runtime.DOT.NET.ThreadPool.InUse.CompletionPortThreads=0
Runtime.DOT.NET.ThreadPool.InUse.WorkerThreads=2
Runtime.GC.AllocatedBytesInKbPerSec=0.000
Runtime.GC.GenCollectonCount=gen0=2, gen1=1, gen2=1
Runtime.GC.GenSizesKb=gen0=53747.42, gen1=4483.56, gen2=0.05
Runtime.GC.LargeObjectHeapSizeKb=8800.297
Runtime.GC.NumberOfInducedGCs=0.000
Runtime.GC.PercentOfTimeInGC=1.160
Runtime.GC.PromotedFinalizationMemoryFromGen0Kb=4.066
Runtime.GC.PromotedMemoryFromGen1Kb=0.000
Runtime.GC.TotalMemoryKb=64506
Runtime.Memory.AvailableMemoryMb=5927
Runtime.Memory.TotalPhysicalMemoryMb=16384
Runtime.Threads.AsynchAgent.Messaging.GatewayClientReceiver.Current=1
Runtime.Threads.AsynchAgent.Messaging.GatewayConnection.Current=1
Runtime.Threads.AsynchAgent.TotalThreadsCreated.Current=2
Serialization.BufferPool.AllocatedBuffers.Current=250
Serialization.BufferPool.BuffersInPool=217
Serialization.BufferPool.CheckedInBuffers.Current=257
Serialization.BufferPool.CheckedOutBuffers.Current=290
Serialization.BufferPool.DroppedBuffers.Current=0
Serialization.BufferPool.DroppedTooLargeBuffers.Current=0
Serialization.BufferPool.InUse.AllocatedAndNotInPool_Buffers=33
Serialization.BufferPool.InUse.CheckedOutAndNotCheckedIn_Buffers=33
	
