[2018-07-05 20:57:34.064 GMT     1	INFO   	100000	AssemblyLoader.Client	]	Recursively searching for assemblies in C:\_git\dev\piraeus_0.9.0_prerelease\src\Gateways\TcpUdpGateway\TcpUdpGateway\bin\Release...	
[2018-07-05 20:57:34.760 GMT     1	INFO   	100000	AssemblyLoader.Client	]	C:\_git\dev\piraeus_0.9.0_prerelease\src\Gateways\TcpUdpGateway\TcpUdpGateway\bin\Release\DocumentDB.Spatial.Sql.dll is not compatible with current process, loading is skipped.	
[2018-07-05 20:57:34.850 GMT     1	INFO   	100000	AssemblyLoader.Client	]	C:\_git\dev\piraeus_0.9.0_prerelease\src\Gateways\TcpUdpGateway\TcpUdpGateway\bin\Release\Microsoft.Azure.Documents.ServiceInterop.dll is not compatible with current process, loading is skipped.	
[2018-07-05 20:57:41.394 GMT     1	INFO   	100000	AssemblyLoader.Client	]	User assembly ignored: C:\_git\dev\piraeus_0.9.0_prerelease\src\Gateways\TcpUdpGateway\TcpUdpGateway\bin\Release\BouncyCastle.Crypto.dll
	* Assembly contains no types assignable from Orleans.Providers.IProvider.	
[2018-07-05 20:57:41.480 GMT     1	INFO   	100000	AssemblyLoader.Client	]	User assembly ignored: C:\_git\dev\piraeus_0.9.0_prerelease\src\Gateways\TcpUdpGateway\TcpUdpGateway\bin\Release\Capl.dll
	* Assembly contains no types assignable from Orleans.Providers.IProvider.	
[2018-07-05 20:57:41.489 GMT     1	INFO   	100000	AssemblyLoader.Client	]	User assembly ignored: C:\_git\dev\piraeus_0.9.0_prerelease\src\Gateways\TcpUdpGateway\TcpUdpGateway\bin\Release\DocumentDB.Spatial.Sql.dll
	* The file C:\_git\dev\piraeus_0.9.0_prerelease\src\Gateways\TcpUdpGateway\TcpUdpGateway\bin\Release\DocumentDB.Spatial.Sql.dll does not contain any CLR metadata, probably it is a native file.	
[2018-07-05 20:57:41.533 GMT     1	INFO   	100000	AssemblyLoader.Client	]	User assembly ignored: C:\_git\dev\piraeus_0.9.0_prerelease\src\Gateways\TcpUdpGateway\TcpUdpGateway\bin\Release\DotNetty.Buffers.dll
	* Assembly contains no types assignable from Orleans.Providers.IProvider.	
[2018-07-05 20:57:41.621 GMT     1	INFO   	100000	AssemblyLoader.Client	]	User assembly ignored: C:\_git\dev\piraeus_0.9.0_prerelease\src\Gateways\TcpUdpGateway\TcpUdpGateway\bin\Release\DotNetty.Codecs.dll
	* Assembly contains no types assignable from Orleans.Providers.IProvider.	
[2018-07-05 20:57:41.627 GMT     1	INFO   	100000	AssemblyLoader.Client	]	User assembly ignored: C:\_git\dev\piraeus_0.9.0_prerelease\src\Gateways\TcpUdpGateway\TcpUdpGateway\bin\Release\DotNetty.Codecs.Mqtt.dll
	* Assembly contains no types assignable from Orleans.Providers.IProvider.	
[2018-07-05 20:57:41.679 GMT     1	INFO   	100000	AssemblyLoader.Client	]	User assembly ignored: C:\_git\dev\piraeus_0.9.0_prerelease\src\Gateways\TcpUdpGateway\TcpUdpGateway\bin\Release\DotNetty.Common.dll
	* Assembly contains no types assignable from Orleans.Providers.IProvider.	
[2018-07-05 20:57:41.751 GMT     1	INFO   	100000	AssemblyLoader.Client	]	User assembly ignored: C:\_git\dev\piraeus_0.9.0_prerelease\src\Gateways\TcpUdpGateway\TcpUdpGateway\bin\Release\DotNetty.Handlers.dll
	* Assembly contains no types assignable from Orleans.Providers.IProvider.	
[2018-07-05 20:57:41.792 GMT     1	INFO   	100000	AssemblyLoader.Client	]	User assembly ignored: C:\_git\dev\piraeus_0.9.0_prerelease\src\Gateways\TcpUdpGateway\TcpUdpGateway\bin\Release\DotNetty.Transport.dll
	* Assembly contains no types assignable from Orleans.Providers.IProvider.	
[2018-07-05 20:57:41.847 GMT     1	INFO   	100000	AssemblyLoader.Client	]	User assembly ignored: C:\_git\dev\piraeus_0.9.0_prerelease\src\Gateways\TcpUdpGateway\TcpUdpGateway\bin\Release\Microsoft.Azure.Amqp.dll
	* Assembly contains no types assignable from Orleans.Providers.IProvider.	
[2018-07-05 20:57:41.886 GMT     1	INFO   	100000	AssemblyLoader.Client	]	User assembly ignored: C:\_git\dev\piraeus_0.9.0_prerelease\src\Gateways\TcpUdpGateway\TcpUdpGateway\bin\Release\Microsoft.Azure.DataLake.Store.dll
	* Assembly contains no types assignable from Orleans.Providers.IProvider.	
[2018-07-05 20:57:42.006 GMT     1	INFO   	100000	AssemblyLoader.Client	]	User assembly ignored: C:\_git\dev\piraeus_0.9.0_prerelease\src\Gateways\TcpUdpGateway\TcpUdpGateway\bin\Release\Microsoft.Azure.Devices.Client.dll
	* Assembly contains no types assignable from Orleans.Providers.IProvider.	
[2018-07-05 20:57:42.101 GMT     1	INFO   	100000	AssemblyLoader.Client	]	User assembly ignored: C:\_git\dev\piraeus_0.9.0_prerelease\src\Gateways\TcpUdpGateway\TcpUdpGateway\bin\Release\Microsoft.Azure.Devices.dll
	* Assembly contains no types assignable from Orleans.Providers.IProvider.	
[2018-07-05 20:57:42.133 GMT     1	INFO   	100000	AssemblyLoader.Client	]	User assembly ignored: C:\_git\dev\piraeus_0.9.0_prerelease\src\Gateways\TcpUdpGateway\TcpUdpGateway\bin\Release\Microsoft.Azure.Devices.Shared.dll
	* Assembly contains no types assignable from Orleans.Providers.IProvider.	
[2018-07-05 20:57:42.370 GMT     1	INFO   	100000	AssemblyLoader.Client	]	User assembly ignored: C:\_git\dev\piraeus_0.9.0_prerelease\src\Gateways\TcpUdpGateway\TcpUdpGateway\bin\Release\Microsoft.Azure.Documents.Client.dll
	* Assembly contains no types assignable from Orleans.Providers.IProvider.	
[2018-07-05 20:57:42.414 GMT     1	INFO   	100000	AssemblyLoader.Client	]	User assembly ignored: C:\_git\dev\piraeus_0.9.0_prerelease\src\Gateways\TcpUdpGateway\TcpUdpGateway\bin\Release\Microsoft.Azure.Documents.ServiceInterop.dll
	* The file C:\_git\dev\piraeus_0.9.0_prerelease\src\Gateways\TcpUdpGateway\TcpUdpGateway\bin\Release\Microsoft.Azure.Documents.ServiceInterop.dll does not contain any CLR metadata, probably it is a native file.	
[2018-07-05 20:57:42.419 GMT     1	INFO   	100000	AssemblyLoader.Client	]	User assembly ignored: C:\_git\dev\piraeus_0.9.0_prerelease\src\Gateways\TcpUdpGateway\TcpUdpGateway\bin\Release\Microsoft.Azure.EventGrid.dll
	* Assembly contains no types assignable from Orleans.Providers.IProvider.	
[2018-07-05 20:57:42.423 GMT     1	INFO   	100000	AssemblyLoader.Client	]	User assembly ignored: C:\_git\dev\piraeus_0.9.0_prerelease\src\Gateways\TcpUdpGateway\TcpUdpGateway\bin\Release\Microsoft.Azure.KeyVault.Core.dll
	* Assembly contains no types assignable from Orleans.Providers.IProvider.	
[2018-07-05 20:57:42.431 GMT     1	INFO   	100000	AssemblyLoader.Client	]	User assembly ignored: C:\_git\dev\piraeus_0.9.0_prerelease\src\Gateways\TcpUdpGateway\TcpUdpGateway\bin\Release\Microsoft.Azure.KeyVault.Cryptography.dll
	* Assembly contains no types assignable from Orleans.Providers.IProvider.	
[2018-07-05 20:57:42.466 GMT     1	INFO   	100000	AssemblyLoader.Client	]	User assembly ignored: C:\_git\dev\piraeus_0.9.0_prerelease\src\Gateways\TcpUdpGateway\TcpUdpGateway\bin\Release\Microsoft.Azure.KeyVault.dll
	* Assembly contains no types assignable from Orleans.Providers.IProvider.	
[2018-07-05 20:57:42.474 GMT     1	INFO   	100000	AssemblyLoader.Client	]	User assembly ignored: C:\_git\dev\piraeus_0.9.0_prerelease\src\Gateways\TcpUdpGateway\TcpUdpGateway\bin\Release\Microsoft.Azure.KeyVault.Extensions.dll
	* Assembly contains no types assignable from Orleans.Providers.IProvider.	
[2018-07-05 20:57:42.484 GMT     1	INFO   	100000	AssemblyLoader.Client	]	User assembly ignored: C:\_git\dev\piraeus_0.9.0_prerelease\src\Gateways\TcpUdpGateway\TcpUdpGateway\bin\Release\Microsoft.Azure.KeyVault.WebKey.dll
	* Assembly contains no types assignable from Orleans.Providers.IProvider.	
[2018-07-05 20:57:43.473 GMT     1	INFO   	100000	AssemblyLoader.Client	]	User assembly ignored: C:\_git\dev\piraeus_0.9.0_prerelease\src\Gateways\TcpUdpGateway\TcpUdpGateway\bin\Release\Microsoft.CodeAnalysis.CSharp.dll
	* Assembly contains no types assignable from Orleans.Providers.IProvider.	
[2018-07-05 20:57:43.984 GMT     1	INFO   	100000	AssemblyLoader.Client	]	User assembly ignored: C:\_git\dev\piraeus_0.9.0_prerelease\src\Gateways\TcpUdpGateway\TcpUdpGateway\bin\Release\Microsoft.CodeAnalysis.dll
	* Assembly contains no types assignable from Orleans.Providers.IProvider.	
[2018-07-05 20:57:44.099 GMT     1	INFO   	100000	AssemblyLoader.Client	]	User assembly ignored: C:\_git\dev\piraeus_0.9.0_prerelease\src\Gateways\TcpUdpGateway\TcpUdpGateway\bin\Release\Microsoft.Data.Edm.dll
	* Assembly contains no types assignable from Orleans.Providers.IProvider.	
[2018-07-05 20:57:44.198 GMT     1	INFO   	100000	AssemblyLoader.Client	]	User assembly ignored: C:\_git\dev\piraeus_0.9.0_prerelease\src\Gateways\TcpUdpGateway\TcpUdpGateway\bin\Release\Microsoft.Data.OData.dll
	* Assembly contains no types assignable from Orleans.Providers.IProvider.	
[2018-07-05 20:57:44.259 GMT     1	INFO   	100000	AssemblyLoader.Client	]	User assembly ignored: C:\_git\dev\piraeus_0.9.0_prerelease\src\Gateways\TcpUdpGateway\TcpUdpGateway\bin\Release\Microsoft.Data.Services.Client.dll
	* Assembly contains no types assignable from Orleans.Providers.IProvider.	
[2018-07-05 20:57:44.272 GMT     1	INFO   	100000	AssemblyLoader.Client	]	User assembly ignored: C:\_git\dev\piraeus_0.9.0_prerelease\src\Gateways\TcpUdpGateway\TcpUdpGateway\bin\Release\Microsoft.Extensions.DependencyInjection.Abstractions.dll
	* Assembly contains no types assignable from Orleans.Providers.IProvider.	
[2018-07-05 20:57:44.371 GMT     1	INFO   	100000	AssemblyLoader.Client	]	User assembly ignored: C:\_git\dev\piraeus_0.9.0_prerelease\src\Gateways\TcpUdpGateway\TcpUdpGateway\bin\Release\Microsoft.Extensions.DependencyInjection.dll
	* Assembly contains no types assignable from Orleans.Providers.IProvider.	
[2018-07-05 20:57:44.402 GMT     1	INFO   	100000	AssemblyLoader.Client	]	User assembly ignored: C:\_git\dev\piraeus_0.9.0_prerelease\src\Gateways\TcpUdpGateway\TcpUdpGateway\bin\Release\Microsoft.Extensions.Logging.Abstractions.dll
	* Assembly contains no types assignable from Orleans.Providers.IProvider.	
[2018-07-05 20:57:44.409 GMT     1	INFO   	100000	AssemblyLoader.Client	]	User assembly ignored: C:\_git\dev\piraeus_0.9.0_prerelease\src\Gateways\TcpUdpGateway\TcpUdpGateway\bin\Release\Microsoft.Extensions.Logging.dll
	* Assembly contains no types assignable from Orleans.Providers.IProvider.	
[2018-07-05 20:57:44.487 GMT     1	INFO   	100000	AssemblyLoader.Client	]	User assembly ignored: C:\_git\dev\piraeus_0.9.0_prerelease\src\Gateways\TcpUdpGateway\TcpUdpGateway\bin\Release\Microsoft.IdentityModel.Clients.ActiveDirectory.dll
	* Assembly contains no types assignable from Orleans.Providers.IProvider.	
[2018-07-05 20:57:44.494 GMT     1	INFO   	100000	AssemblyLoader.Client	]	User assembly ignored: C:\_git\dev\piraeus_0.9.0_prerelease\src\Gateways\TcpUdpGateway\TcpUdpGateway\bin\Release\Microsoft.IdentityModel.Logging.dll
	* Assembly contains no types assignable from Orleans.Providers.IProvider.	
[2018-07-05 20:57:44.519 GMT     1	INFO   	100000	AssemblyLoader.Client	]	User assembly ignored: C:\_git\dev\piraeus_0.9.0_prerelease\src\Gateways\TcpUdpGateway\TcpUdpGateway\bin\Release\Microsoft.IdentityModel.Tokens.dll
	* Assembly contains no types assignable from Orleans.Providers.IProvider.	
[2018-07-05 20:57:44.551 GMT     1	INFO   	100000	AssemblyLoader.Client	]	User assembly ignored: C:\_git\dev\piraeus_0.9.0_prerelease\src\Gateways\TcpUdpGateway\TcpUdpGateway\bin\Release\Microsoft.Owin.dll
	* Assembly contains no types assignable from Orleans.Providers.IProvider.	
[2018-07-05 20:57:44.603 GMT     1	INFO   	100000	AssemblyLoader.Client	]	User assembly ignored: C:\_git\dev\piraeus_0.9.0_prerelease\src\Gateways\TcpUdpGateway\TcpUdpGateway\bin\Release\Microsoft.Rest.ClientRuntime.Azure.Authentication.dll
	* Assembly contains no types assignable from Orleans.Providers.IProvider.	
[2018-07-05 20:57:44.647 GMT     1	INFO   	100000	AssemblyLoader.Client	]	User assembly ignored: C:\_git\dev\piraeus_0.9.0_prerelease\src\Gateways\TcpUdpGateway\TcpUdpGateway\bin\Release\Microsoft.Rest.ClientRuntime.Azure.dll
	* Assembly contains no types assignable from Orleans.Providers.IProvider.	
[2018-07-05 20:57:44.668 GMT     1	INFO   	100000	AssemblyLoader.Client	]	User assembly ignored: C:\_git\dev\piraeus_0.9.0_prerelease\src\Gateways\TcpUdpGateway\TcpUdpGateway\bin\Release\Microsoft.Rest.ClientRuntime.dll
	* Assembly contains no types assignable from Orleans.Providers.IProvider.	
[2018-07-05 20:57:45.294 GMT     1	INFO   	100000	AssemblyLoader.Client	]	User assembly ignored: C:\_git\dev\piraeus_0.9.0_prerelease\src\Gateways\TcpUdpGateway\TcpUdpGateway\bin\Release\Microsoft.ServiceBus.dll
	* Assembly contains no types assignable from Orleans.Providers.IProvider.	
[2018-07-05 20:57:45.302 GMT     1	INFO   	100000	AssemblyLoader.Client	]	User assembly ignored: C:\_git\dev\piraeus_0.9.0_prerelease\src\Gateways\TcpUdpGateway\TcpUdpGateway\bin\Release\Microsoft.Win32.Primitives.dll
	* Assembly contains no types assignable from Orleans.Providers.IProvider.	
[2018-07-05 20:57:45.444 GMT     1	INFO   	100000	AssemblyLoader.Client	]	User assembly ignored: C:\_git\dev\piraeus_0.9.0_prerelease\src\Gateways\TcpUdpGateway\TcpUdpGateway\bin\Release\Microsoft.WindowsAzure.Storage.dll
	* Assembly contains no types assignable from Orleans.Providers.IProvider.	
[2018-07-05 20:57:45.559 GMT     1	INFO   	100000	AssemblyLoader.Client	]	User assembly ignored: C:\_git\dev\piraeus_0.9.0_prerelease\src\Gateways\TcpUdpGateway\TcpUdpGateway\bin\Release\Newtonsoft.Json.dll
	* Assembly contains no types assignable from Orleans.Providers.IProvider.	
[2018-07-05 20:57:45.676 GMT     1	INFO   	100000	AssemblyLoader.Client	]	User assembly ignored: C:\_git\dev\piraeus_0.9.0_prerelease\src\Gateways\TcpUdpGateway\TcpUdpGateway\bin\Release\NLog.dll
	* Assembly contains no types assignable from Orleans.Providers.IProvider.	
[2018-07-05 20:57:45.746 GMT     1	INFO   	100000	AssemblyLoader.Client	]	User assembly ignored: C:\_git\dev\piraeus_0.9.0_prerelease\src\Gateways\TcpUdpGateway\TcpUdpGateway\bin\Release\Orleans.dll
	* Assembly filename is excluded.	
[2018-07-05 20:57:45.765 GMT     1	INFO   	100000	AssemblyLoader.Client	]	User assembly ignored: C:\_git\dev\piraeus_0.9.0_prerelease\src\Gateways\TcpUdpGateway\TcpUdpGateway\bin\Release\OrleansCodeGenerator.dll
	* Assembly contains no types assignable from Orleans.Providers.IProvider.	
[2018-07-05 20:57:45.802 GMT     1	INFO   	100000	AssemblyLoader.Client	]	User assembly ignored: C:\_git\dev\piraeus_0.9.0_prerelease\src\Gateways\TcpUdpGateway\TcpUdpGateway\bin\Release\Owin.dll
	* Assembly contains no types assignable from Orleans.Providers.IProvider.	
[2018-07-05 20:57:45.820 GMT     1	INFO   	100000	AssemblyLoader.Client	]	User assembly ignored: C:\_git\dev\piraeus_0.9.0_prerelease\src\Gateways\TcpUdpGateway\TcpUdpGateway\bin\Release\PCLCrypto.dll
	* Assembly contains no types assignable from Orleans.Providers.IProvider.	
[2018-07-05 20:57:45.838 GMT     1	INFO   	100000	AssemblyLoader.Client	]	User assembly ignored: C:\_git\dev\piraeus_0.9.0_prerelease\src\Gateways\TcpUdpGateway\TcpUdpGateway\bin\Release\PInvoke.BCrypt.dll
	* Assembly contains no types assignable from Orleans.Providers.IProvider.	
[2018-07-05 20:57:45.871 GMT     1	INFO   	100000	AssemblyLoader.Client	]	User assembly ignored: C:\_git\dev\piraeus_0.9.0_prerelease\src\Gateways\TcpUdpGateway\TcpUdpGateway\bin\Release\PInvoke.Kernel32.dll
	* Assembly contains no types assignable from Orleans.Providers.IProvider.	
[2018-07-05 20:57:45.909 GMT     1	INFO   	100000	AssemblyLoader.Client	]	User assembly ignored: C:\_git\dev\piraeus_0.9.0_prerelease\src\Gateways\TcpUdpGateway\TcpUdpGateway\bin\Release\PInvoke.NCrypt.dll
	* Assembly contains no types assignable from Orleans.Providers.IProvider.	
[2018-07-05 20:57:45.990 GMT     1	INFO   	100000	AssemblyLoader.Client	]	User assembly ignored: C:\_git\dev\piraeus_0.9.0_prerelease\src\Gateways\TcpUdpGateway\TcpUdpGateway\bin\Release\PInvoke.Windows.Core.dll
	* Assembly contains no types assignable from Orleans.Providers.IProvider.	
[2018-07-05 20:57:46.048 GMT     1	INFO   	100000	AssemblyLoader.Client	]	User assembly ignored: C:\_git\dev\piraeus_0.9.0_prerelease\src\Gateways\TcpUdpGateway\TcpUdpGateway\bin\Release\Piraeus.Adapters.dll
	* Assembly contains no types assignable from Orleans.Providers.IProvider.	
[2018-07-05 20:57:46.065 GMT     1	INFO   	100000	AssemblyLoader.Client	]	User assembly ignored: C:\_git\dev\piraeus_0.9.0_prerelease\src\Gateways\TcpUdpGateway\TcpUdpGateway\bin\Release\Piraeus.Configuration.dll
	* Assembly contains no types assignable from Orleans.Providers.IProvider.	
[2018-07-05 20:57:46.079 GMT     1	INFO   	100000	AssemblyLoader.Client	]	User assembly ignored: C:\_git\dev\piraeus_0.9.0_prerelease\src\Gateways\TcpUdpGateway\TcpUdpGateway\bin\Release\Piraeus.Core.dll
	* Assembly contains no types assignable from Orleans.Providers.IProvider.	
[2018-07-05 20:57:46.086 GMT     1	INFO   	100000	AssemblyLoader.Client	]	User assembly ignored: C:\_git\dev\piraeus_0.9.0_prerelease\src\Gateways\TcpUdpGateway\TcpUdpGateway\bin\Release\Piraeus.GrainInterfaces.dll
	* Assembly contains no types assignable from Orleans.Providers.IProvider.	
[2018-07-05 20:57:46.116 GMT     1	INFO   	100000	AssemblyLoader.Client	]	User assembly ignored: C:\_git\dev\piraeus_0.9.0_prerelease\src\Gateways\TcpUdpGateway\TcpUdpGateway\bin\Release\Piraeus.Grains.dll
	* Assembly contains no types assignable from Orleans.Providers.IProvider.	
[2018-07-05 20:57:46.152 GMT     1	INFO   	100000	AssemblyLoader.Client	]	User assembly ignored: C:\_git\dev\piraeus_0.9.0_prerelease\src\Gateways\TcpUdpGateway\TcpUdpGateway\bin\Release\SkunkLab.Channels.dll
	* Assembly contains no types assignable from Orleans.Providers.IProvider.	
[2018-07-05 20:57:46.163 GMT     1	INFO   	100000	AssemblyLoader.Client	]	User assembly ignored: C:\_git\dev\piraeus_0.9.0_prerelease\src\Gateways\TcpUdpGateway\TcpUdpGateway\bin\Release\SkunkLab.Diagnostics.dll
	* Assembly contains no types assignable from Orleans.Providers.IProvider.	
[2018-07-05 20:57:46.166 GMT     1	INFO   	100000	AssemblyLoader.Client	]	User assembly ignored: C:\_git\dev\piraeus_0.9.0_prerelease\src\Gateways\TcpUdpGateway\TcpUdpGateway\bin\Release\SkunkLab.Listeners.dll
	* Assembly contains no types assignable from Orleans.Providers.IProvider.	
[2018-07-05 20:57:46.198 GMT     1	INFO   	100000	AssemblyLoader.Client	]	User assembly ignored: C:\_git\dev\piraeus_0.9.0_prerelease\src\Gateways\TcpUdpGateway\TcpUdpGateway\bin\Release\SkunkLab.Protocols.dll
	* Assembly contains no types assignable from Orleans.Providers.IProvider.	
[2018-07-05 20:57:46.224 GMT     1	INFO   	100000	AssemblyLoader.Client	]	User assembly ignored: C:\_git\dev\piraeus_0.9.0_prerelease\src\Gateways\TcpUdpGateway\TcpUdpGateway\bin\Release\SkunkLab.Security.dll
	* Assembly contains no types assignable from Orleans.Providers.IProvider.	
[2018-07-05 20:57:46.248 GMT     1	INFO   	100000	AssemblyLoader.Client	]	User assembly ignored: C:\_git\dev\piraeus_0.9.0_prerelease\src\Gateways\TcpUdpGateway\TcpUdpGateway\bin\Release\SkunkLab.Storage.dll
	* Assembly contains no types assignable from Orleans.Providers.IProvider.	
[2018-07-05 20:57:46.308 GMT     1	INFO   	100000	AssemblyLoader.Client	]	User assembly ignored: C:\_git\dev\piraeus_0.9.0_prerelease\src\Gateways\TcpUdpGateway\TcpUdpGateway\bin\Release\StackExchange.Redis.dll
	* Assembly contains no types assignable from Orleans.Providers.IProvider.	
[2018-07-05 20:57:46.330 GMT     1	INFO   	100000	AssemblyLoader.Client	]	User assembly ignored: C:\_git\dev\piraeus_0.9.0_prerelease\src\Gateways\TcpUdpGateway\TcpUdpGateway\bin\Release\System.AppContext.dll
	* Assembly contains no types assignable from Orleans.Providers.IProvider.	
[2018-07-05 20:57:46.374 GMT     1	INFO   	100000	AssemblyLoader.Client	]	User assembly ignored: C:\_git\dev\piraeus_0.9.0_prerelease\src\Gateways\TcpUdpGateway\TcpUdpGateway\bin\Release\System.Collections.Immutable.dll
	* Assembly contains no types assignable from Orleans.Providers.IProvider.	
[2018-07-05 20:57:46.380 GMT     1	INFO   	100000	AssemblyLoader.Client	]	User assembly ignored: C:\_git\dev\piraeus_0.9.0_prerelease\src\Gateways\TcpUdpGateway\TcpUdpGateway\bin\Release\System.Console.dll
	* Assembly contains no types assignable from Orleans.Providers.IProvider.	
[2018-07-05 20:57:46.397 GMT     1	INFO   	100000	AssemblyLoader.Client	]	User assembly ignored: C:\_git\dev\piraeus_0.9.0_prerelease\src\Gateways\TcpUdpGateway\TcpUdpGateway\bin\Release\System.Diagnostics.DiagnosticSource.dll
	* Assembly contains no types assignable from Orleans.Providers.IProvider.	
[2018-07-05 20:57:46.432 GMT     1	INFO   	100000	AssemblyLoader.Client	]	User assembly ignored: C:\_git\dev\piraeus_0.9.0_prerelease\src\Gateways\TcpUdpGateway\TcpUdpGateway\bin\Release\System.Diagnostics.FileVersionInfo.dll
	* Assembly contains no types assignable from Orleans.Providers.IProvider.	
[2018-07-05 20:57:46.484 GMT     1	INFO   	100000	AssemblyLoader.Client	]	User assembly ignored: C:\_git\dev\piraeus_0.9.0_prerelease\src\Gateways\TcpUdpGateway\TcpUdpGateway\bin\Release\System.Diagnostics.StackTrace.dll
	* Assembly contains no types assignable from Orleans.Providers.IProvider.	
[2018-07-05 20:57:46.519 GMT     1	INFO   	100000	AssemblyLoader.Client	]	User assembly ignored: C:\_git\dev\piraeus_0.9.0_prerelease\src\Gateways\TcpUdpGateway\TcpUdpGateway\bin\Release\System.Globalization.Calendars.dll
	* Assembly contains no types assignable from Orleans.Providers.IProvider.	
[2018-07-05 20:57:46.524 GMT     1	INFO   	100000	AssemblyLoader.Client	]	User assembly ignored: C:\_git\dev\piraeus_0.9.0_prerelease\src\Gateways\TcpUdpGateway\TcpUdpGateway\bin\Release\System.IdentityModel.Tokens.Jwt.dll
	* Assembly contains no types assignable from Orleans.Providers.IProvider.	
[2018-07-05 20:57:46.546 GMT     1	INFO   	100000	AssemblyLoader.Client	]	User assembly ignored: C:\_git\dev\piraeus_0.9.0_prerelease\src\Gateways\TcpUdpGateway\TcpUdpGateway\bin\Release\System.IO.Compression.dll
	* Assembly contains no types assignable from Orleans.Providers.IProvider.	
[2018-07-05 20:57:46.554 GMT     1	INFO   	100000	AssemblyLoader.Client	]	User assembly ignored: C:\_git\dev\piraeus_0.9.0_prerelease\src\Gateways\TcpUdpGateway\TcpUdpGateway\bin\Release\System.IO.Compression.ZipFile.dll
	* Assembly contains no types assignable from Orleans.Providers.IProvider.	
[2018-07-05 20:57:46.557 GMT     1	INFO   	100000	AssemblyLoader.Client	]	User assembly ignored: C:\_git\dev\piraeus_0.9.0_prerelease\src\Gateways\TcpUdpGateway\TcpUdpGateway\bin\Release\System.IO.FileSystem.dll
	* Assembly contains no types assignable from Orleans.Providers.IProvider.	
[2018-07-05 20:57:46.565 GMT     1	INFO   	100000	AssemblyLoader.Client	]	User assembly ignored: C:\_git\dev\piraeus_0.9.0_prerelease\src\Gateways\TcpUdpGateway\TcpUdpGateway\bin\Release\System.IO.FileSystem.Primitives.dll
	* Assembly contains no types assignable from Orleans.Providers.IProvider.	
[2018-07-05 20:57:46.577 GMT     1	INFO   	100000	AssemblyLoader.Client	]	User assembly ignored: C:\_git\dev\piraeus_0.9.0_prerelease\src\Gateways\TcpUdpGateway\TcpUdpGateway\bin\Release\System.Net.Http.dll
	* Assembly contains no types assignable from Orleans.Providers.IProvider.	
[2018-07-05 20:57:46.601 GMT     1	INFO   	100000	AssemblyLoader.Client	]	User assembly ignored: C:\_git\dev\piraeus_0.9.0_prerelease\src\Gateways\TcpUdpGateway\TcpUdpGateway\bin\Release\System.Net.Http.Formatting.dll
	* Assembly contains no types assignable from Orleans.Providers.IProvider.	
[2018-07-05 20:57:46.634 GMT     1	INFO   	100000	AssemblyLoader.Client	]	User assembly ignored: C:\_git\dev\piraeus_0.9.0_prerelease\src\Gateways\TcpUdpGateway\TcpUdpGateway\bin\Release\System.Net.Sockets.dll
	* Assembly contains no types assignable from Orleans.Providers.IProvider.	
[2018-07-05 20:57:46.748 GMT     1	INFO   	100000	AssemblyLoader.Client	]	User assembly ignored: C:\_git\dev\piraeus_0.9.0_prerelease\src\Gateways\TcpUdpGateway\TcpUdpGateway\bin\Release\System.Reflection.Metadata.dll
	* Assembly contains no types assignable from Orleans.Providers.IProvider.	
[2018-07-05 20:57:46.821 GMT     1	INFO   	100000	AssemblyLoader.Client	]	User assembly ignored: C:\_git\dev\piraeus_0.9.0_prerelease\src\Gateways\TcpUdpGateway\TcpUdpGateway\bin\Release\System.Runtime.CompilerServices.Unsafe.dll
	* Assembly contains no types assignable from Orleans.Providers.IProvider.	
[2018-07-05 20:57:46.851 GMT     1	INFO   	100000	AssemblyLoader.Client	]	User assembly ignored: C:\_git\dev\piraeus_0.9.0_prerelease\src\Gateways\TcpUdpGateway\TcpUdpGateway\bin\Release\System.Runtime.InteropServices.RuntimeInformation.dll
	* Assembly contains no types assignable from Orleans.Providers.IProvider.	
[2018-07-05 20:57:46.859 GMT     1	INFO   	100000	AssemblyLoader.Client	]	User assembly ignored: C:\_git\dev\piraeus_0.9.0_prerelease\src\Gateways\TcpUdpGateway\TcpUdpGateway\bin\Release\System.Security.Cryptography.Algorithms.dll
	* Assembly contains no types assignable from Orleans.Providers.IProvider.	
[2018-07-05 20:57:46.863 GMT     1	INFO   	100000	AssemblyLoader.Client	]	User assembly ignored: C:\_git\dev\piraeus_0.9.0_prerelease\src\Gateways\TcpUdpGateway\TcpUdpGateway\bin\Release\System.Security.Cryptography.Encoding.dll
	* Assembly contains no types assignable from Orleans.Providers.IProvider.	
[2018-07-05 20:57:46.868 GMT     1	INFO   	100000	AssemblyLoader.Client	]	User assembly ignored: C:\_git\dev\piraeus_0.9.0_prerelease\src\Gateways\TcpUdpGateway\TcpUdpGateway\bin\Release\System.Security.Cryptography.Primitives.dll
	* Assembly contains no types assignable from Orleans.Providers.IProvider.	
[2018-07-05 20:57:46.885 GMT     1	INFO   	100000	AssemblyLoader.Client	]	User assembly ignored: C:\_git\dev\piraeus_0.9.0_prerelease\src\Gateways\TcpUdpGateway\TcpUdpGateway\bin\Release\System.Security.Cryptography.X509Certificates.dll
	* Assembly contains no types assignable from Orleans.Providers.IProvider.	
[2018-07-05 20:57:46.905 GMT     1	INFO   	100000	AssemblyLoader.Client	]	User assembly ignored: C:\_git\dev\piraeus_0.9.0_prerelease\src\Gateways\TcpUdpGateway\TcpUdpGateway\bin\Release\System.Spatial.dll
	* Assembly contains no types assignable from Orleans.Providers.IProvider.	
[2018-07-05 20:57:46.934 GMT     1	INFO   	100000	AssemblyLoader.Client	]	User assembly ignored: C:\_git\dev\piraeus_0.9.0_prerelease\src\Gateways\TcpUdpGateway\TcpUdpGateway\bin\Release\System.Text.Encoding.CodePages.dll
	* Assembly contains no types assignable from Orleans.Providers.IProvider.	
[2018-07-05 20:57:46.965 GMT     1	INFO   	100000	AssemblyLoader.Client	]	User assembly ignored: C:\_git\dev\piraeus_0.9.0_prerelease\src\Gateways\TcpUdpGateway\TcpUdpGateway\bin\Release\System.Threading.Thread.dll
	* Assembly contains no types assignable from Orleans.Providers.IProvider.	
[2018-07-05 20:57:46.989 GMT     1	INFO   	100000	AssemblyLoader.Client	]	User assembly ignored: C:\_git\dev\piraeus_0.9.0_prerelease\src\Gateways\TcpUdpGateway\TcpUdpGateway\bin\Release\System.ValueTuple.dll
	* Assembly contains no types assignable from Orleans.Providers.IProvider.	
[2018-07-05 20:57:47.044 GMT     1	INFO   	100000	AssemblyLoader.Client	]	User assembly ignored: C:\_git\dev\piraeus_0.9.0_prerelease\src\Gateways\TcpUdpGateway\TcpUdpGateway\bin\Release\System.Web.Http.dll
	* Assembly contains no types assignable from Orleans.Providers.IProvider.	
[2018-07-05 20:57:47.079 GMT     1	INFO   	100000	AssemblyLoader.Client	]	User assembly ignored: C:\_git\dev\piraeus_0.9.0_prerelease\src\Gateways\TcpUdpGateway\TcpUdpGateway\bin\Release\System.Xml.ReaderWriter.dll
	* Assembly contains no types assignable from Orleans.Providers.IProvider.	
[2018-07-05 20:57:47.084 GMT     1	INFO   	100000	AssemblyLoader.Client	]	User assembly ignored: C:\_git\dev\piraeus_0.9.0_prerelease\src\Gateways\TcpUdpGateway\TcpUdpGateway\bin\Release\System.Xml.XmlDocument.dll
	* Assembly contains no types assignable from Orleans.Providers.IProvider.	
[2018-07-05 20:57:47.087 GMT     1	INFO   	100000	AssemblyLoader.Client	]	User assembly ignored: C:\_git\dev\piraeus_0.9.0_prerelease\src\Gateways\TcpUdpGateway\TcpUdpGateway\bin\Release\System.Xml.XPath.dll
	* Assembly contains no types assignable from Orleans.Providers.IProvider.	
[2018-07-05 20:57:47.104 GMT     1	INFO   	100000	AssemblyLoader.Client	]	User assembly ignored: C:\_git\dev\piraeus_0.9.0_prerelease\src\Gateways\TcpUdpGateway\TcpUdpGateway\bin\Release\System.Xml.XPath.XDocument.dll
	* Assembly contains no types assignable from Orleans.Providers.IProvider.	
[2018-07-05 20:57:47.134 GMT     1	INFO   	100000	AssemblyLoader.Client	]	User assembly ignored: C:\_git\dev\piraeus_0.9.0_prerelease\src\Gateways\TcpUdpGateway\TcpUdpGateway\bin\Release\Validation.dll
	* Assembly contains no types assignable from Orleans.Providers.IProvider.	
[2018-07-05 20:57:47.146 GMT     1	INFO   	100000	AssemblyLoader.Client	]	User assembly ignored: C:\_git\dev\piraeus_0.9.0_prerelease\src\Gateways\TcpUdpGateway\TcpUdpGateway\bin\Release\de\Microsoft.Data.Edm.resources.dll
	* Assembly filename indicates that it is a resource assembly.	
[2018-07-05 20:57:47.152 GMT     1	INFO   	100000	AssemblyLoader.Client	]	User assembly ignored: C:\_git\dev\piraeus_0.9.0_prerelease\src\Gateways\TcpUdpGateway\TcpUdpGateway\bin\Release\de\Microsoft.Data.OData.resources.dll
	* Assembly filename indicates that it is a resource assembly.	
[2018-07-05 20:57:47.154 GMT     1	INFO   	100000	AssemblyLoader.Client	]	User assembly ignored: C:\_git\dev\piraeus_0.9.0_prerelease\src\Gateways\TcpUdpGateway\TcpUdpGateway\bin\Release\de\Microsoft.Data.Services.Client.resources.dll
	* Assembly filename indicates that it is a resource assembly.	
[2018-07-05 20:57:47.156 GMT     1	INFO   	100000	AssemblyLoader.Client	]	User assembly ignored: C:\_git\dev\piraeus_0.9.0_prerelease\src\Gateways\TcpUdpGateway\TcpUdpGateway\bin\Release\de\System.Spatial.resources.dll
	* Assembly filename indicates that it is a resource assembly.	
[2018-07-05 20:57:47.158 GMT     1	INFO   	100000	AssemblyLoader.Client	]	User assembly ignored: C:\_git\dev\piraeus_0.9.0_prerelease\src\Gateways\TcpUdpGateway\TcpUdpGateway\bin\Release\es\Microsoft.Data.Edm.resources.dll
	* Assembly filename indicates that it is a resource assembly.	
[2018-07-05 20:57:47.164 GMT     1	INFO   	100000	AssemblyLoader.Client	]	User assembly ignored: C:\_git\dev\piraeus_0.9.0_prerelease\src\Gateways\TcpUdpGateway\TcpUdpGateway\bin\Release\es\Microsoft.Data.OData.resources.dll
	* Assembly filename indicates that it is a resource assembly.	
[2018-07-05 20:57:47.167 GMT     1	INFO   	100000	AssemblyLoader.Client	]	User assembly ignored: C:\_git\dev\piraeus_0.9.0_prerelease\src\Gateways\TcpUdpGateway\TcpUdpGateway\bin\Release\es\Microsoft.Data.Services.Client.resources.dll
	* Assembly filename indicates that it is a resource assembly.	
[2018-07-05 20:57:47.173 GMT     1	INFO   	100000	AssemblyLoader.Client	]	User assembly ignored: C:\_git\dev\piraeus_0.9.0_prerelease\src\Gateways\TcpUdpGateway\TcpUdpGateway\bin\Release\es\System.Spatial.resources.dll
	* Assembly filename indicates that it is a resource assembly.	
[2018-07-05 20:57:47.175 GMT     1	INFO   	100000	AssemblyLoader.Client	]	User assembly ignored: C:\_git\dev\piraeus_0.9.0_prerelease\src\Gateways\TcpUdpGateway\TcpUdpGateway\bin\Release\fr\Microsoft.Data.Edm.resources.dll
	* Assembly filename indicates that it is a resource assembly.	
[2018-07-05 20:57:47.180 GMT     1	INFO   	100000	AssemblyLoader.Client	]	User assembly ignored: C:\_git\dev\piraeus_0.9.0_prerelease\src\Gateways\TcpUdpGateway\TcpUdpGateway\bin\Release\fr\Microsoft.Data.OData.resources.dll
	* Assembly filename indicates that it is a resource assembly.	
[2018-07-05 20:57:47.203 GMT     1	INFO   	100000	AssemblyLoader.Client	]	User assembly ignored: C:\_git\dev\piraeus_0.9.0_prerelease\src\Gateways\TcpUdpGateway\TcpUdpGateway\bin\Release\fr\Microsoft.Data.Services.Client.resources.dll
	* Assembly filename indicates that it is a resource assembly.	
[2018-07-05 20:57:47.206 GMT     1	INFO   	100000	AssemblyLoader.Client	]	User assembly ignored: C:\_git\dev\piraeus_0.9.0_prerelease\src\Gateways\TcpUdpGateway\TcpUdpGateway\bin\Release\fr\System.Spatial.resources.dll
	* Assembly filename indicates that it is a resource assembly.	
[2018-07-05 20:57:47.208 GMT     1	INFO   	100000	AssemblyLoader.Client	]	User assembly ignored: C:\_git\dev\piraeus_0.9.0_prerelease\src\Gateways\TcpUdpGateway\TcpUdpGateway\bin\Release\it\Microsoft.Data.Edm.resources.dll
	* Assembly filename indicates that it is a resource assembly.	
[2018-07-05 20:57:47.213 GMT     1	INFO   	100000	AssemblyLoader.Client	]	User assembly ignored: C:\_git\dev\piraeus_0.9.0_prerelease\src\Gateways\TcpUdpGateway\TcpUdpGateway\bin\Release\it\Microsoft.Data.OData.resources.dll
	* Assembly filename indicates that it is a resource assembly.	
[2018-07-05 20:57:47.216 GMT     1	INFO   	100000	AssemblyLoader.Client	]	User assembly ignored: C:\_git\dev\piraeus_0.9.0_prerelease\src\Gateways\TcpUdpGateway\TcpUdpGateway\bin\Release\it\Microsoft.Data.Services.Client.resources.dll
	* Assembly filename indicates that it is a resource assembly.	
[2018-07-05 20:57:47.225 GMT     1	INFO   	100000	AssemblyLoader.Client	]	User assembly ignored: C:\_git\dev\piraeus_0.9.0_prerelease\src\Gateways\TcpUdpGateway\TcpUdpGateway\bin\Release\it\System.Spatial.resources.dll
	* Assembly filename indicates that it is a resource assembly.	
[2018-07-05 20:57:47.237 GMT     1	INFO   	100000	AssemblyLoader.Client	]	User assembly ignored: C:\_git\dev\piraeus_0.9.0_prerelease\src\Gateways\TcpUdpGateway\TcpUdpGateway\bin\Release\ja\Microsoft.Data.Edm.resources.dll
	* Assembly filename indicates that it is a resource assembly.	
[2018-07-05 20:57:47.253 GMT     1	INFO   	100000	AssemblyLoader.Client	]	User assembly ignored: C:\_git\dev\piraeus_0.9.0_prerelease\src\Gateways\TcpUdpGateway\TcpUdpGateway\bin\Release\ja\Microsoft.Data.OData.resources.dll
	* Assembly filename indicates that it is a resource assembly.	
[2018-07-05 20:57:47.258 GMT     1	INFO   	100000	AssemblyLoader.Client	]	User assembly ignored: C:\_git\dev\piraeus_0.9.0_prerelease\src\Gateways\TcpUdpGateway\TcpUdpGateway\bin\Release\ja\Microsoft.Data.Services.Client.resources.dll
	* Assembly filename indicates that it is a resource assembly.	
[2018-07-05 20:57:47.299 GMT     1	INFO   	100000	AssemblyLoader.Client	]	User assembly ignored: C:\_git\dev\piraeus_0.9.0_prerelease\src\Gateways\TcpUdpGateway\TcpUdpGateway\bin\Release\ja\System.Spatial.resources.dll
	* Assembly filename indicates that it is a resource assembly.	
[2018-07-05 20:57:47.351 GMT     1	INFO   	100000	AssemblyLoader.Client	]	User assembly ignored: C:\_git\dev\piraeus_0.9.0_prerelease\src\Gateways\TcpUdpGateway\TcpUdpGateway\bin\Release\ko\Microsoft.Data.Edm.resources.dll
	* Assembly filename indicates that it is a resource assembly.	
[2018-07-05 20:57:47.373 GMT     1	INFO   	100000	AssemblyLoader.Client	]	User assembly ignored: C:\_git\dev\piraeus_0.9.0_prerelease\src\Gateways\TcpUdpGateway\TcpUdpGateway\bin\Release\ko\Microsoft.Data.OData.resources.dll
	* Assembly filename indicates that it is a resource assembly.	
[2018-07-05 20:57:47.379 GMT     1	INFO   	100000	AssemblyLoader.Client	]	User assembly ignored: C:\_git\dev\piraeus_0.9.0_prerelease\src\Gateways\TcpUdpGateway\TcpUdpGateway\bin\Release\ko\Microsoft.Data.Services.Client.resources.dll
	* Assembly filename indicates that it is a resource assembly.	
[2018-07-05 20:57:47.381 GMT     1	INFO   	100000	AssemblyLoader.Client	]	User assembly ignored: C:\_git\dev\piraeus_0.9.0_prerelease\src\Gateways\TcpUdpGateway\TcpUdpGateway\bin\Release\ko\System.Spatial.resources.dll
	* Assembly filename indicates that it is a resource assembly.	
[2018-07-05 20:57:47.383 GMT     1	INFO   	100000	AssemblyLoader.Client	]	User assembly ignored: C:\_git\dev\piraeus_0.9.0_prerelease\src\Gateways\TcpUdpGateway\TcpUdpGateway\bin\Release\ru\Microsoft.Data.Edm.resources.dll
	* Assembly filename indicates that it is a resource assembly.	
[2018-07-05 20:57:47.388 GMT     1	INFO   	100000	AssemblyLoader.Client	]	User assembly ignored: C:\_git\dev\piraeus_0.9.0_prerelease\src\Gateways\TcpUdpGateway\TcpUdpGateway\bin\Release\ru\Microsoft.Data.OData.resources.dll
	* Assembly filename indicates that it is a resource assembly.	
[2018-07-05 20:57:47.403 GMT     1	INFO   	100000	AssemblyLoader.Client	]	User assembly ignored: C:\_git\dev\piraeus_0.9.0_prerelease\src\Gateways\TcpUdpGateway\TcpUdpGateway\bin\Release\ru\Microsoft.Data.Services.Client.resources.dll
	* Assembly filename indicates that it is a resource assembly.	
[2018-07-05 20:57:47.407 GMT     1	INFO   	100000	AssemblyLoader.Client	]	User assembly ignored: C:\_git\dev\piraeus_0.9.0_prerelease\src\Gateways\TcpUdpGateway\TcpUdpGateway\bin\Release\ru\System.Spatial.resources.dll
	* Assembly filename indicates that it is a resource assembly.	
[2018-07-05 20:57:47.412 GMT     1	INFO   	100000	AssemblyLoader.Client	]	User assembly ignored: C:\_git\dev\piraeus_0.9.0_prerelease\src\Gateways\TcpUdpGateway\TcpUdpGateway\bin\Release\zh-Hans\Microsoft.Data.Edm.resources.dll
	* Assembly filename indicates that it is a resource assembly.	
[2018-07-05 20:57:47.414 GMT     1	INFO   	100000	AssemblyLoader.Client	]	User assembly ignored: C:\_git\dev\piraeus_0.9.0_prerelease\src\Gateways\TcpUdpGateway\TcpUdpGateway\bin\Release\zh-Hans\Microsoft.Data.OData.resources.dll
	* Assembly filename indicates that it is a resource assembly.	
[2018-07-05 20:57:47.440 GMT     1	INFO   	100000	AssemblyLoader.Client	]	User assembly ignored: C:\_git\dev\piraeus_0.9.0_prerelease\src\Gateways\TcpUdpGateway\TcpUdpGateway\bin\Release\zh-Hans\Microsoft.Data.Services.Client.resources.dll
	* Assembly filename indicates that it is a resource assembly.	
[2018-07-05 20:57:47.457 GMT     1	INFO   	100000	AssemblyLoader.Client	]	User assembly ignored: C:\_git\dev\piraeus_0.9.0_prerelease\src\Gateways\TcpUdpGateway\TcpUdpGateway\bin\Release\zh-Hans\System.Spatial.resources.dll
	* Assembly filename indicates that it is a resource assembly.	
[2018-07-05 20:57:47.486 GMT     1	INFO   	100000	AssemblyLoader.Client	]	User assembly ignored: C:\_git\dev\piraeus_0.9.0_prerelease\src\Gateways\TcpUdpGateway\TcpUdpGateway\bin\Release\zh-Hant\Microsoft.Data.Edm.resources.dll
	* Assembly filename indicates that it is a resource assembly.	
[2018-07-05 20:57:47.501 GMT     1	INFO   	100000	AssemblyLoader.Client	]	User assembly ignored: C:\_git\dev\piraeus_0.9.0_prerelease\src\Gateways\TcpUdpGateway\TcpUdpGateway\bin\Release\zh-Hant\Microsoft.Data.OData.resources.dll
	* Assembly filename indicates that it is a resource assembly.	
[2018-07-05 20:57:47.503 GMT     1	INFO   	100000	AssemblyLoader.Client	]	User assembly ignored: C:\_git\dev\piraeus_0.9.0_prerelease\src\Gateways\TcpUdpGateway\TcpUdpGateway\bin\Release\zh-Hant\Microsoft.Data.Services.Client.resources.dll
	* Assembly filename indicates that it is a resource assembly.	
[2018-07-05 20:57:47.505 GMT     1	INFO   	100000	AssemblyLoader.Client	]	User assembly ignored: C:\_git\dev\piraeus_0.9.0_prerelease\src\Gateways\TcpUdpGateway\TcpUdpGateway\bin\Release\zh-Hant\System.Spatial.resources.dll
	* Assembly filename indicates that it is a resource assembly.	
[2018-07-05 20:57:47.507 GMT     1	INFO   	100000	AssemblyLoader.Client	]	Loading assembly C:\_git\dev\piraeus_0.9.0_prerelease\src\Gateways\TcpUdpGateway\TcpUdpGateway\bin\Release\OrleansProviders.dll...	
[2018-07-05 20:57:47.624 GMT     1	INFO   	100000	AssemblyLoader.Client	]	1 assemblies loaded.	
[2018-07-05 20:57:47.892 GMT     1	INFO   	100313	OutsideRuntimeClient	]	---------- Initializing OutsideRuntimeClient on MININT-2T87D76 at 172.21.48.1 Client Id = *cli/853a4390 ----------	
[2018-07-05 20:57:47.919 GMT     1	INFO   	100314	OutsideRuntimeClient	]	---------- Starting OutsideRuntimeClient with runtime Version='1.5.2.0 (Release).' in AppDomain=<AppDomain.Id=1, AppDomain.FriendlyName=TcpUdpGateway.exe> Config= 
 Platform version info:
   Orleans version: 1.5.2.0 (Release).
   .NET version: 4.0.30319.42000
   OS version: Microsoft Windows NT 6.2.9200.0
   App config file: C:\_git\dev\piraeus_0.9.0_prerelease\src\Gateways\TcpUdpGateway\TcpUdpGateway\bin\Release\TcpUdpGateway.exe.Config
   GC Type=Server GCLatencyMode=Batch
   Host: MININT-2T87D76
   Processor Count: 4
Client Configuration:
   Config File Name: 
   Start time: 2018-07-05 20:57:47.909 GMT
   Gateway Provider: Config
   Gateways[1]:
      127.0.0.1:40000
   Preferred Gateway Index: -1
   GatewayListRefreshPeriod: 00:01:00
   Preferred Address Family: InterNetwork
   DNS Host Name: MININT-2T87D76
   Client Name: Client
   Tracing: 
     Default Trace Level: Info
     TraceLevelOverrides: None
     Trace to Console: True
     Trace File Name: C:\_git\dev\piraeus_0.9.0_prerelease\src\Gateways\TcpUdpGateway\TcpUdpGateway\bin\Release\Client-2018-07-05-20.57.09.991Z.log
     LargeMessageWarningThreshold: 85000
     PropagateActivityId: False
     BulkMessageLimit: 5
   Statistics: 
     MetricsTableWriteInterval: 00:00:30
     PerfCounterWriteInterval: -00:00:00.0010000
     LogWriteInterval: 00:05:00
     WriteLogStatisticsToTable: True
     StatisticsCollectionLevel: Info
   Messaging:
       Response timeout: 00:30:00
       Maximum resend count: 0
       Resend On Timeout: False
       Maximum Socket Age: 10675199.02:48:05.4775807
       Drop Expired Messages: True
       Client Sender Buckets: 8192
       Buffer Pool Buffer Size: 4096
       Buffer Pool Max Size: 10000
       Buffer Pool Preallocation Size: 250
       Fallback serializer: 
   .NET: 
       .NET thread pool sizes - Min: Worker Threads=4 Completion Port Threads=4
       .NET thread pool sizes - Max: Worker Threads=2047 Completion Port Threads=1000
   Providers:
       No providers configured.
	
[2018-07-05 20:57:48.237 GMT     7	INFO   	101309	Messaging.GatewayManager	]	Found 1 knownGateways from Gateway listProvider [gwy.tcp://127.0.0.1:40000/0]	
[2018-07-05 20:57:48.375 GMT     7	INFO   	100908	Messaging.GatewayConnection/GatewayClientSender_gwy.tcp://127.0.0.1:40000/0	172.21.48.1:0]	Connected to gateway at address gwy.tcp://127.0.0.1:40000/0 on trial 0.	
[2018-07-05 20:57:48.441 GMT    11	INFO   	100000	Messaging.GatewayClientReceiver/gwy.tcp://127.0.0.1:40000/0	172.21.48.1:0]	Starting AsyncAgent Messaging.GatewayClientReceiver/gwy.tcp://127.0.0.1:40000/0 on managed thread 11	
[2018-07-05 20:57:48.473 GMT    10	INFO   	100000	Messaging.GatewayConnection/GatewayClientSender_gwy.tcp://127.0.0.1:40000/0	172.21.48.1:0]	Starting AsyncAgent Messaging.GatewayConnection/GatewayClientSender_gwy.tcp://127.0.0.1:40000/0 on managed thread 10	
[2018-07-05 20:57:48.754 GMT     6	INFO   	100929	OutsideRuntimeClient	172.21.48.1:0]	---------- Started OutsideRuntimeClient with Global Client ID: C172.21.48.1:0:-268520268*cli/853a4390@39462f9f, client GUID ID: *cli/853a4390	
[2018-07-05 20:58:48.244 GMT     7	INFO   	101309	Messaging.GatewayManager	172.21.48.1:0]	Refreshed the live Gateway list. Found 1 gateways from Gateway listProvider: [gwy.tcp://127.0.0.1:40000/0]. Picked only known live out of them. Now has 1 live Gateways: [gwy.tcp://127.0.0.1:40000/0]. Previous refresh time was = 7/5/2018 8:57:48 PM	
[2018-07-05 20:59:48.256 GMT    15	INFO   	101309	Messaging.GatewayManager	172.21.48.1:0]	Refreshed the live Gateway list. Found 1 gateways from Gateway listProvider: [gwy.tcp://127.0.0.1:40000/0]. Picked only known live out of them. Now has 1 live Gateways: [gwy.tcp://127.0.0.1:40000/0]. Previous refresh time was = 7/5/2018 8:58:48 PM	
[2018-07-05 21:00:48.414 GMT    17	INFO   	101309	Messaging.GatewayManager	172.21.48.1:0]	Refreshed the live Gateway list. Found 1 gateways from Gateway listProvider: [gwy.tcp://127.0.0.1:40000/0]. Picked only known live out of them. Now has 1 live Gateways: [gwy.tcp://127.0.0.1:40000/0]. Previous refresh time was = 7/5/2018 8:59:48 PM	
[2018-07-05 21:01:48.418 GMT    19	INFO   	101309	Messaging.GatewayManager	172.21.48.1:0]	Refreshed the live Gateway list. Found 1 gateways from Gateway listProvider: [gwy.tcp://127.0.0.1:40000/0]. Picked only known live out of them. Now has 1 live Gateways: [gwy.tcp://127.0.0.1:40000/0]. Previous refresh time was = 7/5/2018 9:00:48 PM	
[2018-07-05 21:02:48.432 GMT     7	INFO   	101309	Messaging.GatewayManager	172.21.48.1:0]	Refreshed the live Gateway list. Found 1 gateways from Gateway listProvider: [gwy.tcp://127.0.0.1:40000/0]. Picked only known live out of them. Now has 1 live Gateways: [gwy.tcp://127.0.0.1:40000/0]. Previous refresh time was = 7/5/2018 9:01:48 PM	
[2018-07-05 21:02:48.810 GMT    19	INFO   	100704	ClientLogStatistics	172.21.48.1:0]	Statistics: ^^^
Client.ConnectedGatewayCount=1
Messaging.Expired.AtDispatch.Current=0
Messaging.Expired.AtInvoke.Current=0
Messaging.Expired.AtReceive.Current=0
Messaging.Expired.AtRespond.Current=0
Messaging.Expired.AtSend.Current=0
Messaging.Received.BatchSize.PerSocketDirection.ClientToGateway=0.000
Messaging.Received.BatchSizeBytesHistogram.Bytes.PerSocketDirection.ClientToGateway=
Messaging.Received.Bytes.Header.Current=918
Messaging.Received.Bytes.Total.Current=4255
Messaging.Received.Direction.OneWay.Current=0
Messaging.Received.Direction.Request.Current=0
Messaging.Received.Direction.Response.Current=4
Messaging.Received.Messages.From.S127.0.0.1:40000:0.Current=4
Messaging.Received.Messages.Total.Current=4
Messaging.Received.MessageSizeHistogram.Bytes=[128:255]=2, [256:511]=1, [2048:4095]=1, 
Messaging.Rerouted.OneWay.Current=0
Messaging.Rerouted.Request.Current=0
Messaging.Rerouted.Response.Current=0
Messaging.Sent.BatchSize.PerSocketDirection.ClientToGateway=0.000
Messaging.Sent.BatchSizeBytesHistogram.Bytes.PerSocketDirection.ClientToGateway=
Messaging.Sent.Bytes.Header.Current=862
Messaging.Sent.Bytes.Total.Current=983
Messaging.Sent.Direction.OneWay.Current=0
Messaging.Sent.Direction.Request.Current=4
Messaging.Sent.Direction.Response.Current=0
Messaging.Sent.Messages.To.S127.0.0.1:40000:0.Current=4
Messaging.Sent.Messages.Total.Current=4
Messaging.Sent.MessageSizeHistogram.Bytes=[128:255]=3, [256:511]=1, 
Networking.Sockets.ClientToGateway.Duplex.Closed.Current=0
Networking.Sockets.ClientToGateway.Duplex.Opened.Current=1
Runtime.CpuUsage=17.178
Runtime.DOT.NET.ThreadPool.InUse.CompletionPortThreads=0
Runtime.DOT.NET.ThreadPool.InUse.WorkerThreads=2
Runtime.GC.AllocatedBytesInKbPerSec=0.000
Runtime.GC.GenCollectonCount=gen0=3, gen1=2, gen2=2
Runtime.GC.GenSizesKb=gen0=69352.03, gen1=2162.23, gen2=3493.42
Runtime.GC.LargeObjectHeapSizeKb=3324.828
Runtime.GC.NumberOfInducedGCs=0.000
Runtime.GC.PercentOfTimeInGC=0.270
Runtime.GC.PromotedFinalizationMemoryFromGen0Kb=0.688
Runtime.GC.PromotedMemoryFromGen1Kb=3462.223
Runtime.GC.TotalMemoryKb=52532
Runtime.Memory.AvailableMemoryMb=7513
Runtime.Memory.TotalPhysicalMemoryMb=16384
Runtime.Threads.AsynchAgent.Messaging.GatewayClientReceiver.Current=1
Runtime.Threads.AsynchAgent.Messaging.GatewayConnection.Current=1
Runtime.Threads.AsynchAgent.TotalThreadsCreated.Current=2
Serialization.BufferPool.AllocatedBuffers.Current=250
Serialization.BufferPool.BuffersInPool=217
Serialization.BufferPool.CheckedInBuffers.Current=267
Serialization.BufferPool.CheckedOutBuffers.Current=300
Serialization.BufferPool.DroppedBuffers.Current=0
Serialization.BufferPool.DroppedTooLargeBuffers.Current=0
Serialization.BufferPool.InUse.AllocatedAndNotInPool_Buffers=33
Serialization.BufferPool.InUse.CheckedOutAndNotCheckedIn_Buffers=33
	
[2018-07-05 21:03:48.434 GMT     7	INFO   	101309	Messaging.GatewayManager	172.21.48.1:0]	Refreshed the live Gateway list. Found 1 gateways from Gateway listProvider: [gwy.tcp://127.0.0.1:40000/0]. Picked only known live out of them. Now has 1 live Gateways: [gwy.tcp://127.0.0.1:40000/0]. Previous refresh time was = 7/5/2018 9:02:48 PM	
[2018-07-05 21:04:48.446 GMT    27	INFO   	101309	Messaging.GatewayManager	172.21.48.1:0]	Refreshed the live Gateway list. Found 1 gateways from Gateway listProvider: [gwy.tcp://127.0.0.1:40000/0]. Picked only known live out of them. Now has 1 live Gateways: [gwy.tcp://127.0.0.1:40000/0]. Previous refresh time was = 7/5/2018 9:03:48 PM	
[2018-07-05 21:05:48.448 GMT    28	INFO   	101309	Messaging.GatewayManager	172.21.48.1:0]	Refreshed the live Gateway list. Found 1 gateways from Gateway listProvider: [gwy.tcp://127.0.0.1:40000/0]. Picked only known live out of them. Now has 1 live Gateways: [gwy.tcp://127.0.0.1:40000/0]. Previous refresh time was = 7/5/2018 9:04:48 PM	
[2018-07-05 21:06:48.460 GMT    20	INFO   	101309	Messaging.GatewayManager	172.21.48.1:0]	Refreshed the live Gateway list. Found 1 gateways from Gateway listProvider: [gwy.tcp://127.0.0.1:40000/0]. Picked only known live out of them. Now has 1 live Gateways: [gwy.tcp://127.0.0.1:40000/0]. Previous refresh time was = 7/5/2018 9:05:48 PM	
[2018-07-05 21:07:48.538 GMT    36	INFO   	101309	Messaging.GatewayManager	172.21.48.1:0]	Refreshed the live Gateway list. Found 1 gateways from Gateway listProvider: [gwy.tcp://127.0.0.1:40000/0]. Picked only known live out of them. Now has 1 live Gateways: [gwy.tcp://127.0.0.1:40000/0]. Previous refresh time was = 7/5/2018 9:06:48 PM	
[2018-07-05 21:07:48.874 GMT    21	INFO   	100704	ClientLogStatistics	172.21.48.1:0]	Statistics: ^^^
Client.ConnectedGatewayCount=1
Messaging.Expired.AtDispatch.Current=0
Messaging.Expired.AtInvoke.Current=0
Messaging.Expired.AtReceive.Current=0
Messaging.Expired.AtRespond.Current=0
Messaging.Expired.AtSend.Current=0
Messaging.Received.BatchSize.PerSocketDirection.ClientToGateway=0.000
Messaging.Received.BatchSizeBytesHistogram.Bytes.PerSocketDirection.ClientToGateway=
Messaging.Received.Bytes.Header.Current=1614,      Delta=696
Messaging.Received.Bytes.Total.Current=4981,      Delta=726
Messaging.Received.Direction.OneWay.Current=0
Messaging.Received.Direction.Request.Current=0
Messaging.Received.Direction.Response.Current=7,      Delta=3
Messaging.Received.Messages.From.S127.0.0.1:40000:0.Current=7,      Delta=3
Messaging.Received.Messages.Total.Current=7,      Delta=3
Messaging.Received.MessageSizeHistogram.Bytes=[128:255]=5, [256:511]=1, [2048:4095]=1, 
Messaging.Rerouted.OneWay.Current=0
Messaging.Rerouted.Request.Current=0
Messaging.Rerouted.Response.Current=0
Messaging.Sent.BatchSize.PerSocketDirection.ClientToGateway=0.000
Messaging.Sent.BatchSizeBytesHistogram.Bytes.PerSocketDirection.ClientToGateway=
Messaging.Sent.Bytes.Header.Current=1474,      Delta=612
Messaging.Sent.Bytes.Total.Current=1667,      Delta=684
Messaging.Sent.Direction.OneWay.Current=0
Messaging.Sent.Direction.Request.Current=7,      Delta=3
Messaging.Sent.Direction.Response.Current=0
Messaging.Sent.Messages.To.S127.0.0.1:40000:0.Current=7,      Delta=3
Messaging.Sent.Messages.Total.Current=7,      Delta=3
Messaging.Sent.MessageSizeHistogram.Bytes=[128:255]=6, [256:511]=1, 
Networking.Sockets.ClientToGateway.Duplex.Closed.Current=0
Networking.Sockets.ClientToGateway.Duplex.Opened.Current=1
Runtime.CpuUsage=30.434
Runtime.DOT.NET.ThreadPool.InUse.CompletionPortThreads=0
Runtime.DOT.NET.ThreadPool.InUse.WorkerThreads=2
Runtime.GC.AllocatedBytesInKbPerSec=0.000
Runtime.GC.GenCollectonCount=gen0=3, gen1=2, gen2=2
Runtime.GC.GenSizesKb=gen0=69352.03, gen1=2162.23, gen2=3493.42
Runtime.GC.LargeObjectHeapSizeKb=3324.828
Runtime.GC.NumberOfInducedGCs=0.000
Runtime.GC.PercentOfTimeInGC=0.270
Runtime.GC.PromotedFinalizationMemoryFromGen0Kb=0.688
Runtime.GC.PromotedMemoryFromGen1Kb=3462.223
Runtime.GC.TotalMemoryKb=59240
Runtime.Memory.AvailableMemoryMb=7527
Runtime.Memory.TotalPhysicalMemoryMb=16384
Runtime.Threads.AsynchAgent.Messaging.GatewayClientReceiver.Current=1
Runtime.Threads.AsynchAgent.Messaging.GatewayConnection.Current=1
Runtime.Threads.AsynchAgent.TotalThreadsCreated.Current=2
Serialization.BufferPool.AllocatedBuffers.Current=250
Serialization.BufferPool.BuffersInPool=217
Serialization.BufferPool.CheckedInBuffers.Current=282,      Delta=15
Serialization.BufferPool.CheckedOutBuffers.Current=315,      Delta=15
Serialization.BufferPool.DroppedBuffers.Current=0
Serialization.BufferPool.DroppedTooLargeBuffers.Current=0
Serialization.BufferPool.InUse.AllocatedAndNotInPool_Buffers=33
Serialization.BufferPool.InUse.CheckedOutAndNotCheckedIn_Buffers=33
	
